
*** Running vivado
    with args -log design_1_wrapper.vds -m64 -product Vivado -mode batch -messageDb vivado.pb -notrace -source design_1_wrapper.tcl


****** Vivado v2025.1 (64-bit)
  **** SW Build 6140274 on Wed May 21 22:58:25 MDT 2025
  **** IP Build 6138677 on Thu May 22 03:10:11 MDT 2025
  **** SharedData Build 6139179 on Tue May 20 17:58:58 MDT 2025
  **** Start of session at: Sun Apr  5 22:10:46 2026
    ** Copyright 1986-2022 Xilinx, Inc. All Rights Reserved.
    ** Copyright 2022-2025 Advanced Micro Devices, Inc. All Rights Reserved.

source design_1_wrapper.tcl -notrace
INFO: [IP_Flow 19-234] Refreshing IP repositories
INFO: [IP_Flow 19-1704] No user IP repositories specified
INFO: [IP_Flow 19-2313] Loaded Vivado IP repository '/home/paxl/InstalledTools/Vivado/2025.1/2025.1/Vivado/data/ip'.
Command: read_checkpoint -auto_incremental -incremental /home/paxl/Projects/Licenta/Vivado/AXI_DMA_AND_BRAM/AXI_DMA_TEST/AXI_DMA_TEST.srcs/utils_1/imports/synth_1/design_1_wrapper.dcp
INFO: [Vivado 12-5825] Read reference checkpoint from /home/paxl/Projects/Licenta/Vivado/AXI_DMA_AND_BRAM/AXI_DMA_TEST/AXI_DMA_TEST.srcs/utils_1/imports/synth_1/design_1_wrapper.dcp for incremental synthesis
INFO: [Vivado 12-7989] Please ensure there are no constraint changes
Command: synth_design -top design_1_wrapper -part xc7z020clg400-1
Starting synth_design
Attempting to get a license for feature 'Synthesis' and/or device 'xc7z020'
INFO: [Common 17-349] Got license for feature 'Synthesis' and/or device 'xc7z020'
INFO: [Device 21-403] Loading part xc7z020clg400-1
INFO: [Designutils 20-5440] No compile time benefit to using incremental synthesis; A full resynthesis will be run
INFO: [Designutils 20-4379] Flow is switching to default flow due to incremental criteria not met. If you would like to alter this behaviour and have the flow terminate instead, please set the following parameter config_implementation {autoIncr.Synth.RejectBehavior Terminate}
INFO: [Synth 8-7079] Multithreading enabled for synth_design using a maximum of 7 processes.
INFO: [Synth 8-7078] Launching helper process for spawning children vivado processes
INFO: [Synth 8-7075] Helper process launched with PID 685575
---------------------------------------------------------------------------------
Starting RTL Elaboration : Time (s): cpu = 00:00:04 ; elapsed = 00:00:04 . Memory (MB): peak = 2197.574 ; gain = 441.797 ; free physical = 3936 ; free virtual = 13002
---------------------------------------------------------------------------------
INFO: [Synth 8-6157] synthesizing module 'design_1_wrapper' [/home/paxl/Projects/Licenta/Vivado/AXI_DMA_AND_BRAM/AXI_DMA_TEST/AXI_DMA_TEST.gen/sources_1/bd/design_1/hdl/design_1_wrapper.v:13]
INFO: [Synth 8-6157] synthesizing module 'design_1' [/home/paxl/Projects/Licenta/Vivado/AXI_DMA_AND_BRAM/AXI_DMA_TEST/AXI_DMA_TEST.gen/sources_1/bd/design_1/synth/design_1.v:13]
INFO: [Synth 8-6157] synthesizing module 'design_1_AXI_Master_SendData_0_0' [/home/paxl/Projects/Licenta/Vivado/AXI_DMA_AND_BRAM/AXI_DMA_TEST/AXI_DMA_TEST.runs/synth_1/.Xil/Vivado-685413-Acer-Nitro5/realtime/design_1_AXI_Master_SendData_0_0_stub.v:6]
INFO: [Synth 8-6155] done synthesizing module 'design_1_AXI_Master_SendData_0_0' (0#1) [/home/paxl/Projects/Licenta/Vivado/AXI_DMA_AND_BRAM/AXI_DMA_TEST/AXI_DMA_TEST.runs/synth_1/.Xil/Vivado-685413-Acer-Nitro5/realtime/design_1_AXI_Master_SendData_0_0_stub.v:6]
INFO: [Synth 8-6157] synthesizing module 'design_1_AXI_Slave_ReciveData_0_0' [/home/paxl/Projects/Licenta/Vivado/AXI_DMA_AND_BRAM/AXI_DMA_TEST/AXI_DMA_TEST.runs/synth_1/.Xil/Vivado-685413-Acer-Nitro5/realtime/design_1_AXI_Slave_ReciveData_0_0_stub.v:6]
INFO: [Synth 8-6155] done synthesizing module 'design_1_AXI_Slave_ReciveData_0_0' (0#1) [/home/paxl/Projects/Licenta/Vivado/AXI_DMA_AND_BRAM/AXI_DMA_TEST/AXI_DMA_TEST.runs/synth_1/.Xil/Vivado-685413-Acer-Nitro5/realtime/design_1_AXI_Slave_ReciveData_0_0_stub.v:6]
INFO: [Synth 8-6157] synthesizing module 'design_1_RuleChecker_0_0' [/home/paxl/Projects/Licenta/Vivado/AXI_DMA_AND_BRAM/AXI_DMA_TEST/AXI_DMA_TEST.runs/synth_1/.Xil/Vivado-685413-Acer-Nitro5/realtime/design_1_RuleChecker_0_0_stub.v:6]
INFO: [Synth 8-6155] done synthesizing module 'design_1_RuleChecker_0_0' (0#1) [/home/paxl/Projects/Licenta/Vivado/AXI_DMA_AND_BRAM/AXI_DMA_TEST/AXI_DMA_TEST.runs/synth_1/.Xil/Vivado-685413-Acer-Nitro5/realtime/design_1_RuleChecker_0_0_stub.v:6]
INFO: [Synth 8-6157] synthesizing module 'design_1_axi_bram_ctrl_0_0' [/home/paxl/Projects/Licenta/Vivado/AXI_DMA_AND_BRAM/AXI_DMA_TEST/AXI_DMA_TEST.runs/synth_1/.Xil/Vivado-685413-Acer-Nitro5/realtime/design_1_axi_bram_ctrl_0_0_stub.v:6]
INFO: [Synth 8-6155] done synthesizing module 'design_1_axi_bram_ctrl_0_0' (0#1) [/home/paxl/Projects/Licenta/Vivado/AXI_DMA_AND_BRAM/AXI_DMA_TEST/AXI_DMA_TEST.runs/synth_1/.Xil/Vivado-685413-Acer-Nitro5/realtime/design_1_axi_bram_ctrl_0_0_stub.v:6]
WARNING: [Synth 8-7071] port 'bram_rst_a' of module 'design_1_axi_bram_ctrl_0_0' is unconnected for instance 'axi_bram_ctrl_0' [/home/paxl/Projects/Licenta/Vivado/AXI_DMA_AND_BRAM/AXI_DMA_TEST/AXI_DMA_TEST.gen/sources_1/bd/design_1/synth/design_1.v:401]
WARNING: [Synth 8-7023] instance 'axi_bram_ctrl_0' of module 'design_1_axi_bram_ctrl_0_0' has 40 connections declared, but only 39 given [/home/paxl/Projects/Licenta/Vivado/AXI_DMA_AND_BRAM/AXI_DMA_TEST/AXI_DMA_TEST.gen/sources_1/bd/design_1/synth/design_1.v:401]
INFO: [Synth 8-6157] synthesizing module 'design_1_axi_dma_0_0' [/home/paxl/Projects/Licenta/Vivado/AXI_DMA_AND_BRAM/AXI_DMA_TEST/AXI_DMA_TEST.runs/synth_1/.Xil/Vivado-685413-Acer-Nitro5/realtime/design_1_axi_dma_0_0_stub.v:6]
INFO: [Synth 8-6155] done synthesizing module 'design_1_axi_dma_0_0' (0#1) [/home/paxl/Projects/Licenta/Vivado/AXI_DMA_AND_BRAM/AXI_DMA_TEST/AXI_DMA_TEST.runs/synth_1/.Xil/Vivado-685413-Acer-Nitro5/realtime/design_1_axi_dma_0_0_stub.v:6]
WARNING: [Synth 8-7071] port 'mm2s_prmry_reset_out_n' of module 'design_1_axi_dma_0_0' is unconnected for instance 'axi_dma_0' [/home/paxl/Projects/Licenta/Vivado/AXI_DMA_AND_BRAM/AXI_DMA_TEST/AXI_DMA_TEST.gen/sources_1/bd/design_1/synth/design_1.v:441]
WARNING: [Synth 8-7071] port 's2mm_prmry_reset_out_n' of module 'design_1_axi_dma_0_0' is unconnected for instance 'axi_dma_0' [/home/paxl/Projects/Licenta/Vivado/AXI_DMA_AND_BRAM/AXI_DMA_TEST/AXI_DMA_TEST.gen/sources_1/bd/design_1/synth/design_1.v:441]
WARNING: [Synth 8-7071] port 'axi_dma_tstvec' of module 'design_1_axi_dma_0_0' is unconnected for instance 'axi_dma_0' [/home/paxl/Projects/Licenta/Vivado/AXI_DMA_AND_BRAM/AXI_DMA_TEST/AXI_DMA_TEST.gen/sources_1/bd/design_1/synth/design_1.v:441]
WARNING: [Synth 8-7023] instance 'axi_dma_0' of module 'design_1_axi_dma_0_0' has 64 connections declared, but only 61 given [/home/paxl/Projects/Licenta/Vivado/AXI_DMA_AND_BRAM/AXI_DMA_TEST/AXI_DMA_TEST.gen/sources_1/bd/design_1/synth/design_1.v:441]
INFO: [Synth 8-6157] synthesizing module 'design_1_axi_gpio_0_0' [/home/paxl/Projects/Licenta/Vivado/AXI_DMA_AND_BRAM/AXI_DMA_TEST/AXI_DMA_TEST.runs/synth_1/.Xil/Vivado-685413-Acer-Nitro5/realtime/design_1_axi_gpio_0_0_stub.v:6]
INFO: [Synth 8-6155] done synthesizing module 'design_1_axi_gpio_0_0' (0#1) [/home/paxl/Projects/Licenta/Vivado/AXI_DMA_AND_BRAM/AXI_DMA_TEST/AXI_DMA_TEST.runs/synth_1/.Xil/Vivado-685413-Acer-Nitro5/realtime/design_1_axi_gpio_0_0_stub.v:6]
INFO: [Synth 8-6157] synthesizing module 'design_1_axi_gpio_1_0' [/home/paxl/Projects/Licenta/Vivado/AXI_DMA_AND_BRAM/AXI_DMA_TEST/AXI_DMA_TEST.runs/synth_1/.Xil/Vivado-685413-Acer-Nitro5/realtime/design_1_axi_gpio_1_0_stub.v:6]
INFO: [Synth 8-6155] done synthesizing module 'design_1_axi_gpio_1_0' (0#1) [/home/paxl/Projects/Licenta/Vivado/AXI_DMA_AND_BRAM/AXI_DMA_TEST/AXI_DMA_TEST.runs/synth_1/.Xil/Vivado-685413-Acer-Nitro5/realtime/design_1_axi_gpio_1_0_stub.v:6]
INFO: [Synth 8-6157] synthesizing module 'design_1_axi_smc_0' [/home/paxl/Projects/Licenta/Vivado/AXI_DMA_AND_BRAM/AXI_DMA_TEST/AXI_DMA_TEST.runs/synth_1/.Xil/Vivado-685413-Acer-Nitro5/realtime/design_1_axi_smc_0_stub.v:6]
INFO: [Synth 8-6155] done synthesizing module 'design_1_axi_smc_0' (0#1) [/home/paxl/Projects/Licenta/Vivado/AXI_DMA_AND_BRAM/AXI_DMA_TEST/AXI_DMA_TEST.runs/synth_1/.Xil/Vivado-685413-Acer-Nitro5/realtime/design_1_axi_smc_0_stub.v:6]
WARNING: [Synth 8-7071] port 'M00_AXI_awprot' of module 'design_1_axi_smc_0' is unconnected for instance 'axi_smc' [/home/paxl/Projects/Licenta/Vivado/AXI_DMA_AND_BRAM/AXI_DMA_TEST/AXI_DMA_TEST.gen/sources_1/bd/design_1/synth/design_1.v:546]
WARNING: [Synth 8-7071] port 'M00_AXI_wstrb' of module 'design_1_axi_smc_0' is unconnected for instance 'axi_smc' [/home/paxl/Projects/Licenta/Vivado/AXI_DMA_AND_BRAM/AXI_DMA_TEST/AXI_DMA_TEST.gen/sources_1/bd/design_1/synth/design_1.v:546]
WARNING: [Synth 8-7071] port 'M00_AXI_arprot' of module 'design_1_axi_smc_0' is unconnected for instance 'axi_smc' [/home/paxl/Projects/Licenta/Vivado/AXI_DMA_AND_BRAM/AXI_DMA_TEST/AXI_DMA_TEST.gen/sources_1/bd/design_1/synth/design_1.v:546]
WARNING: [Synth 8-7071] port 'M01_AXI_awqos' of module 'design_1_axi_smc_0' is unconnected for instance 'axi_smc' [/home/paxl/Projects/Licenta/Vivado/AXI_DMA_AND_BRAM/AXI_DMA_TEST/AXI_DMA_TEST.gen/sources_1/bd/design_1/synth/design_1.v:546]
WARNING: [Synth 8-7071] port 'M01_AXI_arqos' of module 'design_1_axi_smc_0' is unconnected for instance 'axi_smc' [/home/paxl/Projects/Licenta/Vivado/AXI_DMA_AND_BRAM/AXI_DMA_TEST/AXI_DMA_TEST.gen/sources_1/bd/design_1/synth/design_1.v:546]
WARNING: [Synth 8-7071] port 'M02_AXI_awprot' of module 'design_1_axi_smc_0' is unconnected for instance 'axi_smc' [/home/paxl/Projects/Licenta/Vivado/AXI_DMA_AND_BRAM/AXI_DMA_TEST/AXI_DMA_TEST.gen/sources_1/bd/design_1/synth/design_1.v:546]
WARNING: [Synth 8-7071] port 'M02_AXI_arprot' of module 'design_1_axi_smc_0' is unconnected for instance 'axi_smc' [/home/paxl/Projects/Licenta/Vivado/AXI_DMA_AND_BRAM/AXI_DMA_TEST/AXI_DMA_TEST.gen/sources_1/bd/design_1/synth/design_1.v:546]
WARNING: [Synth 8-7071] port 'M03_AXI_awprot' of module 'design_1_axi_smc_0' is unconnected for instance 'axi_smc' [/home/paxl/Projects/Licenta/Vivado/AXI_DMA_AND_BRAM/AXI_DMA_TEST/AXI_DMA_TEST.gen/sources_1/bd/design_1/synth/design_1.v:546]
WARNING: [Synth 8-7071] port 'M03_AXI_arprot' of module 'design_1_axi_smc_0' is unconnected for instance 'axi_smc' [/home/paxl/Projects/Licenta/Vivado/AXI_DMA_AND_BRAM/AXI_DMA_TEST/AXI_DMA_TEST.gen/sources_1/bd/design_1/synth/design_1.v:546]
WARNING: [Synth 8-7023] instance 'axi_smc' of module 'design_1_axi_smc_0' has 130 connections declared, but only 121 given [/home/paxl/Projects/Licenta/Vivado/AXI_DMA_AND_BRAM/AXI_DMA_TEST/AXI_DMA_TEST.gen/sources_1/bd/design_1/synth/design_1.v:546]
INFO: [Synth 8-6157] synthesizing module 'design_1_axis_data_fifo_0_0' [/home/paxl/Projects/Licenta/Vivado/AXI_DMA_AND_BRAM/AXI_DMA_TEST/AXI_DMA_TEST.runs/synth_1/.Xil/Vivado-685413-Acer-Nitro5/realtime/design_1_axis_data_fifo_0_0_stub.v:6]
INFO: [Synth 8-6155] done synthesizing module 'design_1_axis_data_fifo_0_0' (0#1) [/home/paxl/Projects/Licenta/Vivado/AXI_DMA_AND_BRAM/AXI_DMA_TEST/AXI_DMA_TEST.runs/synth_1/.Xil/Vivado-685413-Acer-Nitro5/realtime/design_1_axis_data_fifo_0_0_stub.v:6]
WARNING: [Synth 8-7071] port 'm_axis_tkeep' of module 'design_1_axis_data_fifo_0_0' is unconnected for instance 'axis_data_fifo_0' [/home/paxl/Projects/Licenta/Vivado/AXI_DMA_AND_BRAM/AXI_DMA_TEST/AXI_DMA_TEST.gen/sources_1/bd/design_1/synth/design_1.v:668]
WARNING: [Synth 8-7023] instance 'axis_data_fifo_0' of module 'design_1_axis_data_fifo_0_0' has 12 connections declared, but only 11 given [/home/paxl/Projects/Licenta/Vivado/AXI_DMA_AND_BRAM/AXI_DMA_TEST/AXI_DMA_TEST.gen/sources_1/bd/design_1/synth/design_1.v:668]
INFO: [Synth 8-6157] synthesizing module 'design_1_axis_data_fifo_1_0' [/home/paxl/Projects/Licenta/Vivado/AXI_DMA_AND_BRAM/AXI_DMA_TEST/AXI_DMA_TEST.runs/synth_1/.Xil/Vivado-685413-Acer-Nitro5/realtime/design_1_axis_data_fifo_1_0_stub.v:6]
INFO: [Synth 8-6155] done synthesizing module 'design_1_axis_data_fifo_1_0' (0#1) [/home/paxl/Projects/Licenta/Vivado/AXI_DMA_AND_BRAM/AXI_DMA_TEST/AXI_DMA_TEST.runs/synth_1/.Xil/Vivado-685413-Acer-Nitro5/realtime/design_1_axis_data_fifo_1_0_stub.v:6]
INFO: [Synth 8-6157] synthesizing module 'design_1_blk_mem_gen_0_0' [/home/paxl/Projects/Licenta/Vivado/AXI_DMA_AND_BRAM/AXI_DMA_TEST/AXI_DMA_TEST.runs/synth_1/.Xil/Vivado-685413-Acer-Nitro5/realtime/design_1_blk_mem_gen_0_0_stub.v:6]
INFO: [Synth 8-6155] done synthesizing module 'design_1_blk_mem_gen_0_0' (0#1) [/home/paxl/Projects/Licenta/Vivado/AXI_DMA_AND_BRAM/AXI_DMA_TEST/AXI_DMA_TEST.runs/synth_1/.Xil/Vivado-685413-Acer-Nitro5/realtime/design_1_blk_mem_gen_0_0_stub.v:6]
INFO: [Synth 8-6157] synthesizing module 'design_1_processing_system7_0_0' [/home/paxl/Projects/Licenta/Vivado/AXI_DMA_AND_BRAM/AXI_DMA_TEST/AXI_DMA_TEST.runs/synth_1/.Xil/Vivado-685413-Acer-Nitro5/realtime/design_1_processing_system7_0_0_stub.v:6]
INFO: [Synth 8-6155] done synthesizing module 'design_1_processing_system7_0_0' (0#1) [/home/paxl/Projects/Licenta/Vivado/AXI_DMA_AND_BRAM/AXI_DMA_TEST/AXI_DMA_TEST.runs/synth_1/.Xil/Vivado-685413-Acer-Nitro5/realtime/design_1_processing_system7_0_0_stub.v:6]
WARNING: [Synth 8-7071] port 'SPI1_SCLK_T' of module 'design_1_processing_system7_0_0' is unconnected for instance 'processing_system7_0' [/home/paxl/Projects/Licenta/Vivado/AXI_DMA_AND_BRAM/AXI_DMA_TEST/AXI_DMA_TEST.gen/sources_1/bd/design_1/synth/design_1.v:707]
WARNING: [Synth 8-7071] port 'SPI1_MOSI_T' of module 'design_1_processing_system7_0_0' is unconnected for instance 'processing_system7_0' [/home/paxl/Projects/Licenta/Vivado/AXI_DMA_AND_BRAM/AXI_DMA_TEST/AXI_DMA_TEST.gen/sources_1/bd/design_1/synth/design_1.v:707]
WARNING: [Synth 8-7071] port 'SPI1_MISO_O' of module 'design_1_processing_system7_0_0' is unconnected for instance 'processing_system7_0' [/home/paxl/Projects/Licenta/Vivado/AXI_DMA_AND_BRAM/AXI_DMA_TEST/AXI_DMA_TEST.gen/sources_1/bd/design_1/synth/design_1.v:707]
WARNING: [Synth 8-7071] port 'SPI1_MISO_T' of module 'design_1_processing_system7_0_0' is unconnected for instance 'processing_system7_0' [/home/paxl/Projects/Licenta/Vivado/AXI_DMA_AND_BRAM/AXI_DMA_TEST/AXI_DMA_TEST.gen/sources_1/bd/design_1/synth/design_1.v:707]
WARNING: [Synth 8-7071] port 'SPI1_SS1_O' of module 'design_1_processing_system7_0_0' is unconnected for instance 'processing_system7_0' [/home/paxl/Projects/Licenta/Vivado/AXI_DMA_AND_BRAM/AXI_DMA_TEST/AXI_DMA_TEST.gen/sources_1/bd/design_1/synth/design_1.v:707]
WARNING: [Synth 8-7071] port 'SPI1_SS2_O' of module 'design_1_processing_system7_0_0' is unconnected for instance 'processing_system7_0' [/home/paxl/Projects/Licenta/Vivado/AXI_DMA_AND_BRAM/AXI_DMA_TEST/AXI_DMA_TEST.gen/sources_1/bd/design_1/synth/design_1.v:707]
WARNING: [Synth 8-7071] port 'SPI1_SS_T' of module 'design_1_processing_system7_0_0' is unconnected for instance 'processing_system7_0' [/home/paxl/Projects/Licenta/Vivado/AXI_DMA_AND_BRAM/AXI_DMA_TEST/AXI_DMA_TEST.gen/sources_1/bd/design_1/synth/design_1.v:707]
WARNING: [Synth 8-7071] port 'USB0_PORT_INDCTL' of module 'design_1_processing_system7_0_0' is unconnected for instance 'processing_system7_0' [/home/paxl/Projects/Licenta/Vivado/AXI_DMA_AND_BRAM/AXI_DMA_TEST/AXI_DMA_TEST.gen/sources_1/bd/design_1/synth/design_1.v:707]
WARNING: [Synth 8-7071] port 'USB0_VBUS_PWRSELECT' of module 'design_1_processing_system7_0_0' is unconnected for instance 'processing_system7_0' [/home/paxl/Projects/Licenta/Vivado/AXI_DMA_AND_BRAM/AXI_DMA_TEST/AXI_DMA_TEST.gen/sources_1/bd/design_1/synth/design_1.v:707]
WARNING: [Synth 8-7071] port 'S_AXI_GP0_BID' of module 'design_1_processing_system7_0_0' is unconnected for instance 'processing_system7_0' [/home/paxl/Projects/Licenta/Vivado/AXI_DMA_AND_BRAM/AXI_DMA_TEST/AXI_DMA_TEST.gen/sources_1/bd/design_1/synth/design_1.v:707]
WARNING: [Synth 8-7071] port 'S_AXI_GP0_RID' of module 'design_1_processing_system7_0_0' is unconnected for instance 'processing_system7_0' [/home/paxl/Projects/Licenta/Vivado/AXI_DMA_AND_BRAM/AXI_DMA_TEST/AXI_DMA_TEST.gen/sources_1/bd/design_1/synth/design_1.v:707]
WARNING: [Synth 8-7071] port 'S_AXI_HP0_BID' of module 'design_1_processing_system7_0_0' is unconnected for instance 'processing_system7_0' [/home/paxl/Projects/Licenta/Vivado/AXI_DMA_AND_BRAM/AXI_DMA_TEST/AXI_DMA_TEST.gen/sources_1/bd/design_1/synth/design_1.v:707]
WARNING: [Synth 8-7071] port 'S_AXI_HP0_RID' of module 'design_1_processing_system7_0_0' is unconnected for instance 'processing_system7_0' [/home/paxl/Projects/Licenta/Vivado/AXI_DMA_AND_BRAM/AXI_DMA_TEST/AXI_DMA_TEST.gen/sources_1/bd/design_1/synth/design_1.v:707]
WARNING: [Synth 8-7071] port 'S_AXI_HP0_RCOUNT' of module 'design_1_processing_system7_0_0' is unconnected for instance 'processing_system7_0' [/home/paxl/Projects/Licenta/Vivado/AXI_DMA_AND_BRAM/AXI_DMA_TEST/AXI_DMA_TEST.gen/sources_1/bd/design_1/synth/design_1.v:707]
WARNING: [Synth 8-7071] port 'S_AXI_HP0_WCOUNT' of module 'design_1_processing_system7_0_0' is unconnected for instance 'processing_system7_0' [/home/paxl/Projects/Licenta/Vivado/AXI_DMA_AND_BRAM/AXI_DMA_TEST/AXI_DMA_TEST.gen/sources_1/bd/design_1/synth/design_1.v:707]
WARNING: [Synth 8-7071] port 'S_AXI_HP0_RACOUNT' of module 'design_1_processing_system7_0_0' is unconnected for instance 'processing_system7_0' [/home/paxl/Projects/Licenta/Vivado/AXI_DMA_AND_BRAM/AXI_DMA_TEST/AXI_DMA_TEST.gen/sources_1/bd/design_1/synth/design_1.v:707]
WARNING: [Synth 8-7071] port 'S_AXI_HP0_WACOUNT' of module 'design_1_processing_system7_0_0' is unconnected for instance 'processing_system7_0' [/home/paxl/Projects/Licenta/Vivado/AXI_DMA_AND_BRAM/AXI_DMA_TEST/AXI_DMA_TEST.gen/sources_1/bd/design_1/synth/design_1.v:707]
WARNING: [Synth 8-7023] instance 'processing_system7_0' of module 'design_1_processing_system7_0_0' has 164 connections declared, but only 147 given [/home/paxl/Projects/Licenta/Vivado/AXI_DMA_AND_BRAM/AXI_DMA_TEST/AXI_DMA_TEST.gen/sources_1/bd/design_1/synth/design_1.v:707]
INFO: [Synth 8-6157] synthesizing module 'design_1_rst_ps7_0_100M_0' [/home/paxl/Projects/Licenta/Vivado/AXI_DMA_AND_BRAM/AXI_DMA_TEST/AXI_DMA_TEST.runs/synth_1/.Xil/Vivado-685413-Acer-Nitro5/realtime/design_1_rst_ps7_0_100M_0_stub.v:6]
INFO: [Synth 8-6155] done synthesizing module 'design_1_rst_ps7_0_100M_0' (0#1) [/home/paxl/Projects/Licenta/Vivado/AXI_DMA_AND_BRAM/AXI_DMA_TEST/AXI_DMA_TEST.runs/synth_1/.Xil/Vivado-685413-Acer-Nitro5/realtime/design_1_rst_ps7_0_100M_0_stub.v:6]
WARNING: [Synth 8-7071] port 'mb_reset' of module 'design_1_rst_ps7_0_100M_0' is unconnected for instance 'rst_ps7_0_100M' [/home/paxl/Projects/Licenta/Vivado/AXI_DMA_AND_BRAM/AXI_DMA_TEST/AXI_DMA_TEST.gen/sources_1/bd/design_1/synth/design_1.v:855]
WARNING: [Synth 8-7071] port 'bus_struct_reset' of module 'design_1_rst_ps7_0_100M_0' is unconnected for instance 'rst_ps7_0_100M' [/home/paxl/Projects/Licenta/Vivado/AXI_DMA_AND_BRAM/AXI_DMA_TEST/AXI_DMA_TEST.gen/sources_1/bd/design_1/synth/design_1.v:855]
WARNING: [Synth 8-7071] port 'peripheral_reset' of module 'design_1_rst_ps7_0_100M_0' is unconnected for instance 'rst_ps7_0_100M' [/home/paxl/Projects/Licenta/Vivado/AXI_DMA_AND_BRAM/AXI_DMA_TEST/AXI_DMA_TEST.gen/sources_1/bd/design_1/synth/design_1.v:855]
WARNING: [Synth 8-7071] port 'interconnect_aresetn' of module 'design_1_rst_ps7_0_100M_0' is unconnected for instance 'rst_ps7_0_100M' [/home/paxl/Projects/Licenta/Vivado/AXI_DMA_AND_BRAM/AXI_DMA_TEST/AXI_DMA_TEST.gen/sources_1/bd/design_1/synth/design_1.v:855]
WARNING: [Synth 8-7023] instance 'rst_ps7_0_100M' of module 'design_1_rst_ps7_0_100M_0' has 10 connections declared, but only 6 given [/home/paxl/Projects/Licenta/Vivado/AXI_DMA_AND_BRAM/AXI_DMA_TEST/AXI_DMA_TEST.gen/sources_1/bd/design_1/synth/design_1.v:855]
INFO: [Synth 8-6157] synthesizing module 'design_1_smartconnect_0_0' [/home/paxl/Projects/Licenta/Vivado/AXI_DMA_AND_BRAM/AXI_DMA_TEST/AXI_DMA_TEST.runs/synth_1/.Xil/Vivado-685413-Acer-Nitro5/realtime/design_1_smartconnect_0_0_stub.v:6]
INFO: [Synth 8-6155] done synthesizing module 'design_1_smartconnect_0_0' (0#1) [/home/paxl/Projects/Licenta/Vivado/AXI_DMA_AND_BRAM/AXI_DMA_TEST/AXI_DMA_TEST.runs/synth_1/.Xil/Vivado-685413-Acer-Nitro5/realtime/design_1_smartconnect_0_0_stub.v:6]
WARNING: [Synth 8-4446] all outputs are unconnected for this instance and logic may be removed [/home/paxl/Projects/Licenta/Vivado/AXI_DMA_AND_BRAM/AXI_DMA_TEST/AXI_DMA_TEST.gen/sources_1/bd/design_1/synth/design_1.v:964]
INFO: [Synth 8-6157] synthesizing module 'design_1_system_ila_1_1' [/home/paxl/Projects/Licenta/Vivado/AXI_DMA_AND_BRAM/AXI_DMA_TEST/AXI_DMA_TEST.runs/synth_1/.Xil/Vivado-685413-Acer-Nitro5/realtime/design_1_system_ila_1_1_stub.v:6]
INFO: [Synth 8-6155] done synthesizing module 'design_1_system_ila_1_1' (0#1) [/home/paxl/Projects/Licenta/Vivado/AXI_DMA_AND_BRAM/AXI_DMA_TEST/AXI_DMA_TEST.runs/synth_1/.Xil/Vivado-685413-Acer-Nitro5/realtime/design_1_system_ila_1_1_stub.v:6]
INFO: [Synth 8-6155] done synthesizing module 'design_1' (0#1) [/home/paxl/Projects/Licenta/Vivado/AXI_DMA_AND_BRAM/AXI_DMA_TEST/AXI_DMA_TEST.gen/sources_1/bd/design_1/synth/design_1.v:13]
INFO: [Synth 8-6155] done synthesizing module 'design_1_wrapper' (0#1) [/home/paxl/Projects/Licenta/Vivado/AXI_DMA_AND_BRAM/AXI_DMA_TEST/AXI_DMA_TEST.gen/sources_1/bd/design_1/hdl/design_1_wrapper.v:13]
INFO: [Synth 8-6071] Mark debug on the nets applies keep_hierarchy on instance 'AXI_Slave_ReciveData_0'. This will prevent further optimization [/home/paxl/Projects/Licenta/Vivado/AXI_DMA_AND_BRAM/AXI_DMA_TEST/AXI_DMA_TEST.gen/sources_1/bd/design_1/synth/design_1.v:366]
INFO: [Synth 8-6071] Mark debug on the nets applies keep_hierarchy on instance 'system_ila_1'. This will prevent further optimization [/home/paxl/Projects/Licenta/Vivado/AXI_DMA_AND_BRAM/AXI_DMA_TEST/AXI_DMA_TEST.gen/sources_1/bd/design_1/synth/design_1.v:964]
INFO: [Synth 8-6071] Mark debug on the nets applies keep_hierarchy on instance 'RuleChecker_0'. This will prevent further optimization [/home/paxl/Projects/Licenta/Vivado/AXI_DMA_AND_BRAM/AXI_DMA_TEST/AXI_DMA_TEST.gen/sources_1/bd/design_1/synth/design_1.v:383]
INFO: [Synth 8-6071] Mark debug on the nets applies keep_hierarchy on instance 'blk_mem_gen_0'. This will prevent further optimization [/home/paxl/Projects/Licenta/Vivado/AXI_DMA_AND_BRAM/AXI_DMA_TEST/AXI_DMA_TEST.gen/sources_1/bd/design_1/synth/design_1.v:691]
---------------------------------------------------------------------------------
Finished RTL Elaboration : Time (s): cpu = 00:00:05 ; elapsed = 00:00:05 . Memory (MB): peak = 2281.512 ; gain = 525.734 ; free physical = 3867 ; free virtual = 12933
---------------------------------------------------------------------------------
---------------------------------------------------------------------------------
Start Handling Custom Attributes
---------------------------------------------------------------------------------
---------------------------------------------------------------------------------
Finished Handling Custom Attributes : Time (s): cpu = 00:00:05 ; elapsed = 00:00:05 . Memory (MB): peak = 2290.418 ; gain = 534.641 ; free physical = 3867 ; free virtual = 12933
---------------------------------------------------------------------------------
---------------------------------------------------------------------------------
Finished RTL Optimization Phase 1 : Time (s): cpu = 00:00:05 ; elapsed = 00:00:05 . Memory (MB): peak = 2290.418 ; gain = 534.641 ; free physical = 3867 ; free virtual = 12933
---------------------------------------------------------------------------------
Netlist sorting complete. Time (s): cpu = 00:00:00.01 ; elapsed = 00:00:00.01 . Memory (MB): peak = 2290.418 ; gain = 0.000 ; free physical = 3867 ; free virtual = 12933
INFO: [Project 1-570] Preparing netlist for logic optimization

Processing XDC Constraints
Initializing timing engine
Parsing XDC File [/home/paxl/Projects/Licenta/Vivado/AXI_DMA_AND_BRAM/AXI_DMA_TEST/AXI_DMA_TEST.gen/sources_1/bd/design_1/ip/design_1_processing_system7_0_0/design_1_processing_system7_0_0/design_1_processing_system7_0_0_in_context.xdc] for cell 'design_1_i/processing_system7_0'
Finished Parsing XDC File [/home/paxl/Projects/Licenta/Vivado/AXI_DMA_AND_BRAM/AXI_DMA_TEST/AXI_DMA_TEST.gen/sources_1/bd/design_1/ip/design_1_processing_system7_0_0/design_1_processing_system7_0_0/design_1_processing_system7_0_0_in_context.xdc] for cell 'design_1_i/processing_system7_0'
Parsing XDC File [/home/paxl/Projects/Licenta/Vivado/AXI_DMA_AND_BRAM/AXI_DMA_TEST/AXI_DMA_TEST.gen/sources_1/bd/design_1/ip/design_1_axi_dma_0_0/design_1_axi_dma_0_0/design_1_axi_dma_0_0_in_context.xdc] for cell 'design_1_i/axi_dma_0'
Finished Parsing XDC File [/home/paxl/Projects/Licenta/Vivado/AXI_DMA_AND_BRAM/AXI_DMA_TEST/AXI_DMA_TEST.gen/sources_1/bd/design_1/ip/design_1_axi_dma_0_0/design_1_axi_dma_0_0/design_1_axi_dma_0_0_in_context.xdc] for cell 'design_1_i/axi_dma_0'
Parsing XDC File [/home/paxl/Projects/Licenta/Vivado/AXI_DMA_AND_BRAM/AXI_DMA_TEST/AXI_DMA_TEST.gen/sources_1/bd/design_1/ip/design_1_axi_smc_0/design_1_axi_smc_0/design_1_axi_smc_0_in_context.xdc] for cell 'design_1_i/axi_smc'
Finished Parsing XDC File [/home/paxl/Projects/Licenta/Vivado/AXI_DMA_AND_BRAM/AXI_DMA_TEST/AXI_DMA_TEST.gen/sources_1/bd/design_1/ip/design_1_axi_smc_0/design_1_axi_smc_0/design_1_axi_smc_0_in_context.xdc] for cell 'design_1_i/axi_smc'
Parsing XDC File [/home/paxl/Projects/Licenta/Vivado/AXI_DMA_AND_BRAM/AXI_DMA_TEST/AXI_DMA_TEST.gen/sources_1/bd/design_1/ip/design_1_rst_ps7_0_100M_0/design_1_rst_ps7_0_100M_0/design_1_rst_ps7_0_100M_0_in_context.xdc] for cell 'design_1_i/rst_ps7_0_100M'
Finished Parsing XDC File [/home/paxl/Projects/Licenta/Vivado/AXI_DMA_AND_BRAM/AXI_DMA_TEST/AXI_DMA_TEST.gen/sources_1/bd/design_1/ip/design_1_rst_ps7_0_100M_0/design_1_rst_ps7_0_100M_0/design_1_rst_ps7_0_100M_0_in_context.xdc] for cell 'design_1_i/rst_ps7_0_100M'
Parsing XDC File [/home/paxl/Projects/Licenta/Vivado/AXI_DMA_AND_BRAM/AXI_DMA_TEST/AXI_DMA_TEST.gen/sources_1/bd/design_1/ip/design_1_smartconnect_0_0/design_1_smartconnect_0_0/design_1_smartconnect_0_0_in_context.xdc] for cell 'design_1_i/smartconnect_0'
Finished Parsing XDC File [/home/paxl/Projects/Licenta/Vivado/AXI_DMA_AND_BRAM/AXI_DMA_TEST/AXI_DMA_TEST.gen/sources_1/bd/design_1/ip/design_1_smartconnect_0_0/design_1_smartconnect_0_0/design_1_smartconnect_0_0_in_context.xdc] for cell 'design_1_i/smartconnect_0'
Parsing XDC File [/home/paxl/Projects/Licenta/Vivado/AXI_DMA_AND_BRAM/AXI_DMA_TEST/AXI_DMA_TEST.gen/sources_1/bd/design_1/ip/design_1_AXI_Slave_ReciveData_0_0/design_1_AXI_Slave_ReciveData_0_0/design_1_AXI_Slave_ReciveData_0_0_in_context.xdc] for cell 'design_1_i/AXI_Slave_ReciveData_0'
Finished Parsing XDC File [/home/paxl/Projects/Licenta/Vivado/AXI_DMA_AND_BRAM/AXI_DMA_TEST/AXI_DMA_TEST.gen/sources_1/bd/design_1/ip/design_1_AXI_Slave_ReciveData_0_0/design_1_AXI_Slave_ReciveData_0_0/design_1_AXI_Slave_ReciveData_0_0_in_context.xdc] for cell 'design_1_i/AXI_Slave_ReciveData_0'
Parsing XDC File [/home/paxl/Projects/Licenta/Vivado/AXI_DMA_AND_BRAM/AXI_DMA_TEST/AXI_DMA_TEST.gen/sources_1/bd/design_1/ip/design_1_RuleChecker_0_0/design_1_RuleChecker_0_0/design_1_RuleChecker_0_0_in_context.xdc] for cell 'design_1_i/RuleChecker_0'
Finished Parsing XDC File [/home/paxl/Projects/Licenta/Vivado/AXI_DMA_AND_BRAM/AXI_DMA_TEST/AXI_DMA_TEST.gen/sources_1/bd/design_1/ip/design_1_RuleChecker_0_0/design_1_RuleChecker_0_0/design_1_RuleChecker_0_0_in_context.xdc] for cell 'design_1_i/RuleChecker_0'
Parsing XDC File [/home/paxl/Projects/Licenta/Vivado/AXI_DMA_AND_BRAM/AXI_DMA_TEST/AXI_DMA_TEST.gen/sources_1/bd/design_1/ip/design_1_axi_bram_ctrl_0_0/design_1_axi_bram_ctrl_0_0/design_1_axi_bram_ctrl_0_0_in_context.xdc] for cell 'design_1_i/axi_bram_ctrl_0'
Finished Parsing XDC File [/home/paxl/Projects/Licenta/Vivado/AXI_DMA_AND_BRAM/AXI_DMA_TEST/AXI_DMA_TEST.gen/sources_1/bd/design_1/ip/design_1_axi_bram_ctrl_0_0/design_1_axi_bram_ctrl_0_0/design_1_axi_bram_ctrl_0_0_in_context.xdc] for cell 'design_1_i/axi_bram_ctrl_0'
Parsing XDC File [/home/paxl/Projects/Licenta/Vivado/AXI_DMA_AND_BRAM/AXI_DMA_TEST/AXI_DMA_TEST.gen/sources_1/bd/design_1/ip/design_1_blk_mem_gen_0_0/design_1_blk_mem_gen_0_0/design_1_blk_mem_gen_0_0_in_context.xdc] for cell 'design_1_i/blk_mem_gen_0'
Finished Parsing XDC File [/home/paxl/Projects/Licenta/Vivado/AXI_DMA_AND_BRAM/AXI_DMA_TEST/AXI_DMA_TEST.gen/sources_1/bd/design_1/ip/design_1_blk_mem_gen_0_0/design_1_blk_mem_gen_0_0/design_1_blk_mem_gen_0_0_in_context.xdc] for cell 'design_1_i/blk_mem_gen_0'
Parsing XDC File [/home/paxl/Projects/Licenta/Vivado/AXI_DMA_AND_BRAM/AXI_DMA_TEST/AXI_DMA_TEST.gen/sources_1/bd/design_1/ip/design_1_axis_data_fifo_0_0/design_1_axis_data_fifo_0_0/design_1_axis_data_fifo_0_0_in_context.xdc] for cell 'design_1_i/axis_data_fifo_0'
Finished Parsing XDC File [/home/paxl/Projects/Licenta/Vivado/AXI_DMA_AND_BRAM/AXI_DMA_TEST/AXI_DMA_TEST.gen/sources_1/bd/design_1/ip/design_1_axis_data_fifo_0_0/design_1_axis_data_fifo_0_0/design_1_axis_data_fifo_0_0_in_context.xdc] for cell 'design_1_i/axis_data_fifo_0'
Parsing XDC File [/home/paxl/Projects/Licenta/Vivado/AXI_DMA_AND_BRAM/AXI_DMA_TEST/AXI_DMA_TEST.gen/sources_1/bd/design_1/ip/design_1_axis_data_fifo_1_0/design_1_axis_data_fifo_1_0/design_1_axis_data_fifo_1_0_in_context.xdc] for cell 'design_1_i/axis_data_fifo_1'
Finished Parsing XDC File [/home/paxl/Projects/Licenta/Vivado/AXI_DMA_AND_BRAM/AXI_DMA_TEST/AXI_DMA_TEST.gen/sources_1/bd/design_1/ip/design_1_axis_data_fifo_1_0/design_1_axis_data_fifo_1_0/design_1_axis_data_fifo_1_0_in_context.xdc] for cell 'design_1_i/axis_data_fifo_1'
Parsing XDC File [/home/paxl/Projects/Licenta/Vivado/AXI_DMA_AND_BRAM/AXI_DMA_TEST/AXI_DMA_TEST.gen/sources_1/bd/design_1/ip/design_1_AXI_Master_SendData_0_0/design_1_AXI_Master_SendData_0_0/design_1_AXI_Master_SendData_0_0_in_context.xdc] for cell 'design_1_i/AXI_Master_SendData_0'
Finished Parsing XDC File [/home/paxl/Projects/Licenta/Vivado/AXI_DMA_AND_BRAM/AXI_DMA_TEST/AXI_DMA_TEST.gen/sources_1/bd/design_1/ip/design_1_AXI_Master_SendData_0_0/design_1_AXI_Master_SendData_0_0/design_1_AXI_Master_SendData_0_0_in_context.xdc] for cell 'design_1_i/AXI_Master_SendData_0'
Parsing XDC File [/home/paxl/Projects/Licenta/Vivado/AXI_DMA_AND_BRAM/AXI_DMA_TEST/AXI_DMA_TEST.gen/sources_1/bd/design_1/ip/design_1_axi_gpio_0_0/design_1_axi_gpio_0_0/design_1_axi_gpio_0_0_in_context.xdc] for cell 'design_1_i/axi_gpio_0'
Finished Parsing XDC File [/home/paxl/Projects/Licenta/Vivado/AXI_DMA_AND_BRAM/AXI_DMA_TEST/AXI_DMA_TEST.gen/sources_1/bd/design_1/ip/design_1_axi_gpio_0_0/design_1_axi_gpio_0_0/design_1_axi_gpio_0_0_in_context.xdc] for cell 'design_1_i/axi_gpio_0'
Parsing XDC File [/home/paxl/Projects/Licenta/Vivado/AXI_DMA_AND_BRAM/AXI_DMA_TEST/AXI_DMA_TEST.gen/sources_1/bd/design_1/ip/design_1_axi_gpio_1_0/design_1_axi_gpio_1_0/design_1_axi_gpio_0_0_in_context.xdc] for cell 'design_1_i/axi_gpio_1'
Finished Parsing XDC File [/home/paxl/Projects/Licenta/Vivado/AXI_DMA_AND_BRAM/AXI_DMA_TEST/AXI_DMA_TEST.gen/sources_1/bd/design_1/ip/design_1_axi_gpio_1_0/design_1_axi_gpio_1_0/design_1_axi_gpio_0_0_in_context.xdc] for cell 'design_1_i/axi_gpio_1'
Parsing XDC File [/home/paxl/Projects/Licenta/Vivado/AXI_DMA_AND_BRAM/AXI_DMA_TEST/AXI_DMA_TEST.gen/sources_1/bd/design_1/ip/design_1_system_ila_1_1/design_1_system_ila_1_1/design_1_system_ila_1_1_in_context.xdc] for cell 'design_1_i/system_ila_1'
Finished Parsing XDC File [/home/paxl/Projects/Licenta/Vivado/AXI_DMA_AND_BRAM/AXI_DMA_TEST/AXI_DMA_TEST.gen/sources_1/bd/design_1/ip/design_1_system_ila_1_1/design_1_system_ila_1_1/design_1_system_ila_1_1_in_context.xdc] for cell 'design_1_i/system_ila_1'
Parsing XDC File [/home/paxl/Projects/Licenta/Vivado/AXI_DMA_AND_BRAM/AXI_DMA_TEST/AXI_DMA_TEST.srcs/constrs_1/new/const.xdc]
Finished Parsing XDC File [/home/paxl/Projects/Licenta/Vivado/AXI_DMA_AND_BRAM/AXI_DMA_TEST/AXI_DMA_TEST.srcs/constrs_1/new/const.xdc]
INFO: [Project 1-236] Implementation specific constraints were found while reading constraint file [/home/paxl/Projects/Licenta/Vivado/AXI_DMA_AND_BRAM/AXI_DMA_TEST/AXI_DMA_TEST.srcs/constrs_1/new/const.xdc]. These constraints will be ignored for synthesis but will be used in implementation. Impacted constraints are listed in the file [.Xil/design_1_wrapper_propImpl.xdc].
Resolution: To avoid this warning, move constraints listed in [.Xil/design_1_wrapper_propImpl.xdc] to another XDC file and exclude this new file from synthesis with the used_in_synthesis property (File Properties dialog in GUI) and re-run elaboration/synthesis.
Parsing XDC File [/home/paxl/Projects/Licenta/Vivado/AXI_DMA_AND_BRAM/AXI_DMA_TEST/AXI_DMA_TEST.runs/synth_1/dont_touch.xdc]
Finished Parsing XDC File [/home/paxl/Projects/Licenta/Vivado/AXI_DMA_AND_BRAM/AXI_DMA_TEST/AXI_DMA_TEST.runs/synth_1/dont_touch.xdc]
Completed Processing XDC Constraints

Netlist sorting complete. Time (s): cpu = 00:00:00 ; elapsed = 00:00:00 . Memory (MB): peak = 2338.070 ; gain = 0.000 ; free physical = 3881 ; free virtual = 12948
INFO: [Project 1-111] Unisim Transformation Summary:
No Unisim elements were transformed.

Constraint Validation Runtime : Time (s): cpu = 00:00:00.01 ; elapsed = 00:00:00.01 . Memory (MB): peak = 2338.105 ; gain = 0.000 ; free physical = 3881 ; free virtual = 12948
WARNING: [Timing 38-316] Clock period '20.000' specified during out-of-context synthesis of instance 'design_1_i/blk_mem_gen_0' at clock pin 'clka' is different from the actual clock period '10.000', this can lead to different synthesis results.
INFO: [Designutils 20-5440] No compile time benefit to using incremental synthesis; A full resynthesis will be run
INFO: [Designutils 20-4379] Flow is switching to default flow due to incremental criteria not met. If you would like to alter this behaviour and have the flow terminate instead, please set the following parameter config_implementation {autoIncr.Synth.RejectBehavior Terminate}
---------------------------------------------------------------------------------
Finished Constraint Validation : Time (s): cpu = 00:00:11 ; elapsed = 00:00:11 . Memory (MB): peak = 2338.105 ; gain = 582.328 ; free physical = 4090 ; free virtual = 13004
---------------------------------------------------------------------------------
---------------------------------------------------------------------------------
Start Loading Part and Timing Information
---------------------------------------------------------------------------------
Loading part: xc7z020clg400-1
---------------------------------------------------------------------------------
Finished Loading Part and Timing Information : Time (s): cpu = 00:00:11 ; elapsed = 00:00:11 . Memory (MB): peak = 2346.074 ; gain = 590.297 ; free physical = 4090 ; free virtual = 13004
---------------------------------------------------------------------------------
---------------------------------------------------------------------------------
Start Applying 'set_property' XDC Constraints
---------------------------------------------------------------------------------
---------------------------------------------------------------------------------
Finished applying 'set_property' XDC Constraints : Time (s): cpu = 00:00:11 ; elapsed = 00:00:12 . Memory (MB): peak = 2346.074 ; gain = 590.297 ; free physical = 4090 ; free virtual = 13003
---------------------------------------------------------------------------------
---------------------------------------------------------------------------------
Finished RTL Optimization Phase 2 : Time (s): cpu = 00:00:12 ; elapsed = 00:00:12 . Memory (MB): peak = 2346.074 ; gain = 590.297 ; free physical = 4097 ; free virtual = 13011
---------------------------------------------------------------------------------
---------------------------------------------------------------------------------
Start RTL Component Statistics 
---------------------------------------------------------------------------------
Detailed RTL Component Info : 
---------------------------------------------------------------------------------
Finished RTL Component Statistics 
---------------------------------------------------------------------------------
---------------------------------------------------------------------------------
Start Part Resource Summary
---------------------------------------------------------------------------------
Part Resources:
DSPs: 220 (col length:60)
BRAMs: 280 (col length: RAMB18 60 RAMB36 30)
---------------------------------------------------------------------------------
Finished Part Resource Summary
---------------------------------------------------------------------------------
---------------------------------------------------------------------------------
Start Cross Boundary and Area Optimization
---------------------------------------------------------------------------------
WARNING: [Synth 8-7080] Parallel synthesis criteria is not met
---------------------------------------------------------------------------------
Finished Cross Boundary and Area Optimization : Time (s): cpu = 00:00:13 ; elapsed = 00:00:13 . Memory (MB): peak = 2346.074 ; gain = 590.297 ; free physical = 4109 ; free virtual = 13037
---------------------------------------------------------------------------------
---------------------------------------------------------------------------------
Start Applying XDC Timing Constraints
---------------------------------------------------------------------------------
---------------------------------------------------------------------------------
Finished Applying XDC Timing Constraints : Time (s): cpu = 00:00:18 ; elapsed = 00:00:19 . Memory (MB): peak = 2444.074 ; gain = 688.297 ; free physical = 4049 ; free virtual = 12982
---------------------------------------------------------------------------------
---------------------------------------------------------------------------------
Start Timing Optimization
---------------------------------------------------------------------------------
---------------------------------------------------------------------------------
Finished Timing Optimization : Time (s): cpu = 00:00:18 ; elapsed = 00:00:19 . Memory (MB): peak = 2445.074 ; gain = 689.297 ; free physical = 4049 ; free virtual = 12982
---------------------------------------------------------------------------------
---------------------------------------------------------------------------------
Start Technology Mapping
---------------------------------------------------------------------------------
---------------------------------------------------------------------------------
Finished Technology Mapping : Time (s): cpu = 00:00:18 ; elapsed = 00:00:19 . Memory (MB): peak = 2455.090 ; gain = 699.312 ; free physical = 4036 ; free virtual = 12969
---------------------------------------------------------------------------------
---------------------------------------------------------------------------------
Start IO Insertion
---------------------------------------------------------------------------------
---------------------------------------------------------------------------------
Start Flattening Before IO Insertion
---------------------------------------------------------------------------------
---------------------------------------------------------------------------------
Finished Flattening Before IO Insertion
---------------------------------------------------------------------------------
---------------------------------------------------------------------------------
Start Final Netlist Cleanup
---------------------------------------------------------------------------------
---------------------------------------------------------------------------------
Finished Final Netlist Cleanup
---------------------------------------------------------------------------------

*** Running vivado
    with args -log design_1_wrapper.vds -m64 -product Vivado -mode batch -messageDb vivado.pb -notrace -source design_1_wrapper.tcl


****** Vivado v2025.1 (64-bit)
  **** SW Build 6140274 on Wed May 21 22:58:25 MDT 2025
  **** IP Build 6138677 on Thu May 22 03:10:11 MDT 2025
  **** SharedData Build 6139179 on Tue May 20 17:58:58 MDT 2025
  **** Start of session at: Sun Apr  5 22:12:33 2026
    ** Copyright 1986-2022 Xilinx, Inc. All Rights Reserved.
    ** Copyright 2022-2025 Advanced Micro Devices, Inc. All Rights Reserved.

source design_1_wrapper.tcl -notrace
INFO: [IP_Flow 19-234] Refreshing IP repositories
INFO: [IP_Flow 19-1704] No user IP repositories specified
INFO: [IP_Flow 19-2313] Loaded Vivado IP repository '/home/paxl/InstalledTools/Vivado/2025.1/2025.1/Vivado/data/ip'.
Command: read_checkpoint -auto_incremental -incremental /home/paxl/Projects/Licenta/Vivado/AXI_DMA_AND_BRAM/AXI_DMA_TEST/AXI_DMA_TEST.srcs/utils_1/imports/synth_1/design_1_wrapper.dcp
INFO: [Vivado 12-5825] Read reference checkpoint from /home/paxl/Projects/Licenta/Vivado/AXI_DMA_AND_BRAM/AXI_DMA_TEST/AXI_DMA_TEST.srcs/utils_1/imports/synth_1/design_1_wrapper.dcp for incremental synthesis
INFO: [Vivado 12-7989] Please ensure there are no constraint changes
Command: synth_design -top design_1_wrapper -part xc7z020clg400-1
Starting synth_design
Attempting to get a license for feature 'Synthesis' and/or device 'xc7z020'
INFO: [Common 17-349] Got license for feature 'Synthesis' and/or device 'xc7z020'
INFO: [Device 21-403] Loading part xc7z020clg400-1
INFO: [Designutils 20-5440] No compile time benefit to using incremental synthesis; A full resynthesis will be run
INFO: [Designutils 20-4379] Flow is switching to default flow due to incremental criteria not met. If you would like to alter this behaviour and have the flow terminate instead, please set the following parameter config_implementation {autoIncr.Synth.RejectBehavior Terminate}
INFO: [Synth 8-7079] Multithreading enabled for synth_design using a maximum of 7 processes.
INFO: [Synth 8-7078] Launching helper process for spawning children vivado processes
INFO: [Synth 8-7075] Helper process launched with PID 686965
---------------------------------------------------------------------------------
Starting RTL Elaboration : Time (s): cpu = 00:00:04 ; elapsed = 00:00:04 . Memory (MB): peak = 2197.570 ; gain = 442.797 ; free physical = 5173 ; free virtual = 15568
---------------------------------------------------------------------------------
INFO: [Synth 8-6157] synthesizing module 'design_1_wrapper' [/home/paxl/Projects/Licenta/Vivado/AXI_DMA_AND_BRAM/AXI_DMA_TEST/AXI_DMA_TEST.gen/sources_1/bd/design_1/hdl/design_1_wrapper.v:13]
INFO: [Synth 8-6157] synthesizing module 'design_1' [/home/paxl/Projects/Licenta/Vivado/AXI_DMA_AND_BRAM/AXI_DMA_TEST/AXI_DMA_TEST.gen/sources_1/bd/design_1/synth/design_1.v:13]
INFO: [Synth 8-6157] synthesizing module 'design_1_AXI_Master_SendData_0_0' [/home/paxl/Projects/Licenta/Vivado/AXI_DMA_AND_BRAM/AXI_DMA_TEST/AXI_DMA_TEST.runs/synth_1/.Xil/Vivado-686794-Acer-Nitro5/realtime/design_1_AXI_Master_SendData_0_0_stub.v:6]
INFO: [Synth 8-6155] done synthesizing module 'design_1_AXI_Master_SendData_0_0' (0#1) [/home/paxl/Projects/Licenta/Vivado/AXI_DMA_AND_BRAM/AXI_DMA_TEST/AXI_DMA_TEST.runs/synth_1/.Xil/Vivado-686794-Acer-Nitro5/realtime/design_1_AXI_Master_SendData_0_0_stub.v:6]
INFO: [Synth 8-6157] synthesizing module 'design_1_AXI_Slave_ReciveData_0_0' [/home/paxl/Projects/Licenta/Vivado/AXI_DMA_AND_BRAM/AXI_DMA_TEST/AXI_DMA_TEST.runs/synth_1/.Xil/Vivado-686794-Acer-Nitro5/realtime/design_1_AXI_Slave_ReciveData_0_0_stub.v:6]
INFO: [Synth 8-6155] done synthesizing module 'design_1_AXI_Slave_ReciveData_0_0' (0#1) [/home/paxl/Projects/Licenta/Vivado/AXI_DMA_AND_BRAM/AXI_DMA_TEST/AXI_DMA_TEST.runs/synth_1/.Xil/Vivado-686794-Acer-Nitro5/realtime/design_1_AXI_Slave_ReciveData_0_0_stub.v:6]
INFO: [Synth 8-6157] synthesizing module 'design_1_RuleChecker_0_0' [/home/paxl/Projects/Licenta/Vivado/AXI_DMA_AND_BRAM/AXI_DMA_TEST/AXI_DMA_TEST.runs/synth_1/.Xil/Vivado-686794-Acer-Nitro5/realtime/design_1_RuleChecker_0_0_stub.v:6]
INFO: [Synth 8-6155] done synthesizing module 'design_1_RuleChecker_0_0' (0#1) [/home/paxl/Projects/Licenta/Vivado/AXI_DMA_AND_BRAM/AXI_DMA_TEST/AXI_DMA_TEST.runs/synth_1/.Xil/Vivado-686794-Acer-Nitro5/realtime/design_1_RuleChecker_0_0_stub.v:6]
INFO: [Synth 8-6157] synthesizing module 'design_1_axi_bram_ctrl_0_0' [/home/paxl/Projects/Licenta/Vivado/AXI_DMA_AND_BRAM/AXI_DMA_TEST/AXI_DMA_TEST.runs/synth_1/.Xil/Vivado-686794-Acer-Nitro5/realtime/design_1_axi_bram_ctrl_0_0_stub.v:6]
INFO: [Synth 8-6155] done synthesizing module 'design_1_axi_bram_ctrl_0_0' (0#1) [/home/paxl/Projects/Licenta/Vivado/AXI_DMA_AND_BRAM/AXI_DMA_TEST/AXI_DMA_TEST.runs/synth_1/.Xil/Vivado-686794-Acer-Nitro5/realtime/design_1_axi_bram_ctrl_0_0_stub.v:6]
WARNING: [Synth 8-7071] port 'bram_rst_a' of module 'design_1_axi_bram_ctrl_0_0' is unconnected for instance 'axi_bram_ctrl_0' [/home/paxl/Projects/Licenta/Vivado/AXI_DMA_AND_BRAM/AXI_DMA_TEST/AXI_DMA_TEST.gen/sources_1/bd/design_1/synth/design_1.v:401]
WARNING: [Synth 8-7023] instance 'axi_bram_ctrl_0' of module 'design_1_axi_bram_ctrl_0_0' has 40 connections declared, but only 39 given [/home/paxl/Projects/Licenta/Vivado/AXI_DMA_AND_BRAM/AXI_DMA_TEST/AXI_DMA_TEST.gen/sources_1/bd/design_1/synth/design_1.v:401]
INFO: [Synth 8-6157] synthesizing module 'design_1_axi_dma_0_0' [/home/paxl/Projects/Licenta/Vivado/AXI_DMA_AND_BRAM/AXI_DMA_TEST/AXI_DMA_TEST.runs/synth_1/.Xil/Vivado-686794-Acer-Nitro5/realtime/design_1_axi_dma_0_0_stub.v:6]
INFO: [Synth 8-6155] done synthesizing module 'design_1_axi_dma_0_0' (0#1) [/home/paxl/Projects/Licenta/Vivado/AXI_DMA_AND_BRAM/AXI_DMA_TEST/AXI_DMA_TEST.runs/synth_1/.Xil/Vivado-686794-Acer-Nitro5/realtime/design_1_axi_dma_0_0_stub.v:6]
WARNING: [Synth 8-7071] port 'mm2s_prmry_reset_out_n' of module 'design_1_axi_dma_0_0' is unconnected for instance 'axi_dma_0' [/home/paxl/Projects/Licenta/Vivado/AXI_DMA_AND_BRAM/AXI_DMA_TEST/AXI_DMA_TEST.gen/sources_1/bd/design_1/synth/design_1.v:441]
WARNING: [Synth 8-7071] port 's2mm_prmry_reset_out_n' of module 'design_1_axi_dma_0_0' is unconnected for instance 'axi_dma_0' [/home/paxl/Projects/Licenta/Vivado/AXI_DMA_AND_BRAM/AXI_DMA_TEST/AXI_DMA_TEST.gen/sources_1/bd/design_1/synth/design_1.v:441]
WARNING: [Synth 8-7071] port 'axi_dma_tstvec' of module 'design_1_axi_dma_0_0' is unconnected for instance 'axi_dma_0' [/home/paxl/Projects/Licenta/Vivado/AXI_DMA_AND_BRAM/AXI_DMA_TEST/AXI_DMA_TEST.gen/sources_1/bd/design_1/synth/design_1.v:441]
WARNING: [Synth 8-7023] instance 'axi_dma_0' of module 'design_1_axi_dma_0_0' has 64 connections declared, but only 61 given [/home/paxl/Projects/Licenta/Vivado/AXI_DMA_AND_BRAM/AXI_DMA_TEST/AXI_DMA_TEST.gen/sources_1/bd/design_1/synth/design_1.v:441]
INFO: [Synth 8-6157] synthesizing module 'design_1_axi_gpio_0_0' [/home/paxl/Projects/Licenta/Vivado/AXI_DMA_AND_BRAM/AXI_DMA_TEST/AXI_DMA_TEST.runs/synth_1/.Xil/Vivado-686794-Acer-Nitro5/realtime/design_1_axi_gpio_0_0_stub.v:6]
INFO: [Synth 8-6155] done synthesizing module 'design_1_axi_gpio_0_0' (0#1) [/home/paxl/Projects/Licenta/Vivado/AXI_DMA_AND_BRAM/AXI_DMA_TEST/AXI_DMA_TEST.runs/synth_1/.Xil/Vivado-686794-Acer-Nitro5/realtime/design_1_axi_gpio_0_0_stub.v:6]
INFO: [Synth 8-6157] synthesizing module 'design_1_axi_gpio_1_0' [/home/paxl/Projects/Licenta/Vivado/AXI_DMA_AND_BRAM/AXI_DMA_TEST/AXI_DMA_TEST.runs/synth_1/.Xil/Vivado-686794-Acer-Nitro5/realtime/design_1_axi_gpio_1_0_stub.v:6]
INFO: [Synth 8-6155] done synthesizing module 'design_1_axi_gpio_1_0' (0#1) [/home/paxl/Projects/Licenta/Vivado/AXI_DMA_AND_BRAM/AXI_DMA_TEST/AXI_DMA_TEST.runs/synth_1/.Xil/Vivado-686794-Acer-Nitro5/realtime/design_1_axi_gpio_1_0_stub.v:6]
INFO: [Synth 8-6157] synthesizing module 'design_1_axi_smc_0' [/home/paxl/Projects/Licenta/Vivado/AXI_DMA_AND_BRAM/AXI_DMA_TEST/AXI_DMA_TEST.runs/synth_1/.Xil/Vivado-686794-Acer-Nitro5/realtime/design_1_axi_smc_0_stub.v:6]
INFO: [Synth 8-6155] done synthesizing module 'design_1_axi_smc_0' (0#1) [/home/paxl/Projects/Licenta/Vivado/AXI_DMA_AND_BRAM/AXI_DMA_TEST/AXI_DMA_TEST.runs/synth_1/.Xil/Vivado-686794-Acer-Nitro5/realtime/design_1_axi_smc_0_stub.v:6]
WARNING: [Synth 8-7071] port 'M00_AXI_awprot' of module 'design_1_axi_smc_0' is unconnected for instance 'axi_smc' [/home/paxl/Projects/Licenta/Vivado/AXI_DMA_AND_BRAM/AXI_DMA_TEST/AXI_DMA_TEST.gen/sources_1/bd/design_1/synth/design_1.v:546]
WARNING: [Synth 8-7071] port 'M00_AXI_wstrb' of module 'design_1_axi_smc_0' is unconnected for instance 'axi_smc' [/home/paxl/Projects/Licenta/Vivado/AXI_DMA_AND_BRAM/AXI_DMA_TEST/AXI_DMA_TEST.gen/sources_1/bd/design_1/synth/design_1.v:546]
WARNING: [Synth 8-7071] port 'M00_AXI_arprot' of module 'design_1_axi_smc_0' is unconnected for instance 'axi_smc' [/home/paxl/Projects/Licenta/Vivado/AXI_DMA_AND_BRAM/AXI_DMA_TEST/AXI_DMA_TEST.gen/sources_1/bd/design_1/synth/design_1.v:546]
WARNING: [Synth 8-7071] port 'M01_AXI_awqos' of module 'design_1_axi_smc_0' is unconnected for instance 'axi_smc' [/home/paxl/Projects/Licenta/Vivado/AXI_DMA_AND_BRAM/AXI_DMA_TEST/AXI_DMA_TEST.gen/sources_1/bd/design_1/synth/design_1.v:546]
WARNING: [Synth 8-7071] port 'M01_AXI_arqos' of module 'design_1_axi_smc_0' is unconnected for instance 'axi_smc' [/home/paxl/Projects/Licenta/Vivado/AXI_DMA_AND_BRAM/AXI_DMA_TEST/AXI_DMA_TEST.gen/sources_1/bd/design_1/synth/design_1.v:546]
WARNING: [Synth 8-7071] port 'M02_AXI_awprot' of module 'design_1_axi_smc_0' is unconnected for instance 'axi_smc' [/home/paxl/Projects/Licenta/Vivado/AXI_DMA_AND_BRAM/AXI_DMA_TEST/AXI_DMA_TEST.gen/sources_1/bd/design_1/synth/design_1.v:546]
WARNING: [Synth 8-7071] port 'M02_AXI_arprot' of module 'design_1_axi_smc_0' is unconnected for instance 'axi_smc' [/home/paxl/Projects/Licenta/Vivado/AXI_DMA_AND_BRAM/AXI_DMA_TEST/AXI_DMA_TEST.gen/sources_1/bd/design_1/synth/design_1.v:546]
WARNING: [Synth 8-7071] port 'M03_AXI_awprot' of module 'design_1_axi_smc_0' is unconnected for instance 'axi_smc' [/home/paxl/Projects/Licenta/Vivado/AXI_DMA_AND_BRAM/AXI_DMA_TEST/AXI_DMA_TEST.gen/sources_1/bd/design_1/synth/design_1.v:546]
WARNING: [Synth 8-7071] port 'M03_AXI_arprot' of module 'design_1_axi_smc_0' is unconnected for instance 'axi_smc' [/home/paxl/Projects/Licenta/Vivado/AXI_DMA_AND_BRAM/AXI_DMA_TEST/AXI_DMA_TEST.gen/sources_1/bd/design_1/synth/design_1.v:546]
WARNING: [Synth 8-7023] instance 'axi_smc' of module 'design_1_axi_smc_0' has 130 connections declared, but only 121 given [/home/paxl/Projects/Licenta/Vivado/AXI_DMA_AND_BRAM/AXI_DMA_TEST/AXI_DMA_TEST.gen/sources_1/bd/design_1/synth/design_1.v:546]
INFO: [Synth 8-6157] synthesizing module 'design_1_axis_data_fifo_0_0' [/home/paxl/Projects/Licenta/Vivado/AXI_DMA_AND_BRAM/AXI_DMA_TEST/AXI_DMA_TEST.runs/synth_1/.Xil/Vivado-686794-Acer-Nitro5/realtime/design_1_axis_data_fifo_0_0_stub.v:6]
INFO: [Synth 8-6155] done synthesizing module 'design_1_axis_data_fifo_0_0' (0#1) [/home/paxl/Projects/Licenta/Vivado/AXI_DMA_AND_BRAM/AXI_DMA_TEST/AXI_DMA_TEST.runs/synth_1/.Xil/Vivado-686794-Acer-Nitro5/realtime/design_1_axis_data_fifo_0_0_stub.v:6]
WARNING: [Synth 8-7071] port 'm_axis_tkeep' of module 'design_1_axis_data_fifo_0_0' is unconnected for instance 'axis_data_fifo_0' [/home/paxl/Projects/Licenta/Vivado/AXI_DMA_AND_BRAM/AXI_DMA_TEST/AXI_DMA_TEST.gen/sources_1/bd/design_1/synth/design_1.v:668]
WARNING: [Synth 8-7023] instance 'axis_data_fifo_0' of module 'design_1_axis_data_fifo_0_0' has 12 connections declared, but only 11 given [/home/paxl/Projects/Licenta/Vivado/AXI_DMA_AND_BRAM/AXI_DMA_TEST/AXI_DMA_TEST.gen/sources_1/bd/design_1/synth/design_1.v:668]
INFO: [Synth 8-6157] synthesizing module 'design_1_axis_data_fifo_1_0' [/home/paxl/Projects/Licenta/Vivado/AXI_DMA_AND_BRAM/AXI_DMA_TEST/AXI_DMA_TEST.runs/synth_1/.Xil/Vivado-686794-Acer-Nitro5/realtime/design_1_axis_data_fifo_1_0_stub.v:6]
INFO: [Synth 8-6155] done synthesizing module 'design_1_axis_data_fifo_1_0' (0#1) [/home/paxl/Projects/Licenta/Vivado/AXI_DMA_AND_BRAM/AXI_DMA_TEST/AXI_DMA_TEST.runs/synth_1/.Xil/Vivado-686794-Acer-Nitro5/realtime/design_1_axis_data_fifo_1_0_stub.v:6]
INFO: [Synth 8-6157] synthesizing module 'design_1_blk_mem_gen_0_0' [/home/paxl/Projects/Licenta/Vivado/AXI_DMA_AND_BRAM/AXI_DMA_TEST/AXI_DMA_TEST.runs/synth_1/.Xil/Vivado-686794-Acer-Nitro5/realtime/design_1_blk_mem_gen_0_0_stub.v:6]
INFO: [Synth 8-6155] done synthesizing module 'design_1_blk_mem_gen_0_0' (0#1) [/home/paxl/Projects/Licenta/Vivado/AXI_DMA_AND_BRAM/AXI_DMA_TEST/AXI_DMA_TEST.runs/synth_1/.Xil/Vivado-686794-Acer-Nitro5/realtime/design_1_blk_mem_gen_0_0_stub.v:6]
INFO: [Synth 8-6157] synthesizing module 'design_1_processing_system7_0_0' [/home/paxl/Projects/Licenta/Vivado/AXI_DMA_AND_BRAM/AXI_DMA_TEST/AXI_DMA_TEST.runs/synth_1/.Xil/Vivado-686794-Acer-Nitro5/realtime/design_1_processing_system7_0_0_stub.v:6]
INFO: [Synth 8-6155] done synthesizing module 'design_1_processing_system7_0_0' (0#1) [/home/paxl/Projects/Licenta/Vivado/AXI_DMA_AND_BRAM/AXI_DMA_TEST/AXI_DMA_TEST.runs/synth_1/.Xil/Vivado-686794-Acer-Nitro5/realtime/design_1_processing_system7_0_0_stub.v:6]
WARNING: [Synth 8-7071] port 'SPI1_SCLK_T' of module 'design_1_processing_system7_0_0' is unconnected for instance 'processing_system7_0' [/home/paxl/Projects/Licenta/Vivado/AXI_DMA_AND_BRAM/AXI_DMA_TEST/AXI_DMA_TEST.gen/sources_1/bd/design_1/synth/design_1.v:707]
WARNING: [Synth 8-7071] port 'SPI1_MOSI_T' of module 'design_1_processing_system7_0_0' is unconnected for instance 'processing_system7_0' [/home/paxl/Projects/Licenta/Vivado/AXI_DMA_AND_BRAM/AXI_DMA_TEST/AXI_DMA_TEST.gen/sources_1/bd/design_1/synth/design_1.v:707]
WARNING: [Synth 8-7071] port 'SPI1_MISO_O' of module 'design_1_processing_system7_0_0' is unconnected for instance 'processing_system7_0' [/home/paxl/Projects/Licenta/Vivado/AXI_DMA_AND_BRAM/AXI_DMA_TEST/AXI_DMA_TEST.gen/sources_1/bd/design_1/synth/design_1.v:707]
WARNING: [Synth 8-7071] port 'SPI1_MISO_T' of module 'design_1_processing_system7_0_0' is unconnected for instance 'processing_system7_0' [/home/paxl/Projects/Licenta/Vivado/AXI_DMA_AND_BRAM/AXI_DMA_TEST/AXI_DMA_TEST.gen/sources_1/bd/design_1/synth/design_1.v:707]
WARNING: [Synth 8-7071] port 'SPI1_SS1_O' of module 'design_1_processing_system7_0_0' is unconnected for instance 'processing_system7_0' [/home/paxl/Projects/Licenta/Vivado/AXI_DMA_AND_BRAM/AXI_DMA_TEST/AXI_DMA_TEST.gen/sources_1/bd/design_1/synth/design_1.v:707]
WARNING: [Synth 8-7071] port 'SPI1_SS2_O' of module 'design_1_processing_system7_0_0' is unconnected for instance 'processing_system7_0' [/home/paxl/Projects/Licenta/Vivado/AXI_DMA_AND_BRAM/AXI_DMA_TEST/AXI_DMA_TEST.gen/sources_1/bd/design_1/synth/design_1.v:707]
WARNING: [Synth 8-7071] port 'SPI1_SS_T' of module 'design_1_processing_system7_0_0' is unconnected for instance 'processing_system7_0' [/home/paxl/Projects/Licenta/Vivado/AXI_DMA_AND_BRAM/AXI_DMA_TEST/AXI_DMA_TEST.gen/sources_1/bd/design_1/synth/design_1.v:707]
WARNING: [Synth 8-7071] port 'USB0_PORT_INDCTL' of module 'design_1_processing_system7_0_0' is unconnected for instance 'processing_system7_0' [/home/paxl/Projects/Licenta/Vivado/AXI_DMA_AND_BRAM/AXI_DMA_TEST/AXI_DMA_TEST.gen/sources_1/bd/design_1/synth/design_1.v:707]
WARNING: [Synth 8-7071] port 'USB0_VBUS_PWRSELECT' of module 'design_1_processing_system7_0_0' is unconnected for instance 'processing_system7_0' [/home/paxl/Projects/Licenta/Vivado/AXI_DMA_AND_BRAM/AXI_DMA_TEST/AXI_DMA_TEST.gen/sources_1/bd/design_1/synth/design_1.v:707]
WARNING: [Synth 8-7071] port 'S_AXI_GP0_BID' of module 'design_1_processing_system7_0_0' is unconnected for instance 'processing_system7_0' [/home/paxl/Projects/Licenta/Vivado/AXI_DMA_AND_BRAM/AXI_DMA_TEST/AXI_DMA_TEST.gen/sources_1/bd/design_1/synth/design_1.v:707]
WARNING: [Synth 8-7071] port 'S_AXI_GP0_RID' of module 'design_1_processing_system7_0_0' is unconnected for instance 'processing_system7_0' [/home/paxl/Projects/Licenta/Vivado/AXI_DMA_AND_BRAM/AXI_DMA_TEST/AXI_DMA_TEST.gen/sources_1/bd/design_1/synth/design_1.v:707]
WARNING: [Synth 8-7071] port 'S_AXI_HP0_BID' of module 'design_1_processing_system7_0_0' is unconnected for instance 'processing_system7_0' [/home/paxl/Projects/Licenta/Vivado/AXI_DMA_AND_BRAM/AXI_DMA_TEST/AXI_DMA_TEST.gen/sources_1/bd/design_1/synth/design_1.v:707]
WARNING: [Synth 8-7071] port 'S_AXI_HP0_RID' of module 'design_1_processing_system7_0_0' is unconnected for instance 'processing_system7_0' [/home/paxl/Projects/Licenta/Vivado/AXI_DMA_AND_BRAM/AXI_DMA_TEST/AXI_DMA_TEST.gen/sources_1/bd/design_1/synth/design_1.v:707]
WARNING: [Synth 8-7071] port 'S_AXI_HP0_RCOUNT' of module 'design_1_processing_system7_0_0' is unconnected for instance 'processing_system7_0' [/home/paxl/Projects/Licenta/Vivado/AXI_DMA_AND_BRAM/AXI_DMA_TEST/AXI_DMA_TEST.gen/sources_1/bd/design_1/synth/design_1.v:707]
WARNING: [Synth 8-7071] port 'S_AXI_HP0_WCOUNT' of module 'design_1_processing_system7_0_0' is unconnected for instance 'processing_system7_0' [/home/paxl/Projects/Licenta/Vivado/AXI_DMA_AND_BRAM/AXI_DMA_TEST/AXI_DMA_TEST.gen/sources_1/bd/design_1/synth/design_1.v:707]
WARNING: [Synth 8-7071] port 'S_AXI_HP0_RACOUNT' of module 'design_1_processing_system7_0_0' is unconnected for instance 'processing_system7_0' [/home/paxl/Projects/Licenta/Vivado/AXI_DMA_AND_BRAM/AXI_DMA_TEST/AXI_DMA_TEST.gen/sources_1/bd/design_1/synth/design_1.v:707]
WARNING: [Synth 8-7071] port 'S_AXI_HP0_WACOUNT' of module 'design_1_processing_system7_0_0' is unconnected for instance 'processing_system7_0' [/home/paxl/Projects/Licenta/Vivado/AXI_DMA_AND_BRAM/AXI_DMA_TEST/AXI_DMA_TEST.gen/sources_1/bd/design_1/synth/design_1.v:707]
WARNING: [Synth 8-7023] instance 'processing_system7_0' of module 'design_1_processing_system7_0_0' has 164 connections declared, but only 147 given [/home/paxl/Projects/Licenta/Vivado/AXI_DMA_AND_BRAM/AXI_DMA_TEST/AXI_DMA_TEST.gen/sources_1/bd/design_1/synth/design_1.v:707]
INFO: [Synth 8-6157] synthesizing module 'design_1_rst_ps7_0_100M_0' [/home/paxl/Projects/Licenta/Vivado/AXI_DMA_AND_BRAM/AXI_DMA_TEST/AXI_DMA_TEST.runs/synth_1/.Xil/Vivado-686794-Acer-Nitro5/realtime/design_1_rst_ps7_0_100M_0_stub.v:6]
INFO: [Synth 8-6155] done synthesizing module 'design_1_rst_ps7_0_100M_0' (0#1) [/home/paxl/Projects/Licenta/Vivado/AXI_DMA_AND_BRAM/AXI_DMA_TEST/AXI_DMA_TEST.runs/synth_1/.Xil/Vivado-686794-Acer-Nitro5/realtime/design_1_rst_ps7_0_100M_0_stub.v:6]
WARNING: [Synth 8-7071] port 'mb_reset' of module 'design_1_rst_ps7_0_100M_0' is unconnected for instance 'rst_ps7_0_100M' [/home/paxl/Projects/Licenta/Vivado/AXI_DMA_AND_BRAM/AXI_DMA_TEST/AXI_DMA_TEST.gen/sources_1/bd/design_1/synth/design_1.v:855]
WARNING: [Synth 8-7071] port 'bus_struct_reset' of module 'design_1_rst_ps7_0_100M_0' is unconnected for instance 'rst_ps7_0_100M' [/home/paxl/Projects/Licenta/Vivado/AXI_DMA_AND_BRAM/AXI_DMA_TEST/AXI_DMA_TEST.gen/sources_1/bd/design_1/synth/design_1.v:855]
WARNING: [Synth 8-7071] port 'peripheral_reset' of module 'design_1_rst_ps7_0_100M_0' is unconnected for instance 'rst_ps7_0_100M' [/home/paxl/Projects/Licenta/Vivado/AXI_DMA_AND_BRAM/AXI_DMA_TEST/AXI_DMA_TEST.gen/sources_1/bd/design_1/synth/design_1.v:855]
WARNING: [Synth 8-7071] port 'interconnect_aresetn' of module 'design_1_rst_ps7_0_100M_0' is unconnected for instance 'rst_ps7_0_100M' [/home/paxl/Projects/Licenta/Vivado/AXI_DMA_AND_BRAM/AXI_DMA_TEST/AXI_DMA_TEST.gen/sources_1/bd/design_1/synth/design_1.v:855]
WARNING: [Synth 8-7023] instance 'rst_ps7_0_100M' of module 'design_1_rst_ps7_0_100M_0' has 10 connections declared, but only 6 given [/home/paxl/Projects/Licenta/Vivado/AXI_DMA_AND_BRAM/AXI_DMA_TEST/AXI_DMA_TEST.gen/sources_1/bd/design_1/synth/design_1.v:855]
INFO: [Synth 8-6157] synthesizing module 'design_1_smartconnect_0_0' [/home/paxl/Projects/Licenta/Vivado/AXI_DMA_AND_BRAM/AXI_DMA_TEST/AXI_DMA_TEST.runs/synth_1/.Xil/Vivado-686794-Acer-Nitro5/realtime/design_1_smartconnect_0_0_stub.v:6]
INFO: [Synth 8-6155] done synthesizing module 'design_1_smartconnect_0_0' (0#1) [/home/paxl/Projects/Licenta/Vivado/AXI_DMA_AND_BRAM/AXI_DMA_TEST/AXI_DMA_TEST.runs/synth_1/.Xil/Vivado-686794-Acer-Nitro5/realtime/design_1_smartconnect_0_0_stub.v:6]
WARNING: [Synth 8-4446] all outputs are unconnected for this instance and logic may be removed [/home/paxl/Projects/Licenta/Vivado/AXI_DMA_AND_BRAM/AXI_DMA_TEST/AXI_DMA_TEST.gen/sources_1/bd/design_1/synth/design_1.v:964]
INFO: [Synth 8-6157] synthesizing module 'design_1_system_ila_1_1' [/home/paxl/Projects/Licenta/Vivado/AXI_DMA_AND_BRAM/AXI_DMA_TEST/AXI_DMA_TEST.runs/synth_1/.Xil/Vivado-686794-Acer-Nitro5/realtime/design_1_system_ila_1_1_stub.v:6]
INFO: [Synth 8-6155] done synthesizing module 'design_1_system_ila_1_1' (0#1) [/home/paxl/Projects/Licenta/Vivado/AXI_DMA_AND_BRAM/AXI_DMA_TEST/AXI_DMA_TEST.runs/synth_1/.Xil/Vivado-686794-Acer-Nitro5/realtime/design_1_system_ila_1_1_stub.v:6]
INFO: [Synth 8-6155] done synthesizing module 'design_1' (0#1) [/home/paxl/Projects/Licenta/Vivado/AXI_DMA_AND_BRAM/AXI_DMA_TEST/AXI_DMA_TEST.gen/sources_1/bd/design_1/synth/design_1.v:13]
INFO: [Synth 8-6155] done synthesizing module 'design_1_wrapper' (0#1) [/home/paxl/Projects/Licenta/Vivado/AXI_DMA_AND_BRAM/AXI_DMA_TEST/AXI_DMA_TEST.gen/sources_1/bd/design_1/hdl/design_1_wrapper.v:13]
INFO: [Synth 8-6071] Mark debug on the nets applies keep_hierarchy on instance 'AXI_Slave_ReciveData_0'. This will prevent further optimization [/home/paxl/Projects/Licenta/Vivado/AXI_DMA_AND_BRAM/AXI_DMA_TEST/AXI_DMA_TEST.gen/sources_1/bd/design_1/synth/design_1.v:366]
INFO: [Synth 8-6071] Mark debug on the nets applies keep_hierarchy on instance 'system_ila_1'. This will prevent further optimization [/home/paxl/Projects/Licenta/Vivado/AXI_DMA_AND_BRAM/AXI_DMA_TEST/AXI_DMA_TEST.gen/sources_1/bd/design_1/synth/design_1.v:964]
INFO: [Synth 8-6071] Mark debug on the nets applies keep_hierarchy on instance 'RuleChecker_0'. This will prevent further optimization [/home/paxl/Projects/Licenta/Vivado/AXI_DMA_AND_BRAM/AXI_DMA_TEST/AXI_DMA_TEST.gen/sources_1/bd/design_1/synth/design_1.v:383]
INFO: [Synth 8-6071] Mark debug on the nets applies keep_hierarchy on instance 'blk_mem_gen_0'. This will prevent further optimization [/home/paxl/Projects/Licenta/Vivado/AXI_DMA_AND_BRAM/AXI_DMA_TEST/AXI_DMA_TEST.gen/sources_1/bd/design_1/synth/design_1.v:691]
---------------------------------------------------------------------------------
Finished RTL Elaboration : Time (s): cpu = 00:00:05 ; elapsed = 00:00:05 . Memory (MB): peak = 2281.508 ; gain = 526.734 ; free physical = 5055 ; free virtual = 15452
---------------------------------------------------------------------------------
---------------------------------------------------------------------------------
Start Handling Custom Attributes
---------------------------------------------------------------------------------
---------------------------------------------------------------------------------
Finished Handling Custom Attributes : Time (s): cpu = 00:00:05 ; elapsed = 00:00:05 . Memory (MB): peak = 2290.414 ; gain = 535.641 ; free physical = 5055 ; free virtual = 15452
---------------------------------------------------------------------------------
---------------------------------------------------------------------------------
Finished RTL Optimization Phase 1 : Time (s): cpu = 00:00:05 ; elapsed = 00:00:05 . Memory (MB): peak = 2290.414 ; gain = 535.641 ; free physical = 5055 ; free virtual = 15452
---------------------------------------------------------------------------------
Netlist sorting complete. Time (s): cpu = 00:00:00.01 ; elapsed = 00:00:00.01 . Memory (MB): peak = 2290.414 ; gain = 0.000 ; free physical = 5055 ; free virtual = 15452
INFO: [Project 1-570] Preparing netlist for logic optimization

Processing XDC Constraints
Initializing timing engine
Parsing XDC File [/home/paxl/Projects/Licenta/Vivado/AXI_DMA_AND_BRAM/AXI_DMA_TEST/AXI_DMA_TEST.gen/sources_1/bd/design_1/ip/design_1_processing_system7_0_0/design_1_processing_system7_0_0/design_1_processing_system7_0_0_in_context.xdc] for cell 'design_1_i/processing_system7_0'
Finished Parsing XDC File [/home/paxl/Projects/Licenta/Vivado/AXI_DMA_AND_BRAM/AXI_DMA_TEST/AXI_DMA_TEST.gen/sources_1/bd/design_1/ip/design_1_processing_system7_0_0/design_1_processing_system7_0_0/design_1_processing_system7_0_0_in_context.xdc] for cell 'design_1_i/processing_system7_0'
Parsing XDC File [/home/paxl/Projects/Licenta/Vivado/AXI_DMA_AND_BRAM/AXI_DMA_TEST/AXI_DMA_TEST.gen/sources_1/bd/design_1/ip/design_1_axi_dma_0_0/design_1_axi_dma_0_0/design_1_axi_dma_0_0_in_context.xdc] for cell 'design_1_i/axi_dma_0'
Finished Parsing XDC File [/home/paxl/Projects/Licenta/Vivado/AXI_DMA_AND_BRAM/AXI_DMA_TEST/AXI_DMA_TEST.gen/sources_1/bd/design_1/ip/design_1_axi_dma_0_0/design_1_axi_dma_0_0/design_1_axi_dma_0_0_in_context.xdc] for cell 'design_1_i/axi_dma_0'
Parsing XDC File [/home/paxl/Projects/Licenta/Vivado/AXI_DMA_AND_BRAM/AXI_DMA_TEST/AXI_DMA_TEST.gen/sources_1/bd/design_1/ip/design_1_axi_smc_0/design_1_axi_smc_0/design_1_axi_smc_0_in_context.xdc] for cell 'design_1_i/axi_smc'
Finished Parsing XDC File [/home/paxl/Projects/Licenta/Vivado/AXI_DMA_AND_BRAM/AXI_DMA_TEST/AXI_DMA_TEST.gen/sources_1/bd/design_1/ip/design_1_axi_smc_0/design_1_axi_smc_0/design_1_axi_smc_0_in_context.xdc] for cell 'design_1_i/axi_smc'
Parsing XDC File [/home/paxl/Projects/Licenta/Vivado/AXI_DMA_AND_BRAM/AXI_DMA_TEST/AXI_DMA_TEST.gen/sources_1/bd/design_1/ip/design_1_rst_ps7_0_100M_0/design_1_rst_ps7_0_100M_0/design_1_rst_ps7_0_100M_0_in_context.xdc] for cell 'design_1_i/rst_ps7_0_100M'
Finished Parsing XDC File [/home/paxl/Projects/Licenta/Vivado/AXI_DMA_AND_BRAM/AXI_DMA_TEST/AXI_DMA_TEST.gen/sources_1/bd/design_1/ip/design_1_rst_ps7_0_100M_0/design_1_rst_ps7_0_100M_0/design_1_rst_ps7_0_100M_0_in_context.xdc] for cell 'design_1_i/rst_ps7_0_100M'
Parsing XDC File [/home/paxl/Projects/Licenta/Vivado/AXI_DMA_AND_BRAM/AXI_DMA_TEST/AXI_DMA_TEST.gen/sources_1/bd/design_1/ip/design_1_smartconnect_0_0/design_1_smartconnect_0_0/design_1_smartconnect_0_0_in_context.xdc] for cell 'design_1_i/smartconnect_0'
Finished Parsing XDC File [/home/paxl/Projects/Licenta/Vivado/AXI_DMA_AND_BRAM/AXI_DMA_TEST/AXI_DMA_TEST.gen/sources_1/bd/design_1/ip/design_1_smartconnect_0_0/design_1_smartconnect_0_0/design_1_smartconnect_0_0_in_context.xdc] for cell 'design_1_i/smartconnect_0'
Parsing XDC File [/home/paxl/Projects/Licenta/Vivado/AXI_DMA_AND_BRAM/AXI_DMA_TEST/AXI_DMA_TEST.gen/sources_1/bd/design_1/ip/design_1_AXI_Slave_ReciveData_0_0/design_1_AXI_Slave_ReciveData_0_0/design_1_AXI_Slave_ReciveData_0_0_in_context.xdc] for cell 'design_1_i/AXI_Slave_ReciveData_0'
Finished Parsing XDC File [/home/paxl/Projects/Licenta/Vivado/AXI_DMA_AND_BRAM/AXI_DMA_TEST/AXI_DMA_TEST.gen/sources_1/bd/design_1/ip/design_1_AXI_Slave_ReciveData_0_0/design_1_AXI_Slave_ReciveData_0_0/design_1_AXI_Slave_ReciveData_0_0_in_context.xdc] for cell 'design_1_i/AXI_Slave_ReciveData_0'
Parsing XDC File [/home/paxl/Projects/Licenta/Vivado/AXI_DMA_AND_BRAM/AXI_DMA_TEST/AXI_DMA_TEST.gen/sources_1/bd/design_1/ip/design_1_RuleChecker_0_0/design_1_RuleChecker_0_0/design_1_RuleChecker_0_0_in_context.xdc] for cell 'design_1_i/RuleChecker_0'
Finished Parsing XDC File [/home/paxl/Projects/Licenta/Vivado/AXI_DMA_AND_BRAM/AXI_DMA_TEST/AXI_DMA_TEST.gen/sources_1/bd/design_1/ip/design_1_RuleChecker_0_0/design_1_RuleChecker_0_0/design_1_RuleChecker_0_0_in_context.xdc] for cell 'design_1_i/RuleChecker_0'
Parsing XDC File [/home/paxl/Projects/Licenta/Vivado/AXI_DMA_AND_BRAM/AXI_DMA_TEST/AXI_DMA_TEST.gen/sources_1/bd/design_1/ip/design_1_axi_bram_ctrl_0_0/design_1_axi_bram_ctrl_0_0/design_1_axi_bram_ctrl_0_0_in_context.xdc] for cell 'design_1_i/axi_bram_ctrl_0'
Finished Parsing XDC File [/home/paxl/Projects/Licenta/Vivado/AXI_DMA_AND_BRAM/AXI_DMA_TEST/AXI_DMA_TEST.gen/sources_1/bd/design_1/ip/design_1_axi_bram_ctrl_0_0/design_1_axi_bram_ctrl_0_0/design_1_axi_bram_ctrl_0_0_in_context.xdc] for cell 'design_1_i/axi_bram_ctrl_0'
Parsing XDC File [/home/paxl/Projects/Licenta/Vivado/AXI_DMA_AND_BRAM/AXI_DMA_TEST/AXI_DMA_TEST.gen/sources_1/bd/design_1/ip/design_1_blk_mem_gen_0_0/design_1_blk_mem_gen_0_0/design_1_blk_mem_gen_0_0_in_context.xdc] for cell 'design_1_i/blk_mem_gen_0'
Finished Parsing XDC File [/home/paxl/Projects/Licenta/Vivado/AXI_DMA_AND_BRAM/AXI_DMA_TEST/AXI_DMA_TEST.gen/sources_1/bd/design_1/ip/design_1_blk_mem_gen_0_0/design_1_blk_mem_gen_0_0/design_1_blk_mem_gen_0_0_in_context.xdc] for cell 'design_1_i/blk_mem_gen_0'
Parsing XDC File [/home/paxl/Projects/Licenta/Vivado/AXI_DMA_AND_BRAM/AXI_DMA_TEST/AXI_DMA_TEST.gen/sources_1/bd/design_1/ip/design_1_axis_data_fifo_0_0/design_1_axis_data_fifo_0_0/design_1_axis_data_fifo_0_0_in_context.xdc] for cell 'design_1_i/axis_data_fifo_0'
Finished Parsing XDC File [/home/paxl/Projects/Licenta/Vivado/AXI_DMA_AND_BRAM/AXI_DMA_TEST/AXI_DMA_TEST.gen/sources_1/bd/design_1/ip/design_1_axis_data_fifo_0_0/design_1_axis_data_fifo_0_0/design_1_axis_data_fifo_0_0_in_context.xdc] for cell 'design_1_i/axis_data_fifo_0'
Parsing XDC File [/home/paxl/Projects/Licenta/Vivado/AXI_DMA_AND_BRAM/AXI_DMA_TEST/AXI_DMA_TEST.gen/sources_1/bd/design_1/ip/design_1_axis_data_fifo_1_0/design_1_axis_data_fifo_1_0/design_1_axis_data_fifo_1_0_in_context.xdc] for cell 'design_1_i/axis_data_fifo_1'
Finished Parsing XDC File [/home/paxl/Projects/Licenta/Vivado/AXI_DMA_AND_BRAM/AXI_DMA_TEST/AXI_DMA_TEST.gen/sources_1/bd/design_1/ip/design_1_axis_data_fifo_1_0/design_1_axis_data_fifo_1_0/design_1_axis_data_fifo_1_0_in_context.xdc] for cell 'design_1_i/axis_data_fifo_1'
Parsing XDC File [/home/paxl/Projects/Licenta/Vivado/AXI_DMA_AND_BRAM/AXI_DMA_TEST/AXI_DMA_TEST.gen/sources_1/bd/design_1/ip/design_1_AXI_Master_SendData_0_0/design_1_AXI_Master_SendData_0_0/design_1_AXI_Master_SendData_0_0_in_context.xdc] for cell 'design_1_i/AXI_Master_SendData_0'
Finished Parsing XDC File [/home/paxl/Projects/Licenta/Vivado/AXI_DMA_AND_BRAM/AXI_DMA_TEST/AXI_DMA_TEST.gen/sources_1/bd/design_1/ip/design_1_AXI_Master_SendData_0_0/design_1_AXI_Master_SendData_0_0/design_1_AXI_Master_SendData_0_0_in_context.xdc] for cell 'design_1_i/AXI_Master_SendData_0'
Parsing XDC File [/home/paxl/Projects/Licenta/Vivado/AXI_DMA_AND_BRAM/AXI_DMA_TEST/AXI_DMA_TEST.gen/sources_1/bd/design_1/ip/design_1_axi_gpio_0_0/design_1_axi_gpio_0_0/design_1_axi_gpio_0_0_in_context.xdc] for cell 'design_1_i/axi_gpio_0'
Finished Parsing XDC File [/home/paxl/Projects/Licenta/Vivado/AXI_DMA_AND_BRAM/AXI_DMA_TEST/AXI_DMA_TEST.gen/sources_1/bd/design_1/ip/design_1_axi_gpio_0_0/design_1_axi_gpio_0_0/design_1_axi_gpio_0_0_in_context.xdc] for cell 'design_1_i/axi_gpio_0'
Parsing XDC File [/home/paxl/Projects/Licenta/Vivado/AXI_DMA_AND_BRAM/AXI_DMA_TEST/AXI_DMA_TEST.gen/sources_1/bd/design_1/ip/design_1_axi_gpio_1_0/design_1_axi_gpio_1_0/design_1_axi_gpio_0_0_in_context.xdc] for cell 'design_1_i/axi_gpio_1'
Finished Parsing XDC File [/home/paxl/Projects/Licenta/Vivado/AXI_DMA_AND_BRAM/AXI_DMA_TEST/AXI_DMA_TEST.gen/sources_1/bd/design_1/ip/design_1_axi_gpio_1_0/design_1_axi_gpio_1_0/design_1_axi_gpio_0_0_in_context.xdc] for cell 'design_1_i/axi_gpio_1'
Parsing XDC File [/home/paxl/Projects/Licenta/Vivado/AXI_DMA_AND_BRAM/AXI_DMA_TEST/AXI_DMA_TEST.gen/sources_1/bd/design_1/ip/design_1_system_ila_1_1/design_1_system_ila_1_1/design_1_system_ila_1_1_in_context.xdc] for cell 'design_1_i/system_ila_1'
Finished Parsing XDC File [/home/paxl/Projects/Licenta/Vivado/AXI_DMA_AND_BRAM/AXI_DMA_TEST/AXI_DMA_TEST.gen/sources_1/bd/design_1/ip/design_1_system_ila_1_1/design_1_system_ila_1_1/design_1_system_ila_1_1_in_context.xdc] for cell 'design_1_i/system_ila_1'
Parsing XDC File [/home/paxl/Projects/Licenta/Vivado/AXI_DMA_AND_BRAM/AXI_DMA_TEST/AXI_DMA_TEST.srcs/constrs_1/new/const.xdc]
Finished Parsing XDC File [/home/paxl/Projects/Licenta/Vivado/AXI_DMA_AND_BRAM/AXI_DMA_TEST/AXI_DMA_TEST.srcs/constrs_1/new/const.xdc]
INFO: [Project 1-236] Implementation specific constraints were found while reading constraint file [/home/paxl/Projects/Licenta/Vivado/AXI_DMA_AND_BRAM/AXI_DMA_TEST/AXI_DMA_TEST.srcs/constrs_1/new/const.xdc]. These constraints will be ignored for synthesis but will be used in implementation. Impacted constraints are listed in the file [.Xil/design_1_wrapper_propImpl.xdc].
Resolution: To avoid this warning, move constraints listed in [.Xil/design_1_wrapper_propImpl.xdc] to another XDC file and exclude this new file from synthesis with the used_in_synthesis property (File Properties dialog in GUI) and re-run elaboration/synthesis.
Parsing XDC File [/home/paxl/Projects/Licenta/Vivado/AXI_DMA_AND_BRAM/AXI_DMA_TEST/AXI_DMA_TEST.runs/synth_1/dont_touch.xdc]
Finished Parsing XDC File [/home/paxl/Projects/Licenta/Vivado/AXI_DMA_AND_BRAM/AXI_DMA_TEST/AXI_DMA_TEST.runs/synth_1/dont_touch.xdc]
Completed Processing XDC Constraints

Netlist sorting complete. Time (s): cpu = 00:00:00 ; elapsed = 00:00:00 . Memory (MB): peak = 2339.340 ; gain = 0.000 ; free physical = 5076 ; free virtual = 15471
INFO: [Project 1-111] Unisim Transformation Summary:
No Unisim elements were transformed.

Constraint Validation Runtime : Time (s): cpu = 00:00:00 ; elapsed = 00:00:00 . Memory (MB): peak = 2339.375 ; gain = 0.000 ; free physical = 5076 ; free virtual = 15471
WARNING: [Timing 38-316] Clock period '20.000' specified during out-of-context synthesis of instance 'design_1_i/blk_mem_gen_0' at clock pin 'clka' is different from the actual clock period '10.000', this can lead to different synthesis results.
INFO: [Designutils 20-5440] No compile time benefit to using incremental synthesis; A full resynthesis will be run
INFO: [Designutils 20-4379] Flow is switching to default flow due to incremental criteria not met. If you would like to alter this behaviour and have the flow terminate instead, please set the following parameter config_implementation {autoIncr.Synth.RejectBehavior Terminate}
---------------------------------------------------------------------------------
Finished Constraint Validation : Time (s): cpu = 00:00:11 ; elapsed = 00:00:11 . Memory (MB): peak = 2339.375 ; gain = 584.602 ; free physical = 5118 ; free virtual = 15513
---------------------------------------------------------------------------------
---------------------------------------------------------------------------------
Start Loading Part and Timing Information
---------------------------------------------------------------------------------
Loading part: xc7z020clg400-1
---------------------------------------------------------------------------------
Finished Loading Part and Timing Information : Time (s): cpu = 00:00:11 ; elapsed = 00:00:11 . Memory (MB): peak = 2347.344 ; gain = 592.570 ; free physical = 5118 ; free virtual = 15513
---------------------------------------------------------------------------------
---------------------------------------------------------------------------------
Start Applying 'set_property' XDC Constraints
---------------------------------------------------------------------------------
---------------------------------------------------------------------------------
Finished applying 'set_property' XDC Constraints : Time (s): cpu = 00:00:11 ; elapsed = 00:00:12 . Memory (MB): peak = 2347.344 ; gain = 592.570 ; free physical = 5125 ; free virtual = 15521
---------------------------------------------------------------------------------
---------------------------------------------------------------------------------
Finished RTL Optimization Phase 2 : Time (s): cpu = 00:00:12 ; elapsed = 00:00:12 . Memory (MB): peak = 2347.344 ; gain = 592.570 ; free physical = 5124 ; free virtual = 15520
---------------------------------------------------------------------------------
---------------------------------------------------------------------------------
Start RTL Component Statistics 
---------------------------------------------------------------------------------
Detailed RTL Component Info : 
---------------------------------------------------------------------------------
Finished RTL Component Statistics 
---------------------------------------------------------------------------------
---------------------------------------------------------------------------------
Start Part Resource Summary
---------------------------------------------------------------------------------
Part Resources:
DSPs: 220 (col length:60)
BRAMs: 280 (col length: RAMB18 60 RAMB36 30)
---------------------------------------------------------------------------------
Finished Part Resource Summary
---------------------------------------------------------------------------------
---------------------------------------------------------------------------------
Start Cross Boundary and Area Optimization
---------------------------------------------------------------------------------
WARNING: [Synth 8-7080] Parallel synthesis criteria is not met
---------------------------------------------------------------------------------
Finished Cross Boundary and Area Optimization : Time (s): cpu = 00:00:13 ; elapsed = 00:00:13 . Memory (MB): peak = 2347.344 ; gain = 592.570 ; free physical = 5132 ; free virtual = 15539
---------------------------------------------------------------------------------
---------------------------------------------------------------------------------
Start Applying XDC Timing Constraints
---------------------------------------------------------------------------------
---------------------------------------------------------------------------------
Finished Applying XDC Timing Constraints : Time (s): cpu = 00:00:18 ; elapsed = 00:00:19 . Memory (MB): peak = 2444.344 ; gain = 689.570 ; free physical = 5079 ; free virtual = 15480
---------------------------------------------------------------------------------
---------------------------------------------------------------------------------
Start Timing Optimization
---------------------------------------------------------------------------------
---------------------------------------------------------------------------------
Finished Timing Optimization : Time (s): cpu = 00:00:18 ; elapsed = 00:00:19 . Memory (MB): peak = 2444.344 ; gain = 689.570 ; free physical = 5079 ; free virtual = 15480
---------------------------------------------------------------------------------
---------------------------------------------------------------------------------
Start Technology Mapping
---------------------------------------------------------------------------------
---------------------------------------------------------------------------------
Finished Technology Mapping : Time (s): cpu = 00:00:18 ; elapsed = 00:00:19 . Memory (MB): peak = 2455.359 ; gain = 700.586 ; free physical = 5071 ; free virtual = 15473
---------------------------------------------------------------------------------
---------------------------------------------------------------------------------
Start IO Insertion
---------------------------------------------------------------------------------
---------------------------------------------------------------------------------
Start Flattening Before IO Insertion
---------------------------------------------------------------------------------
---------------------------------------------------------------------------------
Finished Flattening Before IO Insertion
---------------------------------------------------------------------------------
---------------------------------------------------------------------------------
Start Final Netlist Cleanup
---------------------------------------------------------------------------------
---------------------------------------------------------------------------------
Finished Final Netlist Cleanup
---------------------------------------------------------------------------------
---------------------------------------------------------------------------------
Finished IO Insertion : Time (s): cpu = 00:00:22 ; elapsed = 00:00:22 . Memory (MB): peak = 2630.172 ; gain = 875.398 ; free physical = 4927 ; free virtual = 15328
---------------------------------------------------------------------------------
---------------------------------------------------------------------------------
Start Renaming Generated Instances
---------------------------------------------------------------------------------
---------------------------------------------------------------------------------
Finished Renaming Generated Instances : Time (s): cpu = 00:00:22 ; elapsed = 00:00:22 . Memory (MB): peak = 2630.172 ; gain = 875.398 ; free physical = 4927 ; free virtual = 15328
---------------------------------------------------------------------------------
---------------------------------------------------------------------------------
Start Rebuilding User Hierarchy
---------------------------------------------------------------------------------
---------------------------------------------------------------------------------
Finished Rebuilding User Hierarchy : Time (s): cpu = 00:00:22 ; elapsed = 00:00:22 . Memory (MB): peak = 2630.172 ; gain = 875.398 ; free physical = 4927 ; free virtual = 15328
---------------------------------------------------------------------------------
---------------------------------------------------------------------------------
Start Renaming Generated Ports
---------------------------------------------------------------------------------
---------------------------------------------------------------------------------
Finished Renaming Generated Ports : Time (s): cpu = 00:00:22 ; elapsed = 00:00:22 . Memory (MB): peak = 2630.172 ; gain = 875.398 ; free physical = 4927 ; free virtual = 15328
---------------------------------------------------------------------------------
---------------------------------------------------------------------------------
Start Handling Custom Attributes
---------------------------------------------------------------------------------
---------------------------------------------------------------------------------
Finished Handling Custom Attributes : Time (s): cpu = 00:00:22 ; elapsed = 00:00:22 . Memory (MB): peak = 2630.172 ; gain = 875.398 ; free physical = 4927 ; free virtual = 15328
---------------------------------------------------------------------------------
---------------------------------------------------------------------------------
Start Renaming Generated Nets
---------------------------------------------------------------------------------
---------------------------------------------------------------------------------
Finished Renaming Generated Nets : Time (s): cpu = 00:00:22 ; elapsed = 00:00:22 . Memory (MB): peak = 2630.172 ; gain = 875.398 ; free physical = 4927 ; free virtual = 15328
---------------------------------------------------------------------------------
---------------------------------------------------------------------------------
Start Writing Synthesis Report
---------------------------------------------------------------------------------

Report BlackBoxes: 
+------+----------------------------------+----------+
|      |BlackBox name                     |Instances |
+------+----------------------------------+----------+
|1     |design_1_AXI_Master_SendData_0_0  |         1|
|2     |design_1_AXI_Slave_ReciveData_0_0 |         1|
|3     |design_1_RuleChecker_0_0          |         1|
|4     |design_1_axi_bram_ctrl_0_0        |         1|
|5     |design_1_axi_dma_0_0              |         1|
|6     |design_1_axi_gpio_0_0             |         1|
|7     |design_1_axi_gpio_1_0             |         1|
|8     |design_1_axi_smc_0                |         1|
|9     |design_1_axis_data_fifo_0_0       |         1|
|10    |design_1_axis_data_fifo_1_0       |         1|
|11    |design_1_blk_mem_gen_0_0          |         1|
|12    |design_1_processing_system7_0_0   |         1|
|13    |design_1_rst_ps7_0_100M_0         |         1|
|14    |design_1_smartconnect_0_0         |         1|
|15    |design_1_system_ila_1_1           |         1|
+------+----------------------------------+----------+

Report Cell Usage: 
+------+--------------------------------+------+
|      |Cell                            |Count |
+------+--------------------------------+------+
|1     |design_1_AXI_Master_SendData_0  |     1|
|2     |design_1_AXI_Slave_ReciveData_0 |     1|
|3     |design_1_RuleChecker_0          |     1|
|4     |design_1_axi_bram_ctrl_0        |     1|
|5     |design_1_axi_dma_0              |     1|
|6     |design_1_axi_gpio_0             |     1|
|7     |design_1_axi_gpio_1             |     1|
|8     |design_1_axi_smc                |     1|
|9     |design_1_axis_data_fifo_0       |     1|
|10    |design_1_axis_data_fifo_1       |     1|
|11    |design_1_blk_mem_gen_0          |     1|
|12    |design_1_processing_system7_0   |     1|
|13    |design_1_rst_ps7_0_100M         |     1|
|14    |design_1_smartconnect_0         |     1|
|15    |design_1_system_ila_1           |     1|
|16    |IBUF                            |     2|
|17    |OBUF                            |     4|
+------+--------------------------------+------+
---------------------------------------------------------------------------------
Finished Writing Synthesis Report : Time (s): cpu = 00:00:22 ; elapsed = 00:00:22 . Memory (MB): peak = 2630.172 ; gain = 875.398 ; free physical = 4927 ; free virtual = 15328
---------------------------------------------------------------------------------
Synthesis finished with 0 errors, 0 critical warnings and 1 warnings.
Synthesis Optimization Runtime : Time (s): cpu = 00:00:20 ; elapsed = 00:00:21 . Memory (MB): peak = 2630.172 ; gain = 826.438 ; free physical = 4927 ; free virtual = 15328
Synthesis Optimization Complete : Time (s): cpu = 00:00:22 ; elapsed = 00:00:22 . Memory (MB): peak = 2630.180 ; gain = 875.398 ; free physical = 4927 ; free virtual = 15328
INFO: [Project 1-571] Translating synthesized netlist
Netlist sorting complete. Time (s): cpu = 00:00:00.01 ; elapsed = 00:00:00.01 . Memory (MB): peak = 2630.180 ; gain = 0.000 ; free physical = 5084 ; free virtual = 15485
INFO: [Project 1-570] Preparing netlist for logic optimization
INFO: [Opt 31-138] Pushed 0 inverter(s) to 0 load pin(s).
Netlist sorting complete. Time (s): cpu = 00:00:00 ; elapsed = 00:00:00 . Memory (MB): peak = 2630.180 ; gain = 0.000 ; free physical = 5083 ; free virtual = 15491
INFO: [Project 1-111] Unisim Transformation Summary:
No Unisim elements were transformed.

Synth Design complete | Checksum: 264e3376
INFO: [Common 17-83] Releasing license: Synthesis
60 Infos, 44 Warnings, 0 Critical Warnings and 0 Errors encountered.
synth_design completed successfully
synth_design: Time (s): cpu = 00:00:35 ; elapsed = 00:00:32 . Memory (MB): peak = 2630.207 ; gain = 1069.309 ; free physical = 5083 ; free virtual = 15491
INFO: [Common 17-2834] synth_design peak Physical Memory [PSS] (MB): overall = 1929.714; main = 1805.209; forked = 272.298
INFO: [Common 17-2834] synth_design peak Virtual Memory [VSS] (MB): overall = 3480.262; main = 2630.176; forked = 963.898
Write ShapeDB Complete: Time (s): cpu = 00:00:00 ; elapsed = 00:00:00 . Memory (MB): peak = 2654.184 ; gain = 0.000 ; free physical = 5083 ; free virtual = 15491
INFO: [Common 17-1381] The checkpoint '/home/paxl/Projects/Licenta/Vivado/AXI_DMA_AND_BRAM/AXI_DMA_TEST/AXI_DMA_TEST.runs/synth_1/design_1_wrapper.dcp' has been generated.
INFO: [Vivado 12-24828] Executing command : report_utilization -file design_1_wrapper_utilization_synth.rpt -pb design_1_wrapper_utilization_synth.pb
INFO: [Common 17-206] Exiting Vivado at Sun Apr  5 22:13:15 2026...
