
*** Running vivado
    with args -log design_1_axi_bram_ctrl_0_0.vds -m64 -product Vivado -mode batch -messageDb vivado.pb -notrace -source design_1_axi_bram_ctrl_0_0.tcl


****** Vivado v2025.1 (64-bit)
  **** SW Build 6140274 on Wed May 21 22:58:25 MDT 2025
  **** IP Build 6138677 on Thu May 22 03:10:11 MDT 2025
  **** SharedData Build 6139179 on Tue May 20 17:58:58 MDT 2025
  **** Start of session at: Sun Apr  5 11:12:36 2026
    ** Copyright 1986-2022 Xilinx, Inc. All Rights Reserved.
    ** Copyright 2022-2025 Advanced Micro Devices, Inc. All Rights Reserved.

source design_1_axi_bram_ctrl_0_0.tcl -notrace
Command: synth_design -top design_1_axi_bram_ctrl_0_0 -part xc7z020clg400-1 -incremental_mode off -mode out_of_context
Starting synth_design
Attempting to get a license for feature 'Synthesis' and/or device 'xc7z020'
INFO: [Common 17-349] Got license for feature 'Synthesis' and/or device 'xc7z020'
INFO: [Device 21-403] Loading part xc7z020clg400-1
INFO: [Synth 8-7079] Multithreading enabled for synth_design using a maximum of 7 processes.
INFO: [Synth 8-7078] Launching helper process for spawning children vivado processes
INFO: [Synth 8-7075] Helper process launched with PID 374521
---------------------------------------------------------------------------------
Starting RTL Elaboration : Time (s): cpu = 00:00:04 ; elapsed = 00:00:04 . Memory (MB): peak = 2127.684 ; gain = 441.711 ; free physical = 3983 ; free virtual = 14035
---------------------------------------------------------------------------------
INFO: [Synth 8-638] synthesizing module 'design_1_axi_bram_ctrl_0_0' [/home/paxl/Projects/Licenta/Vivado/AXI_DMA_AND_BRAM/AXI_DMA_TEST/AXI_DMA_TEST.gen/sources_1/bd/design_1/ip/design_1_axi_bram_ctrl_0_0/synth/design_1_axi_bram_ctrl_0_0.vhd:104]
	Parameter C_BRAM_INST_MODE bound to: EXTERNAL - type: string 
	Parameter C_MEMORY_DEPTH bound to: 2048 - type: integer 
	Parameter C_BRAM_ADDR_WIDTH bound to: 11 - type: integer 
	Parameter C_S_AXI_ADDR_WIDTH bound to: 13 - type: integer 
	Parameter C_S_AXI_DATA_WIDTH bound to: 32 - type: integer 
	Parameter C_S_AXI_ID_WIDTH bound to: 1 - type: integer 
	Parameter C_S_AXI_PROTOCOL bound to: AXI4 - type: string 
	Parameter C_S_AXI_SUPPORTS_NARROW_BURST bound to: 0 - type: integer 
	Parameter C_SINGLE_PORT_BRAM bound to: 1 - type: integer 
	Parameter C_FAMILY bound to: zynq - type: string 
	Parameter C_READ_LATENCY bound to: 2 - type: integer 
	Parameter C_RD_CMD_OPTIMIZATION bound to: 0 - type: integer 
	Parameter C_S_AXI_CTRL_ADDR_WIDTH bound to: 32 - type: integer 
	Parameter C_S_AXI_CTRL_DATA_WIDTH bound to: 32 - type: integer 
	Parameter C_ECC bound to: 0 - type: integer 
	Parameter C_ECC_TYPE bound to: 0 - type: integer 
	Parameter C_FAULT_INJECT bound to: 0 - type: integer 
	Parameter C_ECC_ONOFF_RESET_VALUE bound to: 0 - type: integer 
INFO: [Synth 8-3491] module 'axi_bram_ctrl' declared at '/home/paxl/Projects/Licenta/Vivado/AXI_DMA_AND_BRAM/AXI_DMA_TEST/AXI_DMA_TEST.gen/sources_1/bd/design_1/ipshared/2f03/hdl/axi_bram_ctrl_v4_1_rfs.vhd:31263' bound to instance 'U0' of component 'axi_bram_ctrl' [/home/paxl/Projects/Licenta/Vivado/AXI_DMA_AND_BRAM/AXI_DMA_TEST/AXI_DMA_TEST.gen/sources_1/bd/design_1/ip/design_1_axi_bram_ctrl_0_0/synth/design_1_axi_bram_ctrl_0_0.vhd:260]
INFO: [Synth 8-638] synthesizing module 'axi_bram_ctrl' [/home/paxl/Projects/Licenta/Vivado/AXI_DMA_AND_BRAM/AXI_DMA_TEST/AXI_DMA_TEST.gen/sources_1/bd/design_1/ipshared/2f03/hdl/axi_bram_ctrl_v4_1_rfs.vhd:31434]
INFO: [Synth 8-638] synthesizing module 'axi_bram_ctrl_top' [/home/paxl/Projects/Licenta/Vivado/AXI_DMA_AND_BRAM/AXI_DMA_TEST/AXI_DMA_TEST.gen/sources_1/bd/design_1/ipshared/2f03/hdl/axi_bram_ctrl_v4_1_rfs.vhd:30438]
INFO: [Synth 8-638] synthesizing module 'full_axi' [/home/paxl/Projects/Licenta/Vivado/AXI_DMA_AND_BRAM/AXI_DMA_TEST/AXI_DMA_TEST.gen/sources_1/bd/design_1/ipshared/2f03/hdl/axi_bram_ctrl_v4_1_rfs.vhd:29196]
WARNING: [Synth 8-6774] Null subtype or type declaration found [/home/paxl/Projects/Licenta/Vivado/AXI_DMA_AND_BRAM/AXI_DMA_TEST/AXI_DMA_TEST.gen/sources_1/bd/design_1/ipshared/2f03/hdl/axi_bram_ctrl_v4_1_rfs.vhd:29266]
INFO: [Synth 8-3919] null assignment ignored [/home/paxl/Projects/Licenta/Vivado/AXI_DMA_AND_BRAM/AXI_DMA_TEST/AXI_DMA_TEST.gen/sources_1/bd/design_1/ipshared/2f03/hdl/axi_bram_ctrl_v4_1_rfs.vhd:29266]
INFO: [Synth 8-3919] null assignment ignored [/home/paxl/Projects/Licenta/Vivado/AXI_DMA_AND_BRAM/AXI_DMA_TEST/AXI_DMA_TEST.gen/sources_1/bd/design_1/ipshared/2f03/hdl/axi_bram_ctrl_v4_1_rfs.vhd:29472]
INFO: [Synth 8-638] synthesizing module 'sng_port_arb' [/home/paxl/Projects/Licenta/Vivado/AXI_DMA_AND_BRAM/AXI_DMA_TEST/AXI_DMA_TEST.gen/sources_1/bd/design_1/ipshared/2f03/hdl/axi_bram_ctrl_v4_1_rfs.vhd:11397]
INFO: [Synth 8-256] done synthesizing module 'sng_port_arb' (0#1) [/home/paxl/Projects/Licenta/Vivado/AXI_DMA_AND_BRAM/AXI_DMA_TEST/AXI_DMA_TEST.gen/sources_1/bd/design_1/ipshared/2f03/hdl/axi_bram_ctrl_v4_1_rfs.vhd:11397]
INFO: [Synth 8-638] synthesizing module 'wr_chnl' [/home/paxl/Projects/Licenta/Vivado/AXI_DMA_AND_BRAM/AXI_DMA_TEST/AXI_DMA_TEST.gen/sources_1/bd/design_1/ipshared/2f03/hdl/axi_bram_ctrl_v4_1_rfs.vhd:24080]
INFO: [Synth 8-506] null port 'FaultInjectECC' ignored [/home/paxl/Projects/Licenta/Vivado/AXI_DMA_AND_BRAM/AXI_DMA_TEST/AXI_DMA_TEST.gen/sources_1/bd/design_1/ipshared/2f03/hdl/axi_bram_ctrl_v4_1_rfs.vhd:24047]
INFO: [Synth 8-638] synthesizing module 'wrap_brst' [/home/paxl/Projects/Licenta/Vivado/AXI_DMA_AND_BRAM/AXI_DMA_TEST/AXI_DMA_TEST.gen/sources_1/bd/design_1/ipshared/2f03/hdl/axi_bram_ctrl_v4_1_rfs.vhd:12386]
INFO: [Synth 8-256] done synthesizing module 'wrap_brst' (0#1) [/home/paxl/Projects/Licenta/Vivado/AXI_DMA_AND_BRAM/AXI_DMA_TEST/AXI_DMA_TEST.gen/sources_1/bd/design_1/ipshared/2f03/hdl/axi_bram_ctrl_v4_1_rfs.vhd:12386]
INFO: [Synth 8-638] synthesizing module 'SRL_FIFO' [/home/paxl/Projects/Licenta/Vivado/AXI_DMA_AND_BRAM/AXI_DMA_TEST/AXI_DMA_TEST.gen/sources_1/bd/design_1/ipshared/2f03/hdl/axi_bram_ctrl_v4_1_rfs.vhd:91]
INFO: [Synth 8-3491] module 'FDR' declared at '/home/paxl/InstalledTools/Vivado/2025.1/2025.1/Vivado/scripts/rt/data/unisim_comp.v:44218' bound to instance 'Data_Exists_DFF' of component 'FDR' [/home/paxl/Projects/Licenta/Vivado/AXI_DMA_AND_BRAM/AXI_DMA_TEST/AXI_DMA_TEST.gen/sources_1/bd/design_1/ipshared/2f03/hdl/axi_bram_ctrl_v4_1_rfs.vhd:188]
INFO: [Synth 8-6157] synthesizing module 'FDR' [/home/paxl/InstalledTools/Vivado/2025.1/2025.1/Vivado/scripts/rt/data/unisim_comp.v:44218]
INFO: [Synth 8-6155] done synthesizing module 'FDR' (0#1) [/home/paxl/InstalledTools/Vivado/2025.1/2025.1/Vivado/scripts/rt/data/unisim_comp.v:44218]
INFO: [Synth 8-3491] module 'MUXCY_L' declared at '/home/paxl/InstalledTools/Vivado/2025.1/2025.1/Vivado/scripts/rt/data/unisim_comp.v:95613' bound to instance 'MUXCY_L_I' of component 'MUXCY_L' [/home/paxl/Projects/Licenta/Vivado/AXI_DMA_AND_BRAM/AXI_DMA_TEST/AXI_DMA_TEST.gen/sources_1/bd/design_1/ipshared/2f03/hdl/axi_bram_ctrl_v4_1_rfs.vhd:205]
INFO: [Synth 8-6157] synthesizing module 'MUXCY_L' [/home/paxl/InstalledTools/Vivado/2025.1/2025.1/Vivado/scripts/rt/data/unisim_comp.v:95613]
INFO: [Synth 8-6155] done synthesizing module 'MUXCY_L' (0#1) [/home/paxl/InstalledTools/Vivado/2025.1/2025.1/Vivado/scripts/rt/data/unisim_comp.v:95613]
INFO: [Synth 8-3491] module 'XORCY' declared at '/home/paxl/InstalledTools/Vivado/2025.1/2025.1/Vivado/scripts/rt/data/unisim_comp.v:164593' bound to instance 'XORCY_I' of component 'XORCY' [/home/paxl/Projects/Licenta/Vivado/AXI_DMA_AND_BRAM/AXI_DMA_TEST/AXI_DMA_TEST.gen/sources_1/bd/design_1/ipshared/2f03/hdl/axi_bram_ctrl_v4_1_rfs.vhd:212]
INFO: [Synth 8-6157] synthesizing module 'XORCY' [/home/paxl/InstalledTools/Vivado/2025.1/2025.1/Vivado/scripts/rt/data/unisim_comp.v:164593]
INFO: [Synth 8-6155] done synthesizing module 'XORCY' (0#1) [/home/paxl/InstalledTools/Vivado/2025.1/2025.1/Vivado/scripts/rt/data/unisim_comp.v:164593]
INFO: [Synth 8-3491] module 'FDRE' declared at '/home/paxl/InstalledTools/Vivado/2025.1/2025.1/Vivado/scripts/rt/data/unisim_comp.v:44231' bound to instance 'FDRE_I' of component 'FDRE' [/home/paxl/Projects/Licenta/Vivado/AXI_DMA_AND_BRAM/AXI_DMA_TEST/AXI_DMA_TEST.gen/sources_1/bd/design_1/ipshared/2f03/hdl/axi_bram_ctrl_v4_1_rfs.vhd:218]
INFO: [Synth 8-6157] synthesizing module 'FDRE' [/home/paxl/InstalledTools/Vivado/2025.1/2025.1/Vivado/scripts/rt/data/unisim_comp.v:44231]
INFO: [Synth 8-6155] done synthesizing module 'FDRE' (0#1) [/home/paxl/InstalledTools/Vivado/2025.1/2025.1/Vivado/scripts/rt/data/unisim_comp.v:44231]
INFO: [Synth 8-3491] module 'MUXCY_L' declared at '/home/paxl/InstalledTools/Vivado/2025.1/2025.1/Vivado/scripts/rt/data/unisim_comp.v:95613' bound to instance 'MUXCY_L_I' of component 'MUXCY_L' [/home/paxl/Projects/Licenta/Vivado/AXI_DMA_AND_BRAM/AXI_DMA_TEST/AXI_DMA_TEST.gen/sources_1/bd/design_1/ipshared/2f03/hdl/axi_bram_ctrl_v4_1_rfs.vhd:205]
INFO: [Synth 8-3491] module 'XORCY' declared at '/home/paxl/InstalledTools/Vivado/2025.1/2025.1/Vivado/scripts/rt/data/unisim_comp.v:164593' bound to instance 'XORCY_I' of component 'XORCY' [/home/paxl/Projects/Licenta/Vivado/AXI_DMA_AND_BRAM/AXI_DMA_TEST/AXI_DMA_TEST.gen/sources_1/bd/design_1/ipshared/2f03/hdl/axi_bram_ctrl_v4_1_rfs.vhd:212]
INFO: [Synth 8-3491] module 'FDRE' declared at '/home/paxl/InstalledTools/Vivado/2025.1/2025.1/Vivado/scripts/rt/data/unisim_comp.v:44231' bound to instance 'FDRE_I' of component 'FDRE' [/home/paxl/Projects/Licenta/Vivado/AXI_DMA_AND_BRAM/AXI_DMA_TEST/AXI_DMA_TEST.gen/sources_1/bd/design_1/ipshared/2f03/hdl/axi_bram_ctrl_v4_1_rfs.vhd:218]
INFO: [Synth 8-3491] module 'MUXCY_L' declared at '/home/paxl/InstalledTools/Vivado/2025.1/2025.1/Vivado/scripts/rt/data/unisim_comp.v:95613' bound to instance 'MUXCY_L_I' of component 'MUXCY_L' [/home/paxl/Projects/Licenta/Vivado/AXI_DMA_AND_BRAM/AXI_DMA_TEST/AXI_DMA_TEST.gen/sources_1/bd/design_1/ipshared/2f03/hdl/axi_bram_ctrl_v4_1_rfs.vhd:205]
INFO: [Synth 8-3491] module 'XORCY' declared at '/home/paxl/InstalledTools/Vivado/2025.1/2025.1/Vivado/scripts/rt/data/unisim_comp.v:164593' bound to instance 'XORCY_I' of component 'XORCY' [/home/paxl/Projects/Licenta/Vivado/AXI_DMA_AND_BRAM/AXI_DMA_TEST/AXI_DMA_TEST.gen/sources_1/bd/design_1/ipshared/2f03/hdl/axi_bram_ctrl_v4_1_rfs.vhd:212]
INFO: [Synth 8-3491] module 'FDRE' declared at '/home/paxl/InstalledTools/Vivado/2025.1/2025.1/Vivado/scripts/rt/data/unisim_comp.v:44231' bound to instance 'FDRE_I' of component 'FDRE' [/home/paxl/Projects/Licenta/Vivado/AXI_DMA_AND_BRAM/AXI_DMA_TEST/AXI_DMA_TEST.gen/sources_1/bd/design_1/ipshared/2f03/hdl/axi_bram_ctrl_v4_1_rfs.vhd:218]
INFO: [Synth 8-3491] module 'MUXCY_L' declared at '/home/paxl/InstalledTools/Vivado/2025.1/2025.1/Vivado/scripts/rt/data/unisim_comp.v:95613' bound to instance 'MUXCY_L_I' of component 'MUXCY_L' [/home/paxl/Projects/Licenta/Vivado/AXI_DMA_AND_BRAM/AXI_DMA_TEST/AXI_DMA_TEST.gen/sources_1/bd/design_1/ipshared/2f03/hdl/axi_bram_ctrl_v4_1_rfs.vhd:205]
INFO: [Synth 8-3491] module 'XORCY' declared at '/home/paxl/InstalledTools/Vivado/2025.1/2025.1/Vivado/scripts/rt/data/unisim_comp.v:164593' bound to instance 'XORCY_I' of component 'XORCY' [/home/paxl/Projects/Licenta/Vivado/AXI_DMA_AND_BRAM/AXI_DMA_TEST/AXI_DMA_TEST.gen/sources_1/bd/design_1/ipshared/2f03/hdl/axi_bram_ctrl_v4_1_rfs.vhd:212]
INFO: [Synth 8-3491] module 'FDRE' declared at '/home/paxl/InstalledTools/Vivado/2025.1/2025.1/Vivado/scripts/rt/data/unisim_comp.v:44231' bound to instance 'FDRE_I' of component 'FDRE' [/home/paxl/Projects/Licenta/Vivado/AXI_DMA_AND_BRAM/AXI_DMA_TEST/AXI_DMA_TEST.gen/sources_1/bd/design_1/ipshared/2f03/hdl/axi_bram_ctrl_v4_1_rfs.vhd:218]
INFO: [Synth 8-3491] module 'SRL16E' declared at '/home/paxl/InstalledTools/Vivado/2025.1/2025.1/Vivado/scripts/rt/data/unisim_comp.v:158612' bound to instance 'SRL16E_I' of component 'SRL16E' [/home/paxl/Projects/Licenta/Vivado/AXI_DMA_AND_BRAM/AXI_DMA_TEST/AXI_DMA_TEST.gen/sources_1/bd/design_1/ipshared/2f03/hdl/axi_bram_ctrl_v4_1_rfs.vhd:229]
INFO: [Synth 8-6157] synthesizing module 'SRL16E' [/home/paxl/InstalledTools/Vivado/2025.1/2025.1/Vivado/scripts/rt/data/unisim_comp.v:158612]
INFO: [Synth 8-6155] done synthesizing module 'SRL16E' (0#1) [/home/paxl/InstalledTools/Vivado/2025.1/2025.1/Vivado/scripts/rt/data/unisim_comp.v:158612]
INFO: [Synth 8-256] done synthesizing module 'SRL_FIFO' (0#1) [/home/paxl/Projects/Licenta/Vivado/AXI_DMA_AND_BRAM/AXI_DMA_TEST/AXI_DMA_TEST.gen/sources_1/bd/design_1/ipshared/2f03/hdl/axi_bram_ctrl_v4_1_rfs.vhd:91]
INFO: [Synth 8-256] done synthesizing module 'wr_chnl' (0#1) [/home/paxl/Projects/Licenta/Vivado/AXI_DMA_AND_BRAM/AXI_DMA_TEST/AXI_DMA_TEST.gen/sources_1/bd/design_1/ipshared/2f03/hdl/axi_bram_ctrl_v4_1_rfs.vhd:24080]
WARNING: [Synth 8-6778] Component port with null array found, Will be ignored [/home/paxl/Projects/Licenta/Vivado/AXI_DMA_AND_BRAM/AXI_DMA_TEST/AXI_DMA_TEST.gen/sources_1/bd/design_1/ipshared/2f03/hdl/axi_bram_ctrl_v4_1_rfs.vhd:29936]
INFO: [Synth 8-638] synthesizing module 'rd_chnl' [/home/paxl/Projects/Licenta/Vivado/AXI_DMA_AND_BRAM/AXI_DMA_TEST/AXI_DMA_TEST.gen/sources_1/bd/design_1/ipshared/2f03/hdl/axi_bram_ctrl_v4_1_rfs.vhd:14672]
INFO: [Synth 8-256] done synthesizing module 'rd_chnl' (0#1) [/home/paxl/Projects/Licenta/Vivado/AXI_DMA_AND_BRAM/AXI_DMA_TEST/AXI_DMA_TEST.gen/sources_1/bd/design_1/ipshared/2f03/hdl/axi_bram_ctrl_v4_1_rfs.vhd:14672]
INFO: [Synth 8-256] done synthesizing module 'full_axi' (0#1) [/home/paxl/Projects/Licenta/Vivado/AXI_DMA_AND_BRAM/AXI_DMA_TEST/AXI_DMA_TEST.gen/sources_1/bd/design_1/ipshared/2f03/hdl/axi_bram_ctrl_v4_1_rfs.vhd:29196]
INFO: [Synth 8-256] done synthesizing module 'axi_bram_ctrl_top' (0#1) [/home/paxl/Projects/Licenta/Vivado/AXI_DMA_AND_BRAM/AXI_DMA_TEST/AXI_DMA_TEST.gen/sources_1/bd/design_1/ipshared/2f03/hdl/axi_bram_ctrl_v4_1_rfs.vhd:30438]
INFO: [Synth 8-256] done synthesizing module 'axi_bram_ctrl' (0#1) [/home/paxl/Projects/Licenta/Vivado/AXI_DMA_AND_BRAM/AXI_DMA_TEST/AXI_DMA_TEST.gen/sources_1/bd/design_1/ipshared/2f03/hdl/axi_bram_ctrl_v4_1_rfs.vhd:31434]
INFO: [Synth 8-256] done synthesizing module 'design_1_axi_bram_ctrl_0_0' (0#1) [/home/paxl/Projects/Licenta/Vivado/AXI_DMA_AND_BRAM/AXI_DMA_TEST/AXI_DMA_TEST.gen/sources_1/bd/design_1/ip/design_1_axi_bram_ctrl_0_0/synth/design_1_axi_bram_ctrl_0_0.vhd:104]
WARNING: [Synth 8-6014] Unused sequential element curr_awsize_reg_reg was removed.  [/home/paxl/Projects/Licenta/Vivado/AXI_DMA_AND_BRAM/AXI_DMA_TEST/AXI_DMA_TEST.gen/sources_1/bd/design_1/ipshared/2f03/hdl/axi_bram_ctrl_v4_1_rfs.vhd:25239]
WARNING: [Synth 8-6014] Unused sequential element curr_awlen_reg_1_or_2_reg was removed.  [/home/paxl/Projects/Licenta/Vivado/AXI_DMA_AND_BRAM/AXI_DMA_TEST/AXI_DMA_TEST.gen/sources_1/bd/design_1/ipshared/2f03/hdl/axi_bram_ctrl_v4_1_rfs.vhd:25517]
WARNING: [Synth 8-6014] Unused sequential element GEN_NO_RD_CMD_OPT.axi_arsize_pipe_max_reg was removed.  [/home/paxl/Projects/Licenta/Vivado/AXI_DMA_AND_BRAM/AXI_DMA_TEST/AXI_DMA_TEST.gen/sources_1/bd/design_1/ipshared/2f03/hdl/axi_bram_ctrl_v4_1_rfs.vhd:15432]
WARNING: [Synth 8-6014] Unused sequential element GEN_NO_RD_CMD_OPT.curr_arsize_reg_reg was removed.  [/home/paxl/Projects/Licenta/Vivado/AXI_DMA_AND_BRAM/AXI_DMA_TEST/AXI_DMA_TEST.gen/sources_1/bd/design_1/ipshared/2f03/hdl/axi_bram_ctrl_v4_1_rfs.vhd:15924]
WARNING: [Synth 8-6014] Unused sequential element GEN_NO_RD_CMD_OPT.rd_skid_buf_ld_reg_reg was removed.  [/home/paxl/Projects/Licenta/Vivado/AXI_DMA_AND_BRAM/AXI_DMA_TEST/AXI_DMA_TEST.gen/sources_1/bd/design_1/ipshared/2f03/hdl/axi_bram_ctrl_v4_1_rfs.vhd:19824]
WARNING: [Synth 8-6014] Unused sequential element GEN_NO_RD_CMD_OPT.rddata_mux_sel_reg was removed.  [/home/paxl/Projects/Licenta/Vivado/AXI_DMA_AND_BRAM/AXI_DMA_TEST/AXI_DMA_TEST.gen/sources_1/bd/design_1/ipshared/2f03/hdl/axi_bram_ctrl_v4_1_rfs.vhd:19825]
WARNING: [Synth 8-6014] Unused sequential element GEN_NO_RD_CMD_OPT.no_ar_ack_reg was removed.  [/home/paxl/Projects/Licenta/Vivado/AXI_DMA_AND_BRAM/AXI_DMA_TEST/AXI_DMA_TEST.gen/sources_1/bd/design_1/ipshared/2f03/hdl/axi_bram_ctrl_v4_1_rfs.vhd:19829]
WARNING: [Synth 8-6014] Unused sequential element GEN_NO_RD_CMD_OPT.GEN_RDATA_NO_ECC.rd_skid_buf_reg was removed.  [/home/paxl/Projects/Licenta/Vivado/AXI_DMA_AND_BRAM/AXI_DMA_TEST/AXI_DMA_TEST.gen/sources_1/bd/design_1/ipshared/2f03/hdl/axi_bram_ctrl_v4_1_rfs.vhd:19935]
WARNING: [Synth 8-6014] Unused sequential element GEN_NO_RD_CMD_OPT.do_cmplt_burst_reg was removed.  [/home/paxl/Projects/Licenta/Vivado/AXI_DMA_AND_BRAM/AXI_DMA_TEST/AXI_DMA_TEST.gen/sources_1/bd/design_1/ipshared/2f03/hdl/axi_bram_ctrl_v4_1_rfs.vhd:21170]
WARNING: [Synth 8-7129] Port curr_axlen[7] in module wrap_brst is either unconnected or has no load
WARNING: [Synth 8-7129] Port curr_axlen[6] in module wrap_brst is either unconnected or has no load
WARNING: [Synth 8-7129] Port curr_axlen[5] in module wrap_brst is either unconnected or has no load
WARNING: [Synth 8-7129] Port curr_axlen[4] in module wrap_brst is either unconnected or has no load
WARNING: [Synth 8-7129] Port bram_addr_ld[2] in module wrap_brst is either unconnected or has no load
WARNING: [Synth 8-7129] Port bram_addr_int[12] in module wrap_brst is either unconnected or has no load
WARNING: [Synth 8-7129] Port bram_addr_int[11] in module wrap_brst is either unconnected or has no load
WARNING: [Synth 8-7129] Port bram_addr_int[10] in module wrap_brst is either unconnected or has no load
WARNING: [Synth 8-7129] Port bram_addr_int[9] in module wrap_brst is either unconnected or has no load
WARNING: [Synth 8-7129] Port bram_addr_int[8] in module wrap_brst is either unconnected or has no load
WARNING: [Synth 8-7129] Port bram_addr_int[7] in module wrap_brst is either unconnected or has no load
WARNING: [Synth 8-7129] Port bram_addr_int[6] in module wrap_brst is either unconnected or has no load
WARNING: [Synth 8-7129] Port AXI_ARADDR[1] in module rd_chnl is either unconnected or has no load
WARNING: [Synth 8-7129] Port AXI_ARADDR[0] in module rd_chnl is either unconnected or has no load
WARNING: [Synth 8-7129] Port AXI_ARLOCK in module rd_chnl is either unconnected or has no load
WARNING: [Synth 8-7129] Port AXI_ARCACHE[3] in module rd_chnl is either unconnected or has no load
WARNING: [Synth 8-7129] Port AXI_ARCACHE[2] in module rd_chnl is either unconnected or has no load
WARNING: [Synth 8-7129] Port AXI_ARCACHE[1] in module rd_chnl is either unconnected or has no load
WARNING: [Synth 8-7129] Port AXI_ARCACHE[0] in module rd_chnl is either unconnected or has no load
WARNING: [Synth 8-7129] Port AXI_ARPROT[2] in module rd_chnl is either unconnected or has no load
WARNING: [Synth 8-7129] Port AXI_ARPROT[1] in module rd_chnl is either unconnected or has no load
WARNING: [Synth 8-7129] Port AXI_ARPROT[0] in module rd_chnl is either unconnected or has no load
WARNING: [Synth 8-7129] Port Enable_ECC in module rd_chnl is either unconnected or has no load
WARNING: [Synth 8-7129] Port Sng_arb_Arready in module rd_chnl is either unconnected or has no load
WARNING: [Synth 8-7129] Port AXI_AWADDR[1] in module wr_chnl is either unconnected or has no load
WARNING: [Synth 8-7129] Port AXI_AWADDR[0] in module wr_chnl is either unconnected or has no load
WARNING: [Synth 8-7129] Port AXI_AWLOCK in module wr_chnl is either unconnected or has no load
WARNING: [Synth 8-7129] Port AXI_AWCACHE[3] in module wr_chnl is either unconnected or has no load
WARNING: [Synth 8-7129] Port AXI_AWCACHE[2] in module wr_chnl is either unconnected or has no load
WARNING: [Synth 8-7129] Port AXI_AWCACHE[1] in module wr_chnl is either unconnected or has no load
WARNING: [Synth 8-7129] Port AXI_AWCACHE[0] in module wr_chnl is either unconnected or has no load
WARNING: [Synth 8-7129] Port AXI_AWPROT[2] in module wr_chnl is either unconnected or has no load
WARNING: [Synth 8-7129] Port AXI_AWPROT[1] in module wr_chnl is either unconnected or has no load
WARNING: [Synth 8-7129] Port AXI_AWPROT[0] in module wr_chnl is either unconnected or has no load
WARNING: [Synth 8-7129] Port Enable_ECC in module wr_chnl is either unconnected or has no load
WARNING: [Synth 8-7129] Port FaultInjectData[31] in module wr_chnl is either unconnected or has no load
WARNING: [Synth 8-7129] Port FaultInjectData[30] in module wr_chnl is either unconnected or has no load
WARNING: [Synth 8-7129] Port FaultInjectData[29] in module wr_chnl is either unconnected or has no load
WARNING: [Synth 8-7129] Port FaultInjectData[28] in module wr_chnl is either unconnected or has no load
WARNING: [Synth 8-7129] Port FaultInjectData[27] in module wr_chnl is either unconnected or has no load
WARNING: [Synth 8-7129] Port FaultInjectData[26] in module wr_chnl is either unconnected or has no load
WARNING: [Synth 8-7129] Port FaultInjectData[25] in module wr_chnl is either unconnected or has no load
WARNING: [Synth 8-7129] Port FaultInjectData[24] in module wr_chnl is either unconnected or has no load
WARNING: [Synth 8-7129] Port FaultInjectData[23] in module wr_chnl is either unconnected or has no load
WARNING: [Synth 8-7129] Port FaultInjectData[22] in module wr_chnl is either unconnected or has no load
WARNING: [Synth 8-7129] Port FaultInjectData[21] in module wr_chnl is either unconnected or has no load
WARNING: [Synth 8-7129] Port FaultInjectData[20] in module wr_chnl is either unconnected or has no load
WARNING: [Synth 8-7129] Port FaultInjectData[19] in module wr_chnl is either unconnected or has no load
WARNING: [Synth 8-7129] Port FaultInjectData[18] in module wr_chnl is either unconnected or has no load
WARNING: [Synth 8-7129] Port FaultInjectData[17] in module wr_chnl is either unconnected or has no load
WARNING: [Synth 8-7129] Port FaultInjectData[16] in module wr_chnl is either unconnected or has no load
WARNING: [Synth 8-7129] Port FaultInjectData[15] in module wr_chnl is either unconnected or has no load
WARNING: [Synth 8-7129] Port FaultInjectData[14] in module wr_chnl is either unconnected or has no load
WARNING: [Synth 8-7129] Port FaultInjectData[13] in module wr_chnl is either unconnected or has no load
WARNING: [Synth 8-7129] Port FaultInjectData[12] in module wr_chnl is either unconnected or has no load
WARNING: [Synth 8-7129] Port FaultInjectData[11] in module wr_chnl is either unconnected or has no load
WARNING: [Synth 8-7129] Port FaultInjectData[10] in module wr_chnl is either unconnected or has no load
WARNING: [Synth 8-7129] Port FaultInjectData[9] in module wr_chnl is either unconnected or has no load
WARNING: [Synth 8-7129] Port FaultInjectData[8] in module wr_chnl is either unconnected or has no load
WARNING: [Synth 8-7129] Port FaultInjectData[7] in module wr_chnl is either unconnected or has no load
WARNING: [Synth 8-7129] Port FaultInjectData[6] in module wr_chnl is either unconnected or has no load
WARNING: [Synth 8-7129] Port FaultInjectData[5] in module wr_chnl is either unconnected or has no load
WARNING: [Synth 8-7129] Port FaultInjectData[4] in module wr_chnl is either unconnected or has no load
WARNING: [Synth 8-7129] Port FaultInjectData[3] in module wr_chnl is either unconnected or has no load
WARNING: [Synth 8-7129] Port FaultInjectData[2] in module wr_chnl is either unconnected or has no load
WARNING: [Synth 8-7129] Port FaultInjectData[1] in module wr_chnl is either unconnected or has no load
WARNING: [Synth 8-7129] Port FaultInjectData[0] in module wr_chnl is either unconnected or has no load
WARNING: [Synth 8-7129] Port BRAM_RdData[31] in module wr_chnl is either unconnected or has no load
WARNING: [Synth 8-7129] Port BRAM_RdData[30] in module wr_chnl is either unconnected or has no load
WARNING: [Synth 8-7129] Port BRAM_RdData[29] in module wr_chnl is either unconnected or has no load
WARNING: [Synth 8-7129] Port BRAM_RdData[28] in module wr_chnl is either unconnected or has no load
WARNING: [Synth 8-7129] Port BRAM_RdData[27] in module wr_chnl is either unconnected or has no load
WARNING: [Synth 8-7129] Port BRAM_RdData[26] in module wr_chnl is either unconnected or has no load
WARNING: [Synth 8-7129] Port BRAM_RdData[25] in module wr_chnl is either unconnected or has no load
WARNING: [Synth 8-7129] Port BRAM_RdData[24] in module wr_chnl is either unconnected or has no load
WARNING: [Synth 8-7129] Port BRAM_RdData[23] in module wr_chnl is either unconnected or has no load
WARNING: [Synth 8-7129] Port BRAM_RdData[22] in module wr_chnl is either unconnected or has no load
WARNING: [Synth 8-7129] Port BRAM_RdData[21] in module wr_chnl is either unconnected or has no load
WARNING: [Synth 8-7129] Port BRAM_RdData[20] in module wr_chnl is either unconnected or has no load
WARNING: [Synth 8-7129] Port BRAM_RdData[19] in module wr_chnl is either unconnected or has no load
WARNING: [Synth 8-7129] Port BRAM_RdData[18] in module wr_chnl is either unconnected or has no load
WARNING: [Synth 8-7129] Port BRAM_RdData[17] in module wr_chnl is either unconnected or has no load
WARNING: [Synth 8-7129] Port BRAM_RdData[16] in module wr_chnl is either unconnected or has no load
WARNING: [Synth 8-7129] Port BRAM_RdData[15] in module wr_chnl is either unconnected or has no load
WARNING: [Synth 8-7129] Port BRAM_RdData[14] in module wr_chnl is either unconnected or has no load
WARNING: [Synth 8-7129] Port BRAM_RdData[13] in module wr_chnl is either unconnected or has no load
WARNING: [Synth 8-7129] Port BRAM_RdData[12] in module wr_chnl is either unconnected or has no load
WARNING: [Synth 8-7129] Port BRAM_RdData[11] in module wr_chnl is either unconnected or has no load
WARNING: [Synth 8-7129] Port BRAM_RdData[10] in module wr_chnl is either unconnected or has no load
WARNING: [Synth 8-7129] Port BRAM_RdData[9] in module wr_chnl is either unconnected or has no load
WARNING: [Synth 8-7129] Port BRAM_RdData[8] in module wr_chnl is either unconnected or has no load
WARNING: [Synth 8-7129] Port BRAM_RdData[7] in module wr_chnl is either unconnected or has no load
WARNING: [Synth 8-7129] Port BRAM_RdData[6] in module wr_chnl is either unconnected or has no load
WARNING: [Synth 8-7129] Port BRAM_RdData[5] in module wr_chnl is either unconnected or has no load
WARNING: [Synth 8-7129] Port BRAM_RdData[4] in module wr_chnl is either unconnected or has no load
WARNING: [Synth 8-7129] Port BRAM_RdData[3] in module wr_chnl is either unconnected or has no load
WARNING: [Synth 8-7129] Port BRAM_RdData[2] in module wr_chnl is either unconnected or has no load
WARNING: [Synth 8-7129] Port BRAM_RdData[1] in module wr_chnl is either unconnected or has no load
WARNING: [Synth 8-7129] Port BRAM_RdData[0] in module wr_chnl is either unconnected or has no load
WARNING: [Synth 8-7129] Port AXI_AWADDR[12] in module sng_port_arb is either unconnected or has no load
INFO: [Common 17-14] Message 'Synth 8-7129' appears 100 times and further instances of the messages will be disabled. Use the Tcl command set_msg_config to change the current settings.
---------------------------------------------------------------------------------
Finished RTL Elaboration : Time (s): cpu = 00:00:05 ; elapsed = 00:00:06 . Memory (MB): peak = 2221.652 ; gain = 535.680 ; free physical = 3894 ; free virtual = 13950
---------------------------------------------------------------------------------
---------------------------------------------------------------------------------
Start Handling Custom Attributes
---------------------------------------------------------------------------------
---------------------------------------------------------------------------------
Finished Handling Custom Attributes : Time (s): cpu = 00:00:05 ; elapsed = 00:00:06 . Memory (MB): peak = 2239.465 ; gain = 553.492 ; free physical = 3893 ; free virtual = 13950
---------------------------------------------------------------------------------
---------------------------------------------------------------------------------
Finished RTL Optimization Phase 1 : Time (s): cpu = 00:00:05 ; elapsed = 00:00:06 . Memory (MB): peak = 2239.465 ; gain = 553.492 ; free physical = 3893 ; free virtual = 13950
---------------------------------------------------------------------------------
Netlist sorting complete. Time (s): cpu = 00:00:00.01 ; elapsed = 00:00:00.01 . Memory (MB): peak = 2245.402 ; gain = 0.000 ; free physical = 3890 ; free virtual = 13946
INFO: [Netlist 29-17] Analyzing 9 Unisim elements for replacement
INFO: [Netlist 29-28] Unisim Transformation completed in 0 CPU seconds
INFO: [Project 1-570] Preparing netlist for logic optimization

Processing XDC Constraints
Initializing timing engine
Parsing XDC File [/home/paxl/Projects/Licenta/Vivado/AXI_DMA_AND_BRAM/AXI_DMA_TEST/AXI_DMA_TEST.gen/sources_1/bd/design_1/ip/design_1_axi_bram_ctrl_0_0/design_1_axi_bram_ctrl_0_0_ooc.xdc] for cell 'U0'
Finished Parsing XDC File [/home/paxl/Projects/Licenta/Vivado/AXI_DMA_AND_BRAM/AXI_DMA_TEST/AXI_DMA_TEST.gen/sources_1/bd/design_1/ip/design_1_axi_bram_ctrl_0_0/design_1_axi_bram_ctrl_0_0_ooc.xdc] for cell 'U0'
Parsing XDC File [/home/paxl/Projects/Licenta/Vivado/AXI_DMA_AND_BRAM/AXI_DMA_TEST/AXI_DMA_TEST.runs/design_1_axi_bram_ctrl_0_0_synth_1/dont_touch.xdc]
Finished Parsing XDC File [/home/paxl/Projects/Licenta/Vivado/AXI_DMA_AND_BRAM/AXI_DMA_TEST/AXI_DMA_TEST.runs/design_1_axi_bram_ctrl_0_0_synth_1/dont_touch.xdc]
Completed Processing XDC Constraints

Netlist sorting complete. Time (s): cpu = 00:00:00 ; elapsed = 00:00:00 . Memory (MB): peak = 2362.234 ; gain = 0.000 ; free physical = 3882 ; free virtual = 13954
INFO: [Project 1-111] Unisim Transformation Summary:
  A total of 5 instances were transformed.
  FDR => FDRE: 1 instance 
  MUXCY_L => MUXCY: 4 instances

Constraint Validation Runtime : Time (s): cpu = 00:00:00.03 ; elapsed = 00:00:00.03 . Memory (MB): peak = 2362.270 ; gain = 0.000 ; free physical = 3882 ; free virtual = 13954
INFO: [Designutils 20-5008] Incremental synthesis strategy off
---------------------------------------------------------------------------------
Finished Constraint Validation : Time (s): cpu = 00:00:11 ; elapsed = 00:00:12 . Memory (MB): peak = 2362.270 ; gain = 676.297 ; free physical = 3905 ; free virtual = 13978
---------------------------------------------------------------------------------
---------------------------------------------------------------------------------
Start Loading Part and Timing Information
---------------------------------------------------------------------------------
Loading part: xc7z020clg400-1
---------------------------------------------------------------------------------
Finished Loading Part and Timing Information : Time (s): cpu = 00:00:11 ; elapsed = 00:00:12 . Memory (MB): peak = 2370.238 ; gain = 684.266 ; free physical = 3905 ; free virtual = 13978
---------------------------------------------------------------------------------
---------------------------------------------------------------------------------
Start Applying 'set_property' XDC Constraints
---------------------------------------------------------------------------------
---------------------------------------------------------------------------------
Finished applying 'set_property' XDC Constraints : Time (s): cpu = 00:00:11 ; elapsed = 00:00:12 . Memory (MB): peak = 2370.238 ; gain = 684.266 ; free physical = 3905 ; free virtual = 13978
---------------------------------------------------------------------------------
INFO: [Synth 8-802] inferred FSM for state register 'arb_sm_cs_reg' in module 'sng_port_arb'
INFO: [Synth 8-802] inferred FSM for state register 'GEN_WDATA_SM_NO_ECC_SNG_REG_WREADY.wr_data_sng_sm_cs_reg' in module 'wr_chnl'
INFO: [Synth 8-802] inferred FSM for state register 'GEN_NO_RD_CMD_OPT.rlast_sm_cs_reg' in module 'rd_chnl'
---------------------------------------------------------------------------------------------------
                   State |                     New Encoding |                Previous Encoding 
---------------------------------------------------------------------------------------------------
                    idle |                               00 |                               00
                 wr_data |                               01 |                               10
                 rd_data |                               10 |                               01
---------------------------------------------------------------------------------------------------
INFO: [Synth 8-3354] encoded FSM with state register 'arb_sm_cs_reg' using encoding 'sequential' in module 'sng_port_arb'
---------------------------------------------------------------------------------------------------
                   State |                     New Encoding |                Previous Encoding 
---------------------------------------------------------------------------------------------------
                    idle |                              001 |                               00
            brst_wr_data |                              010 |                               10
             sng_wr_data |                              100 |                               01
---------------------------------------------------------------------------------------------------
INFO: [Synth 8-3354] encoded FSM with state register 'GEN_WDATA_SM_NO_ECC_SNG_REG_WREADY.wr_data_sng_sm_cs_reg' using encoding 'one-hot' in module 'wr_chnl'
---------------------------------------------------------------------------------------------------
                   State |                     New Encoding |                Previous Encoding 
---------------------------------------------------------------------------------------------------
                    idle |                               00 |                              000
        rd_latency_rlast |                               01 |                              001
        w8_2nd_last_data |                               10 |                              011
            w8_last_data |                               11 |                              100
---------------------------------------------------------------------------------------------------
INFO: [Synth 8-3354] encoded FSM with state register 'GEN_NO_RD_CMD_OPT.rlast_sm_cs_reg' using encoding 'sequential' in module 'rd_chnl'
---------------------------------------------------------------------------------
Finished RTL Optimization Phase 2 : Time (s): cpu = 00:00:12 ; elapsed = 00:00:12 . Memory (MB): peak = 2370.238 ; gain = 684.266 ; free physical = 3915 ; free virtual = 13989
---------------------------------------------------------------------------------
---------------------------------------------------------------------------------
Start RTL Component Statistics 
---------------------------------------------------------------------------------
Detailed RTL Component Info : 
+---Adders : 
	   2 Input   11 Bit       Adders := 2     
	   2 Input   10 Bit       Adders := 4     
	   2 Input    9 Bit       Adders := 1     
	   2 Input    8 Bit       Adders := 1     
	   2 Input    3 Bit       Adders := 1     
+---XORs : 
	   2 Input      1 Bit         XORs := 4     
+---Registers : 
	               11 Bit    Registers := 3     
	               10 Bit    Registers := 4     
	                8 Bit    Registers := 2     
	                4 Bit    Registers := 2     
	                3 Bit    Registers := 3     
	                2 Bit    Registers := 2     
	                1 Bit    Registers := 73    
+---Muxes : 
	   2 Input   11 Bit        Muxes := 5     
	   2 Input    8 Bit        Muxes := 3     
	   4 Input    4 Bit        Muxes := 1     
	   2 Input    4 Bit        Muxes := 2     
	   3 Input    3 Bit        Muxes := 1     
	   2 Input    3 Bit        Muxes := 1     
	   3 Input    2 Bit        Muxes := 3     
	   2 Input    2 Bit        Muxes := 9     
	   4 Input    2 Bit        Muxes := 3     
	   2 Input    1 Bit        Muxes := 57    
	   3 Input    1 Bit        Muxes := 15    
	  11 Input    1 Bit        Muxes := 6     
	   4 Input    1 Bit        Muxes := 2     
---------------------------------------------------------------------------------
Finished RTL Component Statistics 
---------------------------------------------------------------------------------
---------------------------------------------------------------------------------
Start Part Resource Summary
---------------------------------------------------------------------------------
Part Resources:
DSPs: 220 (col length:60)
BRAMs: 280 (col length: RAMB18 60 RAMB36 30)
---------------------------------------------------------------------------------
Finished Part Resource Summary
---------------------------------------------------------------------------------
---------------------------------------------------------------------------------
Start Cross Boundary and Area Optimization
---------------------------------------------------------------------------------
WARNING: [Synth 8-7080] Parallel synthesis criteria is not met
WARNING: [Synth 8-6849] Infeasible attribute ram_style = "block" set for RAM "U0/gext_inst.abcv4_0_ext_inst/GEN_AXI4.I_FULL_AXI/I_RD_CHNL/GEN_NO_RD_CMD_OPT.GEN_RDATA_NO_ECC.GEN_RDATA_RL_NO_ECC.rl_rd_buf_reg",trying to implement using LUTRAM
WARNING: [Synth 8-6849] Infeasible attribute ram_style = "block" set for RAM "U0/gext_inst.abcv4_0_ext_inst/GEN_AXI4.I_FULL_AXI/I_RD_CHNL/GEN_NO_RD_CMD_OPT.GEN_RDATA_NO_ECC.GEN_RDATA_RL_NO_ECC.rl_rd_buf_reg",trying to implement using LUTRAM
INFO: [Synth 8-3332] Sequential element (gext_inst.abcv4_0_ext_inst/GEN_AXI4.I_FULL_AXI/I_WR_CHNL/BID_FIFO/Data_Exists_DFF) is unused and will be removed from module axi_bram_ctrl.
INFO: [Synth 8-3332] Sequential element (gext_inst.abcv4_0_ext_inst/GEN_AXI4.I_FULL_AXI/I_WR_CHNL/BID_FIFO/Addr_Counters[0].FDRE_I) is unused and will be removed from module axi_bram_ctrl.
INFO: [Synth 8-3332] Sequential element (gext_inst.abcv4_0_ext_inst/GEN_AXI4.I_FULL_AXI/I_WR_CHNL/BID_FIFO/Addr_Counters[1].FDRE_I) is unused and will be removed from module axi_bram_ctrl.
INFO: [Synth 8-3332] Sequential element (gext_inst.abcv4_0_ext_inst/GEN_AXI4.I_FULL_AXI/I_WR_CHNL/BID_FIFO/Addr_Counters[2].FDRE_I) is unused and will be removed from module axi_bram_ctrl.
INFO: [Synth 8-3332] Sequential element (gext_inst.abcv4_0_ext_inst/GEN_AXI4.I_FULL_AXI/I_WR_CHNL/BID_FIFO/Addr_Counters[3].FDRE_I) is unused and will be removed from module axi_bram_ctrl.
---------------------------------------------------------------------------------
Finished Cross Boundary and Area Optimization : Time (s): cpu = 00:00:14 ; elapsed = 00:00:15 . Memory (MB): peak = 2370.238 ; gain = 684.266 ; free physical = 3914 ; free virtual = 13990
---------------------------------------------------------------------------------
---------------------------------------------------------------------------------
Start ROM, RAM, DSP, Shift Register and Retiming Reporting
---------------------------------------------------------------------------------

Distributed RAM: Preliminary Mapping Report (see note below)
+------------+-------------------------------------------------------------------------------------------------------------------------------+-----------+----------------------+--------------+
|Module Name | RTL Object                                                                                                                    | Inference | Size (Depth x Width) | Primitives   | 
+------------+-------------------------------------------------------------------------------------------------------------------------------+-----------+----------------------+--------------+
|U0          | gext_inst.abcv4_0_ext_inst/GEN_AXI4.I_FULL_AXI/I_RD_CHNL/GEN_NO_RD_CMD_OPT.GEN_RDATA_NO_ECC.GEN_RDATA_RL_NO_ECC.rl_rd_buf_reg | Implied   | 512 x 32             | RAM64M x 55  | 
+------------+-------------------------------------------------------------------------------------------------------------------------------+-----------+----------------------+--------------+

Note: The table above is a preliminary report that shows the Distributed RAMs at the current stage of the synthesis flow. Some Distributed RAMs may be reimplemented as non Distributed RAM primitives later in the synthesis flow. Multiple instantiated RAMs are reported only once.
---------------------------------------------------------------------------------
Finished ROM, RAM, DSP, Shift Register and Retiming Reporting
---------------------------------------------------------------------------------
---------------------------------------------------------------------------------
Start Applying XDC Timing Constraints
---------------------------------------------------------------------------------
---------------------------------------------------------------------------------
Finished Applying XDC Timing Constraints : Time (s): cpu = 00:00:19 ; elapsed = 00:00:20 . Memory (MB): peak = 2396.238 ; gain = 710.266 ; free physical = 3858 ; free virtual = 13941
---------------------------------------------------------------------------------
---------------------------------------------------------------------------------
Start Timing Optimization
---------------------------------------------------------------------------------
---------------------------------------------------------------------------------
Finished Timing Optimization : Time (s): cpu = 00:00:20 ; elapsed = 00:00:21 . Memory (MB): peak = 2435.840 ; gain = 749.867 ; free physical = 3820 ; free virtual = 13903
---------------------------------------------------------------------------------
---------------------------------------------------------------------------------
Start ROM, RAM, DSP, Shift Register and Retiming Reporting
---------------------------------------------------------------------------------

Distributed RAM: Final Mapping Report
+------------+-------------------------------------------------------------------------------------------------------------------------------+-----------+----------------------+--------------+
|Module Name | RTL Object                                                                                                                    | Inference | Size (Depth x Width) | Primitives   | 
+------------+-------------------------------------------------------------------------------------------------------------------------------+-----------+----------------------+--------------+
|U0          | gext_inst.abcv4_0_ext_inst/GEN_AXI4.I_FULL_AXI/I_RD_CHNL/GEN_NO_RD_CMD_OPT.GEN_RDATA_NO_ECC.GEN_RDATA_RL_NO_ECC.rl_rd_buf_reg | Implied   | 512 x 32             | RAM64M x 55  | 
+------------+-------------------------------------------------------------------------------------------------------------------------------+-----------+----------------------+--------------+

---------------------------------------------------------------------------------
Finished ROM, RAM, DSP, Shift Register and Retiming Reporting
---------------------------------------------------------------------------------
---------------------------------------------------------------------------------
Start Technology Mapping
---------------------------------------------------------------------------------
---------------------------------------------------------------------------------
Finished Technology Mapping : Time (s): cpu = 00:00:21 ; elapsed = 00:00:21 . Memory (MB): peak = 2444.855 ; gain = 758.883 ; free physical = 3801 ; free virtual = 13884
---------------------------------------------------------------------------------
---------------------------------------------------------------------------------
Start IO Insertion
---------------------------------------------------------------------------------
---------------------------------------------------------------------------------
Start Flattening Before IO Insertion
---------------------------------------------------------------------------------
---------------------------------------------------------------------------------
Finished Flattening Before IO Insertion
---------------------------------------------------------------------------------
---------------------------------------------------------------------------------
Start Final Netlist Cleanup
---------------------------------------------------------------------------------
---------------------------------------------------------------------------------
Finished Final Netlist Cleanup
---------------------------------------------------------------------------------
---------------------------------------------------------------------------------
Finished IO Insertion : Time (s): cpu = 00:00:24 ; elapsed = 00:00:25 . Memory (MB): peak = 2601.668 ; gain = 915.695 ; free physical = 3662 ; free virtual = 13745
---------------------------------------------------------------------------------
---------------------------------------------------------------------------------
Start Renaming Generated Instances
---------------------------------------------------------------------------------
---------------------------------------------------------------------------------
Finished Renaming Generated Instances : Time (s): cpu = 00:00:24 ; elapsed = 00:00:25 . Memory (MB): peak = 2601.668 ; gain = 915.695 ; free physical = 3662 ; free virtual = 13745
---------------------------------------------------------------------------------
---------------------------------------------------------------------------------
Start Rebuilding User Hierarchy
---------------------------------------------------------------------------------
---------------------------------------------------------------------------------
Finished Rebuilding User Hierarchy : Time (s): cpu = 00:00:24 ; elapsed = 00:00:25 . Memory (MB): peak = 2601.668 ; gain = 915.695 ; free physical = 3662 ; free virtual = 13745
---------------------------------------------------------------------------------
---------------------------------------------------------------------------------
Start Renaming Generated Ports
---------------------------------------------------------------------------------
---------------------------------------------------------------------------------
Finished Renaming Generated Ports : Time (s): cpu = 00:00:24 ; elapsed = 00:00:25 . Memory (MB): peak = 2601.668 ; gain = 915.695 ; free physical = 3662 ; free virtual = 13745
---------------------------------------------------------------------------------
---------------------------------------------------------------------------------
Start Handling Custom Attributes
---------------------------------------------------------------------------------
---------------------------------------------------------------------------------
Finished Handling Custom Attributes : Time (s): cpu = 00:00:24 ; elapsed = 00:00:25 . Memory (MB): peak = 2601.668 ; gain = 915.695 ; free physical = 3662 ; free virtual = 13745
---------------------------------------------------------------------------------
---------------------------------------------------------------------------------
Start Renaming Generated Nets
---------------------------------------------------------------------------------
---------------------------------------------------------------------------------
Finished Renaming Generated Nets : Time (s): cpu = 00:00:24 ; elapsed = 00:00:25 . Memory (MB): peak = 2601.668 ; gain = 915.695 ; free physical = 3662 ; free virtual = 13745
---------------------------------------------------------------------------------
---------------------------------------------------------------------------------
Start Writing Synthesis Report
---------------------------------------------------------------------------------

Report BlackBoxes: 
+-+--------------+----------+
| |BlackBox name |Instances |
+-+--------------+----------+
+-+--------------+----------+

Report Cell Usage: 
+------+-------+------+
|      |Cell   |Count |
+------+-------+------+
|1     |CARRY4 |     3|
|2     |LUT1   |     5|
|3     |LUT2   |    37|
|4     |LUT3   |    35|
|5     |LUT4   |    67|
|6     |LUT5   |    65|
|7     |LUT6   |   144|
|8     |RAM64M |    55|
|9     |FDRE   |   180|
|10    |FDSE   |     1|
+------+-------+------+
---------------------------------------------------------------------------------
Finished Writing Synthesis Report : Time (s): cpu = 00:00:24 ; elapsed = 00:00:25 . Memory (MB): peak = 2601.668 ; gain = 915.695 ; free physical = 3662 ; free virtual = 13745
---------------------------------------------------------------------------------
Synthesis finished with 0 errors, 0 critical warnings and 164 warnings.
Synthesis Optimization Runtime : Time (s): cpu = 00:00:22 ; elapsed = 00:00:23 . Memory (MB): peak = 2601.668 ; gain = 792.891 ; free physical = 3662 ; free virtual = 13745
Synthesis Optimization Complete : Time (s): cpu = 00:00:24 ; elapsed = 00:00:25 . Memory (MB): peak = 2601.676 ; gain = 915.695 ; free physical = 3662 ; free virtual = 13745
INFO: [Project 1-571] Translating synthesized netlist
Netlist sorting complete. Time (s): cpu = 00:00:00.01 ; elapsed = 00:00:00.01 . Memory (MB): peak = 2601.676 ; gain = 0.000 ; free physical = 3662 ; free virtual = 13748
INFO: [Netlist 29-17] Analyzing 58 Unisim elements for replacement
INFO: [Netlist 29-28] Unisim Transformation completed in 0 CPU seconds
INFO: [Project 1-570] Preparing netlist for logic optimization
INFO: [Opt 31-138] Pushed 0 inverter(s) to 0 load pin(s).
Netlist sorting complete. Time (s): cpu = 00:00:00 ; elapsed = 00:00:00 . Memory (MB): peak = 2657.695 ; gain = 0.000 ; free physical = 3822 ; free virtual = 13909
INFO: [Project 1-111] Unisim Transformation Summary:
  A total of 55 instances were transformed.
  RAM64M => RAM64M (RAMD64E(x4)): 55 instances

Synth Design complete | Checksum: 3f57ba93
INFO: [Common 17-83] Releasing license: Synthesis
75 Infos, 114 Warnings, 0 Critical Warnings and 0 Errors encountered.
synth_design completed successfully
synth_design: Time (s): cpu = 00:00:30 ; elapsed = 00:00:29 . Memory (MB): peak = 2657.730 ; gain = 1139.617 ; free physical = 3822 ; free virtual = 13909
INFO: [Common 17-2834] synth_design peak Physical Memory [PSS] (MB): overall = 1976.760; main = 1973.107; forked = 320.148
INFO: [Common 17-2834] synth_design peak Virtual Memory [VSS] (MB): overall = 3374.156; main = 2657.699; forked = 963.898
Write ShapeDB Complete: Time (s): cpu = 00:00:00 ; elapsed = 00:00:00 . Memory (MB): peak = 2681.707 ; gain = 0.000 ; free physical = 3822 ; free virtual = 13909
INFO: [Common 17-1381] The checkpoint '/home/paxl/Projects/Licenta/Vivado/AXI_DMA_AND_BRAM/AXI_DMA_TEST/AXI_DMA_TEST.runs/design_1_axi_bram_ctrl_0_0_synth_1/design_1_axi_bram_ctrl_0_0.dcp' has been generated.
INFO: [Coretcl 2-1648] Added synthesis output to IP cache for IP design_1_axi_bram_ctrl_0_0, cache-ID = 6cd31eeed9982e02
INFO: [Coretcl 2-1174] Renamed 8 cell refs.
Write ShapeDB Complete: Time (s): cpu = 00:00:00 ; elapsed = 00:00:00 . Memory (MB): peak = 2681.707 ; gain = 0.000 ; free physical = 3811 ; free virtual = 13900
INFO: [Common 17-1381] The checkpoint '/home/paxl/Projects/Licenta/Vivado/AXI_DMA_AND_BRAM/AXI_DMA_TEST/AXI_DMA_TEST.runs/design_1_axi_bram_ctrl_0_0_synth_1/design_1_axi_bram_ctrl_0_0.dcp' has been generated.
INFO: [Vivado 12-24828] Executing command : report_utilization -file design_1_axi_bram_ctrl_0_0_utilization_synth.rpt -pb design_1_axi_bram_ctrl_0_0_utilization_synth.pb
INFO: [Common 17-206] Exiting Vivado at Sun Apr  5 11:13:12 2026...
