Vivado Simulator v2025.1.0
Copyright 1986-2022 Xilinx, Inc. All Rights Reserved.
Copyright 2022-2025 Advanced Micro Devices, Inc. All Rights Reserved.
Running: /home/paxl/InstalledTools/Vivado/2025.1/2025.1/Vivado/bin/unwrapped/lnx64.o/xelab --incr --debug typical --relax --mt 8 -L xil_defaultlib -L axi_infrastructure_v1_1_0 -L axi_vip_v1_1_21 -L processing_system7_vip_v1_0_23 -L axi_datamover_v5_1_37 -L axi_sg_v4_1_21 -L axi_dma_v7_1_36 -L axi_lite_ipif_v3_0_4 -L axi_fifo_mm_s_v4_3_7 -L xlconstant_v1_1_10 -L proc_sys_reset_v5_0_17 -L smartconnect_v1_0 -L axi_register_slice_v2_1_35 -L gigantic_mux -L axi_bram_ctrl_v4_1_13 -L blk_mem_gen_v8_4_11 -L uvm -L xilinx_vip -L unisims_ver -L unimacro_ver -L secureip -L xpm --snapshot design_1_wrapper_behav xil_defaultlib.design_1_wrapper xil_defaultlib.glbl -log elaborate.log 
Using 8 slave threads.
WARNING: [XSIM 43-3431] One or more environment variables have been detected which affect the operation of the C compiler. These are typically not set in standard installations and are not tested by AMD, however they may be appropriate for your system, so the flow will attempt to continue.  If errors occur, try running xelab with the "-mt off -v 1" switches to see more information from the C compiler. The following environment variables have been detected:
Starting static elaboration
Pass Through NonSizing Optimizer
WARNING: [VRFC 10-3091] actual bit length 128 differs from formal bit length 64 for port 'WR_DATA_STRB' [/scratch/proj/xbuilds/SWIP/2025.1_0530_0145/infra/XSIM/lin/.cxl.ip/incl/processing_system7_vip_v1_0_23_axi_gp.v:208]
WARNING: [VRFC 10-3091] actual bit length 12 differs from formal bit length 6 for port 'm_axi_bid' [/wrk/ci/prod/2025.1/sw/continuous/3882/output/customer/vivado/data/ip/xilinx/processing_system7_vip_v1_0/hdl/processing_system7_vip_v1_0_vl_rfs.sv:5546]
WARNING: [VRFC 10-3091] actual bit length 12 differs from formal bit length 6 for port 'm_axi_rid' [/wrk/ci/prod/2025.1/sw/continuous/3882/output/customer/vivado/data/ip/xilinx/processing_system7_vip_v1_0/hdl/processing_system7_vip_v1_0_vl_rfs.sv:5564]
WARNING: [VRFC 10-3091] actual bit length 128 differs from formal bit length 64 for port 'WR_DATA_STRB' [/scratch/proj/xbuilds/SWIP/2025.1_0530_0145/infra/XSIM/lin/.cxl.ip/incl/processing_system7_vip_v1_0_23_axi_gp.v:292]
WARNING: [VRFC 10-3091] actual bit length 8 differs from formal bit length 9 for port 'WR_BYTES' [/scratch/proj/xbuilds/SWIP/2025.1_0530_0145/infra/XSIM/lin/.cxl.ip/incl/processing_system7_vip_v1_0_23_axi_hp.v:80]
WARNING: [VRFC 10-3091] actual bit length 8 differs from formal bit length 9 for port 'RD_BYTES' [/scratch/proj/xbuilds/SWIP/2025.1_0530_0145/infra/XSIM/lin/.cxl.ip/incl/processing_system7_vip_v1_0_23_axi_hp.v:89]
WARNING: [VRFC 10-3091] actual bit length 12 differs from formal bit length 6 for port 'm_axi_bid' [/wrk/ci/prod/2025.1/sw/continuous/3882/output/customer/vivado/data/ip/xilinx/processing_system7_vip_v1_0/hdl/processing_system7_vip_v1_0_vl_rfs.sv:10256]
WARNING: [VRFC 10-3091] actual bit length 12 differs from formal bit length 6 for port 'm_axi_rid' [/wrk/ci/prod/2025.1/sw/continuous/3882/output/customer/vivado/data/ip/xilinx/processing_system7_vip_v1_0/hdl/processing_system7_vip_v1_0_vl_rfs.sv:10274]
WARNING: [VRFC 10-3091] actual bit length 32 differs from formal bit length 64 for port 'm_axi_rdata' [/wrk/ci/prod/2025.1/sw/continuous/3882/output/customer/vivado/data/ip/xilinx/processing_system7_vip_v1_0/hdl/processing_system7_vip_v1_0_vl_rfs.sv:10275]
WARNING: [VRFC 10-3091] actual bit length 8 differs from formal bit length 9 for port 'WR_BYTES' [/scratch/proj/xbuilds/SWIP/2025.1_0530_0145/infra/XSIM/lin/.cxl.ip/incl/processing_system7_vip_v1_0_23_axi_hp.v:165]
WARNING: [VRFC 10-3091] actual bit length 8 differs from formal bit length 9 for port 'RD_BYTES' [/scratch/proj/xbuilds/SWIP/2025.1_0530_0145/infra/XSIM/lin/.cxl.ip/incl/processing_system7_vip_v1_0_23_axi_hp.v:174]
WARNING: [VRFC 10-3091] actual bit length 8 differs from formal bit length 9 for port 'WR_BYTES' [/scratch/proj/xbuilds/SWIP/2025.1_0530_0145/infra/XSIM/lin/.cxl.ip/incl/processing_system7_vip_v1_0_23_axi_hp.v:251]
WARNING: [VRFC 10-3091] actual bit length 8 differs from formal bit length 9 for port 'RD_BYTES' [/scratch/proj/xbuilds/SWIP/2025.1_0530_0145/infra/XSIM/lin/.cxl.ip/incl/processing_system7_vip_v1_0_23_axi_hp.v:260]
WARNING: [VRFC 10-3091] actual bit length 8 differs from formal bit length 9 for port 'WR_BYTES' [/scratch/proj/xbuilds/SWIP/2025.1_0530_0145/infra/XSIM/lin/.cxl.ip/incl/processing_system7_vip_v1_0_23_axi_hp.v:337]
WARNING: [VRFC 10-3091] actual bit length 8 differs from formal bit length 9 for port 'RD_BYTES' [/scratch/proj/xbuilds/SWIP/2025.1_0530_0145/infra/XSIM/lin/.cxl.ip/incl/processing_system7_vip_v1_0_23_axi_hp.v:346]
WARNING: [VRFC 10-3091] actual bit length 12 differs from formal bit length 3 for port 'm_axi_bid' [/wrk/ci/prod/2025.1/sw/continuous/3882/output/customer/vivado/data/ip/xilinx/processing_system7_vip_v1_0/hdl/processing_system7_vip_v1_0_vl_rfs.sv:7157]
WARNING: [VRFC 10-3091] actual bit length 12 differs from formal bit length 3 for port 'm_axi_rid' [/wrk/ci/prod/2025.1/sw/continuous/3882/output/customer/vivado/data/ip/xilinx/processing_system7_vip_v1_0/hdl/processing_system7_vip_v1_0_vl_rfs.sv:7175]
WARNING: [VRFC 10-3091] actual bit length 32 differs from formal bit length 64 for port 'm_axi_rdata' [/wrk/ci/prod/2025.1/sw/continuous/3882/output/customer/vivado/data/ip/xilinx/processing_system7_vip_v1_0/hdl/processing_system7_vip_v1_0_vl_rfs.sv:7176]
WARNING: [VRFC 10-3091] actual bit length 32 differs from formal bit length 4 for port 'slot_0_axi_awcache' [/home/paxl/Projects/Licenta/Vivado/AXI_DMA_TEST/AXI_DMA_TEST/AXI_DMA_TEST.ip_user_files/bd/design_1/ip/design_1_system_ila_0_3/bd_0/ip/ip_1/sim/bd_f74c_g_inst_0.v:2190]
WARNING: [VRFC 10-3091] actual bit length 32 differs from formal bit length 4 for port 'slot_0_axi_arcache' [/home/paxl/Projects/Licenta/Vivado/AXI_DMA_TEST/AXI_DMA_TEST/AXI_DMA_TEST.ip_user_files/bd/design_1/ip/design_1_system_ila_0_3/bd_0/ip/ip_1/sim/bd_f74c_g_inst_0.v:2208]
WARNING: [VRFC 10-3091] actual bit length 1 differs from formal bit length 2 for port 'slot_0_axis_tid' [/home/paxl/Projects/Licenta/Vivado/AXI_DMA_TEST/AXI_DMA_TEST/AXI_DMA_TEST.ip_user_files/bd/design_1/ip/design_1_system_ila_0_3/bd_0/ip/ip_1/sim/bd_f74c_g_inst_0.v:2225]
WARNING: [VRFC 10-3091] actual bit length 1 differs from formal bit length 2 for port 'slot_0_axis_tdest' [/home/paxl/Projects/Licenta/Vivado/AXI_DMA_TEST/AXI_DMA_TEST/AXI_DMA_TEST.ip_user_files/bd/design_1/ip/design_1_system_ila_0_3/bd_0/ip/ip_1/sim/bd_f74c_g_inst_0.v:2226]
WARNING: [VRFC 10-3091] actual bit length 1 differs from formal bit length 2 for port 'slot_0_axis_tuser' [/home/paxl/Projects/Licenta/Vivado/AXI_DMA_TEST/AXI_DMA_TEST/AXI_DMA_TEST.ip_user_files/bd/design_1/ip/design_1_system_ila_0_3/bd_0/ip/ip_1/sim/bd_f74c_g_inst_0.v:2227]
WARNING: [VRFC 10-3091] actual bit length 32 differs from formal bit length 4 for port 'slot_1_axi_awcache' [/home/paxl/Projects/Licenta/Vivado/AXI_DMA_TEST/AXI_DMA_TEST/AXI_DMA_TEST.ip_user_files/bd/design_1/ip/design_1_system_ila_0_3/bd_0/ip/ip_1/sim/bd_f74c_g_inst_0.v:2234]
WARNING: [VRFC 10-3091] actual bit length 32 differs from formal bit length 4 for port 'slot_1_axi_arcache' [/home/paxl/Projects/Licenta/Vivado/AXI_DMA_TEST/AXI_DMA_TEST/AXI_DMA_TEST.ip_user_files/bd/design_1/ip/design_1_system_ila_0_3/bd_0/ip/ip_1/sim/bd_f74c_g_inst_0.v:2252]
WARNING: [VRFC 10-3091] actual bit length 1 differs from formal bit length 2 for port 'slot_1_axis_tid' [/home/paxl/Projects/Licenta/Vivado/AXI_DMA_TEST/AXI_DMA_TEST/AXI_DMA_TEST.ip_user_files/bd/design_1/ip/design_1_system_ila_0_3/bd_0/ip/ip_1/sim/bd_f74c_g_inst_0.v:2269]
WARNING: [VRFC 10-3091] actual bit length 1 differs from formal bit length 2 for port 'slot_1_axis_tdest' [/home/paxl/Projects/Licenta/Vivado/AXI_DMA_TEST/AXI_DMA_TEST/AXI_DMA_TEST.ip_user_files/bd/design_1/ip/design_1_system_ila_0_3/bd_0/ip/ip_1/sim/bd_f74c_g_inst_0.v:2270]
WARNING: [VRFC 10-3091] actual bit length 1 differs from formal bit length 2 for port 'slot_1_axis_tuser' [/home/paxl/Projects/Licenta/Vivado/AXI_DMA_TEST/AXI_DMA_TEST/AXI_DMA_TEST.ip_user_files/bd/design_1/ip/design_1_system_ila_0_3/bd_0/ip/ip_1/sim/bd_f74c_g_inst_0.v:2271]
WARNING: [VRFC 10-3091] actual bit length 32 differs from formal bit length 4 for port 'slot_2_axi_awcache' [/home/paxl/Projects/Licenta/Vivado/AXI_DMA_TEST/AXI_DMA_TEST/AXI_DMA_TEST.ip_user_files/bd/design_1/ip/design_1_system_ila_0_3/bd_0/ip/ip_1/sim/bd_f74c_g_inst_0.v:2278]
WARNING: [VRFC 10-3091] actual bit length 32 differs from formal bit length 4 for port 'slot_2_axi_arcache' [/home/paxl/Projects/Licenta/Vivado/AXI_DMA_TEST/AXI_DMA_TEST/AXI_DMA_TEST.ip_user_files/bd/design_1/ip/design_1_system_ila_0_3/bd_0/ip/ip_1/sim/bd_f74c_g_inst_0.v:2296]
WARNING: [VRFC 10-3091] actual bit length 32 differs from formal bit length 4 for port 'slot_3_axi_awcache' [/home/paxl/Projects/Licenta/Vivado/AXI_DMA_TEST/AXI_DMA_TEST/AXI_DMA_TEST.ip_user_files/bd/design_1/ip/design_1_system_ila_0_3/bd_0/ip/ip_1/sim/bd_f74c_g_inst_0.v:2322]
WARNING: [VRFC 10-3091] actual bit length 32 differs from formal bit length 4 for port 'slot_3_axi_arcache' [/home/paxl/Projects/Licenta/Vivado/AXI_DMA_TEST/AXI_DMA_TEST/AXI_DMA_TEST.ip_user_files/bd/design_1/ip/design_1_system_ila_0_3/bd_0/ip/ip_1/sim/bd_f74c_g_inst_0.v:2340]
WARNING: [VRFC 10-3091] actual bit length 32 differs from formal bit length 4 for port 'slot_4_axi_awcache' [/home/paxl/Projects/Licenta/Vivado/AXI_DMA_TEST/AXI_DMA_TEST/AXI_DMA_TEST.ip_user_files/bd/design_1/ip/design_1_system_ila_0_3/bd_0/ip/ip_1/sim/bd_f74c_g_inst_0.v:2366]
WARNING: [VRFC 10-3091] actual bit length 32 differs from formal bit length 4 for port 'slot_4_axi_arcache' [/home/paxl/Projects/Licenta/Vivado/AXI_DMA_TEST/AXI_DMA_TEST/AXI_DMA_TEST.ip_user_files/bd/design_1/ip/design_1_system_ila_0_3/bd_0/ip/ip_1/sim/bd_f74c_g_inst_0.v:2384]
WARNING: [VRFC 10-3091] actual bit length 32 differs from formal bit length 4 for port 'slot_5_axi_awcache' [/home/paxl/Projects/Licenta/Vivado/AXI_DMA_TEST/AXI_DMA_TEST/AXI_DMA_TEST.ip_user_files/bd/design_1/ip/design_1_system_ila_0_3/bd_0/ip/ip_1/sim/bd_f74c_g_inst_0.v:2410]
WARNING: [VRFC 10-3091] actual bit length 32 differs from formal bit length 4 for port 'slot_5_axi_arcache' [/home/paxl/Projects/Licenta/Vivado/AXI_DMA_TEST/AXI_DMA_TEST/AXI_DMA_TEST.ip_user_files/bd/design_1/ip/design_1_system_ila_0_3/bd_0/ip/ip_1/sim/bd_f74c_g_inst_0.v:2428]
WARNING: [VRFC 10-3091] actual bit length 32 differs from formal bit length 4 for port 'slot_6_axi_awcache' [/home/paxl/Projects/Licenta/Vivado/AXI_DMA_TEST/AXI_DMA_TEST/AXI_DMA_TEST.ip_user_files/bd/design_1/ip/design_1_system_ila_0_3/bd_0/ip/ip_1/sim/bd_f74c_g_inst_0.v:2454]
WARNING: [VRFC 10-3091] actual bit length 32 differs from formal bit length 4 for port 'slot_6_axi_arcache' [/home/paxl/Projects/Licenta/Vivado/AXI_DMA_TEST/AXI_DMA_TEST/AXI_DMA_TEST.ip_user_files/bd/design_1/ip/design_1_system_ila_0_3/bd_0/ip/ip_1/sim/bd_f74c_g_inst_0.v:2472]
WARNING: [VRFC 10-3091] actual bit length 32 differs from formal bit length 4 for port 'slot_7_axi_awcache' [/home/paxl/Projects/Licenta/Vivado/AXI_DMA_TEST/AXI_DMA_TEST/AXI_DMA_TEST.ip_user_files/bd/design_1/ip/design_1_system_ila_0_3/bd_0/ip/ip_1/sim/bd_f74c_g_inst_0.v:2498]
WARNING: [VRFC 10-3091] actual bit length 32 differs from formal bit length 4 for port 'slot_7_axi_arcache' [/home/paxl/Projects/Licenta/Vivado/AXI_DMA_TEST/AXI_DMA_TEST/AXI_DMA_TEST.ip_user_files/bd/design_1/ip/design_1_system_ila_0_3/bd_0/ip/ip_1/sim/bd_f74c_g_inst_0.v:2516]
WARNING: [VRFC 10-3091] actual bit length 32 differs from formal bit length 4 for port 'slot_8_axi_awcache' [/home/paxl/Projects/Licenta/Vivado/AXI_DMA_TEST/AXI_DMA_TEST/AXI_DMA_TEST.ip_user_files/bd/design_1/ip/design_1_system_ila_0_3/bd_0/ip/ip_1/sim/bd_f74c_g_inst_0.v:2542]
WARNING: [VRFC 10-3091] actual bit length 32 differs from formal bit length 4 for port 'slot_8_axi_arcache' [/home/paxl/Projects/Licenta/Vivado/AXI_DMA_TEST/AXI_DMA_TEST/AXI_DMA_TEST.ip_user_files/bd/design_1/ip/design_1_system_ila_0_3/bd_0/ip/ip_1/sim/bd_f74c_g_inst_0.v:2560]
WARNING: [VRFC 10-3091] actual bit length 32 differs from formal bit length 4 for port 'slot_9_axi_awcache' [/home/paxl/Projects/Licenta/Vivado/AXI_DMA_TEST/AXI_DMA_TEST/AXI_DMA_TEST.ip_user_files/bd/design_1/ip/design_1_system_ila_0_3/bd_0/ip/ip_1/sim/bd_f74c_g_inst_0.v:2586]
WARNING: [VRFC 10-3091] actual bit length 3 differs from formal bit length 4 for port 'slot_9_axi_wstrb' [/home/paxl/Projects/Licenta/Vivado/AXI_DMA_TEST/AXI_DMA_TEST/AXI_DMA_TEST.ip_user_files/bd/design_1/ip/design_1_system_ila_0_3/bd_0/ip/ip_1/sim/bd_f74c_g_inst_0.v:2591]
WARNING: [VRFC 10-3091] actual bit length 32 differs from formal bit length 4 for port 'slot_9_axi_arcache' [/home/paxl/Projects/Licenta/Vivado/AXI_DMA_TEST/AXI_DMA_TEST/AXI_DMA_TEST.ip_user_files/bd/design_1/ip/design_1_system_ila_0_3/bd_0/ip/ip_1/sim/bd_f74c_g_inst_0.v:2604]
WARNING: [VRFC 10-3091] actual bit length 3 differs from formal bit length 4 for port 'slot_9_axis_tstrb' [/home/paxl/Projects/Licenta/Vivado/AXI_DMA_TEST/AXI_DMA_TEST/AXI_DMA_TEST.ip_user_files/bd/design_1/ip/design_1_system_ila_0_3/bd_0/ip/ip_1/sim/bd_f74c_g_inst_0.v:2618]
WARNING: [VRFC 10-3091] actual bit length 3 differs from formal bit length 4 for port 'slot_9_axis_tkeep' [/home/paxl/Projects/Licenta/Vivado/AXI_DMA_TEST/AXI_DMA_TEST/AXI_DMA_TEST.ip_user_files/bd/design_1/ip/design_1_system_ila_0_3/bd_0/ip/ip_1/sim/bd_f74c_g_inst_0.v:2619]
WARNING: [VRFC 10-3091] actual bit length 32 differs from formal bit length 4 for port 'slot_10_axi_awcache' [/home/paxl/Projects/Licenta/Vivado/AXI_DMA_TEST/AXI_DMA_TEST/AXI_DMA_TEST.ip_user_files/bd/design_1/ip/design_1_system_ila_0_3/bd_0/ip/ip_1/sim/bd_f74c_g_inst_0.v:2630]
WARNING: [VRFC 10-3091] actual bit length 32 differs from formal bit length 4 for port 'slot_10_axi_arcache' [/home/paxl/Projects/Licenta/Vivado/AXI_DMA_TEST/AXI_DMA_TEST/AXI_DMA_TEST.ip_user_files/bd/design_1/ip/design_1_system_ila_0_3/bd_0/ip/ip_1/sim/bd_f74c_g_inst_0.v:2648]
WARNING: [VRFC 10-3091] actual bit length 32 differs from formal bit length 4 for port 'slot_11_axi_awcache' [/home/paxl/Projects/Licenta/Vivado/AXI_DMA_TEST/AXI_DMA_TEST/AXI_DMA_TEST.ip_user_files/bd/design_1/ip/design_1_system_ila_0_3/bd_0/ip/ip_1/sim/bd_f74c_g_inst_0.v:2674]
WARNING: [VRFC 10-3091] actual bit length 32 differs from formal bit length 4 for port 'slot_11_axi_arcache' [/home/paxl/Projects/Licenta/Vivado/AXI_DMA_TEST/AXI_DMA_TEST/AXI_DMA_TEST.ip_user_files/bd/design_1/ip/design_1_system_ila_0_3/bd_0/ip/ip_1/sim/bd_f74c_g_inst_0.v:2692]
WARNING: [VRFC 10-3091] actual bit length 32 differs from formal bit length 4 for port 'slot_12_axi_awcache' [/home/paxl/Projects/Licenta/Vivado/AXI_DMA_TEST/AXI_DMA_TEST/AXI_DMA_TEST.ip_user_files/bd/design_1/ip/design_1_system_ila_0_3/bd_0/ip/ip_1/sim/bd_f74c_g_inst_0.v:2718]
WARNING: [VRFC 10-3091] actual bit length 32 differs from formal bit length 4 for port 'slot_12_axi_arcache' [/home/paxl/Projects/Licenta/Vivado/AXI_DMA_TEST/AXI_DMA_TEST/AXI_DMA_TEST.ip_user_files/bd/design_1/ip/design_1_system_ila_0_3/bd_0/ip/ip_1/sim/bd_f74c_g_inst_0.v:2736]
WARNING: [VRFC 10-3091] actual bit length 32 differs from formal bit length 4 for port 'slot_13_axi_awcache' [/home/paxl/Projects/Licenta/Vivado/AXI_DMA_TEST/AXI_DMA_TEST/AXI_DMA_TEST.ip_user_files/bd/design_1/ip/design_1_system_ila_0_3/bd_0/ip/ip_1/sim/bd_f74c_g_inst_0.v:2762]
WARNING: [VRFC 10-3091] actual bit length 32 differs from formal bit length 4 for port 'slot_13_axi_arcache' [/home/paxl/Projects/Licenta/Vivado/AXI_DMA_TEST/AXI_DMA_TEST/AXI_DMA_TEST.ip_user_files/bd/design_1/ip/design_1_system_ila_0_3/bd_0/ip/ip_1/sim/bd_f74c_g_inst_0.v:2780]
WARNING: [VRFC 10-3091] actual bit length 32 differs from formal bit length 4 for port 'slot_14_axi_awcache' [/home/paxl/Projects/Licenta/Vivado/AXI_DMA_TEST/AXI_DMA_TEST/AXI_DMA_TEST.ip_user_files/bd/design_1/ip/design_1_system_ila_0_3/bd_0/ip/ip_1/sim/bd_f74c_g_inst_0.v:2806]
WARNING: [VRFC 10-3091] actual bit length 32 differs from formal bit length 4 for port 'slot_14_axi_arcache' [/home/paxl/Projects/Licenta/Vivado/AXI_DMA_TEST/AXI_DMA_TEST/AXI_DMA_TEST.ip_user_files/bd/design_1/ip/design_1_system_ila_0_3/bd_0/ip/ip_1/sim/bd_f74c_g_inst_0.v:2824]
WARNING: [VRFC 10-3091] actual bit length 32 differs from formal bit length 4 for port 'slot_15_axi_awcache' [/home/paxl/Projects/Licenta/Vivado/AXI_DMA_TEST/AXI_DMA_TEST/AXI_DMA_TEST.ip_user_files/bd/design_1/ip/design_1_system_ila_0_3/bd_0/ip/ip_1/sim/bd_f74c_g_inst_0.v:2850]
WARNING: [VRFC 10-3091] actual bit length 32 differs from formal bit length 4 for port 'slot_15_axi_arcache' [/home/paxl/Projects/Licenta/Vivado/AXI_DMA_TEST/AXI_DMA_TEST/AXI_DMA_TEST.ip_user_files/bd/design_1/ip/design_1_system_ila_0_3/bd_0/ip/ip_1/sim/bd_f74c_g_inst_0.v:2868]
WARNING: [VRFC 10-3091] actual bit length 16 differs from formal bit length 2 for port 'sel' [/home/paxl/Projects/Licenta/Vivado/AXI_DMA_TEST/AXI_DMA_TEST/AXI_DMA_TEST.ip_user_files/bd/design_1/ip/design_1_system_ila_0_3/bd_0/ip/ip_1/sim/bd_f74c_g_inst_0.v:3768]
WARNING: [VRFC 10-5021] port 'mm2s_prmry_reset_out_n' is not connected on this instance [/home/paxl/Projects/Licenta/Vivado/AXI_DMA_TEST/AXI_DMA_TEST/AXI_DMA_TEST.ip_user_files/bd/design_1/sim/design_1.v:328]
WARNING: [VRFC 10-5021] port 'interrupt' is not connected on this instance [/home/paxl/Projects/Licenta/Vivado/AXI_DMA_TEST/AXI_DMA_TEST/AXI_DMA_TEST.ip_user_files/bd/design_1/sim/design_1.v:366]
WARNING: [VRFC 10-5021] port 'mb_reset' is not connected on this instance [/home/paxl/Projects/Licenta/Vivado/AXI_DMA_TEST/AXI_DMA_TEST/AXI_DMA_TEST.ip_user_files/bd/design_1/sim/design_1.v:649]
WARNING: [VRFC 10-5021] port 'mb_reset' is not connected on this instance [/home/paxl/Projects/Licenta/Vivado/AXI_DMA_TEST/AXI_DMA_TEST/AXI_DMA_TEST.ip_user_files/bd/design_1/ip/design_1_axi_smc_0/bd_0/sim/bd_afc3.v:1626]
WARNING: [VRFC 10-5021] port 'ENET0_GMII_RXD' is not connected on this instance [/home/paxl/Projects/Licenta/Vivado/AXI_DMA_TEST/AXI_DMA_TEST/AXI_DMA_TEST.ip_user_files/bd/design_1/ip/design_1_processing_system7_0_0/sim/design_1_processing_system7_0_0.v:359]
WARNING: [VRFC 10-3129] assignment to input 'wr_dv_ocm_gp0' [/wrk/ci/prod/2025.1/sw/continuous/3882/output/customer/vivado/data/ip/xilinx/processing_system7_vip_v1_0/hdl/processing_system7_vip_v1_0_vl_rfs.sv:4372]
WARNING: [VRFC 10-3129] assignment to input 'wr_dv_ddr_gp0' [/wrk/ci/prod/2025.1/sw/continuous/3882/output/customer/vivado/data/ip/xilinx/processing_system7_vip_v1_0/hdl/processing_system7_vip_v1_0_vl_rfs.sv:4373]
WARNING: [VRFC 10-3129] assignment to input 'wr_dv_ocm_gp1' [/wrk/ci/prod/2025.1/sw/continuous/3882/output/customer/vivado/data/ip/xilinx/processing_system7_vip_v1_0/hdl/processing_system7_vip_v1_0_vl_rfs.sv:4394]
WARNING: [VRFC 10-3129] assignment to input 'wr_dv_ddr_gp1' [/wrk/ci/prod/2025.1/sw/continuous/3882/output/customer/vivado/data/ip/xilinx/processing_system7_vip_v1_0/hdl/processing_system7_vip_v1_0_vl_rfs.sv:4395]
WARNING: [VRFC 10-3129] assignment to input 'wr_dv_ddr_hp0' [/wrk/ci/prod/2025.1/sw/continuous/3882/output/customer/vivado/data/ip/xilinx/processing_system7_vip_v1_0/hdl/processing_system7_vip_v1_0_vl_rfs.sv:4465]
WARNING: [VRFC 10-3129] assignment to input 'wr_dv_ddr_hp1' [/wrk/ci/prod/2025.1/sw/continuous/3882/output/customer/vivado/data/ip/xilinx/processing_system7_vip_v1_0/hdl/processing_system7_vip_v1_0_vl_rfs.sv:4483]
WARNING: [VRFC 10-3129] assignment to input 'wr_dv_ddr_hp2' [/wrk/ci/prod/2025.1/sw/continuous/3882/output/customer/vivado/data/ip/xilinx/processing_system7_vip_v1_0/hdl/processing_system7_vip_v1_0_vl_rfs.sv:4501]
WARNING: [VRFC 10-3129] assignment to input 'wr_dv_ddr_hp3' [/wrk/ci/prod/2025.1/sw/continuous/3882/output/customer/vivado/data/ip/xilinx/processing_system7_vip_v1_0/hdl/processing_system7_vip_v1_0_vl_rfs.sv:4519]
WARNING: [VRFC 10-3129] assignment to input 'ddr_wr_qos' [/wrk/ci/prod/2025.1/sw/continuous/3882/output/customer/vivado/data/ip/xilinx/processing_system7_vip_v1_0/hdl/processing_system7_vip_v1_0_vl_rfs.sv:1253]
WARNING: [VRFC 10-3129] assignment to input 'ddr_rd_qos' [/wrk/ci/prod/2025.1/sw/continuous/3882/output/customer/vivado/data/ip/xilinx/processing_system7_vip_v1_0/hdl/processing_system7_vip_v1_0_vl_rfs.sv:1276]
WARNING: [VRFC 10-3129] assignment to input 'ddr_wr_qos' [/wrk/ci/prod/2025.1/sw/continuous/3882/output/customer/vivado/data/ip/xilinx/processing_system7_vip_v1_0/hdl/processing_system7_vip_v1_0_vl_rfs.sv:1091]
WARNING: [VRFC 10-3129] assignment to input 'ddr_rd_qos' [/wrk/ci/prod/2025.1/sw/continuous/3882/output/customer/vivado/data/ip/xilinx/processing_system7_vip_v1_0/hdl/processing_system7_vip_v1_0_vl_rfs.sv:1115]
WARNING: [VRFC 10-3027] 'ocm_wr_strb_port0' was previously declared with a different range [/wrk/ci/prod/2025.1/sw/continuous/3882/output/customer/vivado/data/ip/xilinx/processing_system7_vip_v1_0/hdl/processing_system7_vip_v1_0_vl_rfs.sv:3809]
WARNING: [VRFC 10-5021] port 'mb_reset' is not connected on this instance [/home/paxl/Projects/Licenta/Vivado/AXI_DMA_TEST/AXI_DMA_TEST/AXI_DMA_TEST.ip_user_files/bd/design_1/ip/design_1_smartconnect_0_0/bd_0/sim/bd_48ac.v:648]
WARNING: [VRFC 10-3705] select index 64 into 'wrp_strb' is out of bounds [/wrk/ci/prod/2025.1/sw/continuous/3882/output/customer/vivado/data/ip/xilinx/processing_system7_vip_v1_0/hdl/processing_system7_vip_v1_0_vl_rfs.sv:6134]
WARNING: [VRFC 10-3705] select index 128 into 'wrp_strb' is out of bounds [/wrk/ci/prod/2025.1/sw/continuous/3882/output/customer/vivado/data/ip/xilinx/processing_system7_vip_v1_0/hdl/processing_system7_vip_v1_0_vl_rfs.sv:10898]
WARNING: [VRFC 10-3705] select index 128 into 'wrp_strb' is out of bounds [/wrk/ci/prod/2025.1/sw/continuous/3882/output/customer/vivado/data/ip/xilinx/processing_system7_vip_v1_0/hdl/processing_system7_vip_v1_0_vl_rfs.sv:7772]
WARNING: [VRFC 10-3705] select index 4 into 'wr_fifo_rd_ptr' is out of bounds [/wrk/ci/prod/2025.1/sw/continuous/3882/output/customer/vivado/data/ip/xilinx/processing_system7_vip_v1_0/hdl/processing_system7_vip_v1_0_vl_rfs.sv:7985]
WARNING: [VRFC 10-3705] select index 4 into 'ar_cnt' is out of bounds [/wrk/ci/prod/2025.1/sw/continuous/3882/output/customer/vivado/data/ip/xilinx/processing_system7_vip_v1_0/hdl/processing_system7_vip_v1_0_vl_rfs.sv:8124]
WARNING: [VRFC 10-3705] select index 4 into 'wr_rresp_cnt' is out of bounds [/wrk/ci/prod/2025.1/sw/continuous/3882/output/customer/vivado/data/ip/xilinx/processing_system7_vip_v1_0/hdl/processing_system7_vip_v1_0_vl_rfs.sv:8221]
WARNING: [VRFC 10-3705] select index 4 into 'rd_fifo_wr_ptr' is out of bounds [/wrk/ci/prod/2025.1/sw/continuous/3882/output/customer/vivado/data/ip/xilinx/processing_system7_vip_v1_0/hdl/processing_system7_vip_v1_0_vl_rfs.sv:8240]
WARNING: [VRFC 10-3705] select index 4 into 'rd_cnt' is out of bounds [/wrk/ci/prod/2025.1/sw/continuous/3882/output/customer/vivado/data/ip/xilinx/processing_system7_vip_v1_0/hdl/processing_system7_vip_v1_0_vl_rfs.sv:8381]
WARNING: [VRFC 10-3705] select index 4 into 'rresp_time_cnt' is out of bounds [/wrk/ci/prod/2025.1/sw/continuous/3882/output/customer/vivado/data/ip/xilinx/processing_system7_vip_v1_0/hdl/processing_system7_vip_v1_0_vl_rfs.sv:8386]
WARNING: [VRFC 10-3705] select index 4 into 'rd_fifo_rd_ptr' is out of bounds [/wrk/ci/prod/2025.1/sw/continuous/3882/output/customer/vivado/data/ip/xilinx/processing_system7_vip_v1_0/hdl/processing_system7_vip_v1_0_vl_rfs.sv:8391]
Completed static elaboration
INFO: [XSIM 43-4323] No Change in HDL. Linking previously generated obj files to create kernel
